{"E:\\Work Work\\Ki 9\\capstone-back-end\\app.js":{"path":"E:\\Work Work\\Ki 9\\capstone-back-end\\app.js","statementMap":{"0":{"start":{"line":4,"column":16},"end":{"line":4,"column":34}},"1":{"start":{"line":5,"column":12},"end":{"line":5,"column":35}},"2":{"start":{"line":6,"column":20},"end":{"line":6,"column":42}},"3":{"start":{"line":7,"column":16},"end":{"line":7,"column":42}},"4":{"start":{"line":8,"column":19},"end":{"line":8,"column":41}},"5":{"start":{"line":9,"column":15},"end":{"line":9,"column":32}},"6":{"start":{"line":10,"column":14},"end":{"line":10,"column":30}},"7":{"start":{"line":11,"column":21},"end":{"line":11,"column":44}},"8":{"start":{"line":12,"column":14},"end":{"line":12,"column":30}},"9":{"start":{"line":13,"column":15},"end":{"line":13,"column":32}},"10":{"start":{"line":14,"column":19},"end":{"line":14,"column":52}},"11":{"start":{"line":15,"column":14},"end":{"line":15,"column":38}},"12":{"start":{"line":16,"column":13},"end":{"line":16,"column":28}},"13":{"start":{"line":17,"column":17},"end":{"line":17,"column":36}},"14":{"start":{"line":18,"column":17},"end":{"line":18,"column":36}},"15":{"start":{"line":19,"column":29},"end":{"line":19,"column":62}},"16":{"start":{"line":20,"column":13},"end":{"line":20,"column":44}},"17":{"start":{"line":21,"column":12},"end":{"line":21,"column":27}},"18":{"start":{"line":26,"column":0},"end":{"line":26,"column":32}},"19":{"start":{"line":31,"column":23},"end":{"line":31,"column":52}},"20":{"start":{"line":32,"column":23},"end":{"line":32,"column":52}},"21":{"start":{"line":33,"column":24},"end":{"line":33,"column":64}},"22":{"start":{"line":34,"column":25},"end":{"line":34,"column":66}},"23":{"start":{"line":35,"column":26},"end":{"line":35,"column":68}},"24":{"start":{"line":36,"column":28},"end":{"line":36,"column":72}},"25":{"start":{"line":37,"column":23},"end":{"line":37,"column":62}},"26":{"start":{"line":38,"column":22},"end":{"line":38,"column":60}},"27":{"start":{"line":39,"column":26},"end":{"line":39,"column":68}},"28":{"start":{"line":40,"column":29},"end":{"line":40,"column":74}},"29":{"start":{"line":41,"column":25},"end":{"line":41,"column":64}},"30":{"start":{"line":42,"column":25},"end":{"line":42,"column":66}},"31":{"start":{"line":43,"column":22},"end":{"line":43,"column":60}},"32":{"start":{"line":48,"column":23},"end":{"line":48,"column":51}},"33":{"start":{"line":53,"column":12},"end":{"line":53,"column":21}},"34":{"start":{"line":58,"column":0},"end":{"line":58,"column":40}},"35":{"start":{"line":59,"column":0},"end":{"line":59,"column":37}},"36":{"start":{"line":60,"column":0},"end":{"line":60,"column":38}},"37":{"start":{"line":61,"column":0},"end":{"line":61,"column":41}},"38":{"start":{"line":62,"column":0},"end":{"line":62,"column":42}},"39":{"start":{"line":64,"column":0},"end":{"line":70,"column":7}},"40":{"start":{"line":65,"column":4},"end":{"line":65,"column":52}},"41":{"start":{"line":67,"column":6},"end":{"line":67,"column":25}},"42":{"start":{"line":68,"column":6},"end":{"line":68,"column":103}},"43":{"start":{"line":69,"column":6},"end":{"line":69,"column":21}},"44":{"start":{"line":74,"column":18},"end":{"line":76,"column":21}},"45":{"start":{"line":77,"column":0},"end":{"line":77,"column":27}},"46":{"start":{"line":79,"column":0},"end":{"line":84,"column":3}},"47":{"start":{"line":80,"column":2},"end":{"line":80,"column":49}},"48":{"start":{"line":81,"column":2},"end":{"line":81,"column":50}},"49":{"start":{"line":82,"column":2},"end":{"line":82,"column":50}},"50":{"start":{"line":83,"column":2},"end":{"line":83,"column":9}},"51":{"start":{"line":89,"column":0},"end":{"line":89,"column":62}},"52":{"start":{"line":90,"column":0},"end":{"line":90,"column":79}},"53":{"start":{"line":91,"column":0},"end":{"line":91,"column":48}},"54":{"start":{"line":92,"column":0},"end":{"line":92,"column":30}},"55":{"start":{"line":93,"column":0},"end":{"line":93,"column":32}},"56":{"start":{"line":94,"column":0},"end":{"line":94,"column":23}},"57":{"start":{"line":95,"column":0},"end":{"line":98,"column":4}},"58":{"start":{"line":99,"column":0},"end":{"line":99,"column":23}},"59":{"start":{"line":100,"column":0},"end":{"line":100,"column":55}},"60":{"start":{"line":101,"column":0},"end":{"line":101,"column":51}},"61":{"start":{"line":102,"column":0},"end":{"line":111,"column":4}},"62":{"start":{"line":113,"column":0},"end":{"line":113,"column":31}},"63":{"start":{"line":114,"column":0},"end":{"line":114,"column":28}},"64":{"start":{"line":115,"column":0},"end":{"line":115,"column":17}},"65":{"start":{"line":117,"column":0},"end":{"line":117,"column":36}},"66":{"start":{"line":118,"column":0},"end":{"line":118,"column":35}},"67":{"start":{"line":119,"column":0},"end":{"line":119,"column":28}},"68":{"start":{"line":120,"column":0},"end":{"line":123,"column":3}},"69":{"start":{"line":121,"column":2},"end":{"line":121,"column":29}},"70":{"start":{"line":122,"column":2},"end":{"line":122,"column":9}},"71":{"start":{"line":124,"column":0},"end":{"line":137,"column":3}},"72":{"start":{"line":126,"column":2},"end":{"line":135,"column":3}},"73":{"start":{"line":131,"column":4},"end":{"line":131,"column":43}},"74":{"start":{"line":132,"column":9},"end":{"line":135,"column":3}},"75":{"start":{"line":134,"column":4},"end":{"line":134,"column":43}},"76":{"start":{"line":136,"column":2},"end":{"line":136,"column":9}},"77":{"start":{"line":138,"column":0},"end":{"line":138,"column":86}},"78":{"start":{"line":139,"column":0},"end":{"line":139,"column":112}},"79":{"start":{"line":140,"column":0},"end":{"line":140,"column":117}},"80":{"start":{"line":141,"column":0},"end":{"line":141,"column":116}},"81":{"start":{"line":142,"column":0},"end":{"line":142,"column":110}},"82":{"start":{"line":143,"column":0},"end":{"line":143,"column":139}},"83":{"start":{"line":148,"column":0},"end":{"line":148,"column":35}},"84":{"start":{"line":149,"column":0},"end":{"line":149,"column":45}},"85":{"start":{"line":150,"column":0},"end":{"line":150,"column":47}},"86":{"start":{"line":151,"column":0},"end":{"line":151,"column":50}},"87":{"start":{"line":152,"column":0},"end":{"line":152,"column":52}},"88":{"start":{"line":153,"column":0},"end":{"line":153,"column":45}},"89":{"start":{"line":154,"column":0},"end":{"line":154,"column":47}},"90":{"start":{"line":155,"column":0},"end":{"line":155,"column":90}},"91":{"start":{"line":156,"column":0},"end":{"line":156,"column":102}},"92":{"start":{"line":157,"column":0},"end":{"line":157,"column":79}},"93":{"start":{"line":158,"column":0},"end":{"line":158,"column":95}},"94":{"start":{"line":159,"column":0},"end":{"line":159,"column":97}},"95":{"start":{"line":160,"column":0},"end":{"line":160,"column":94}},"96":{"start":{"line":161,"column":0},"end":{"line":161,"column":100}},"97":{"start":{"line":164,"column":0},"end":{"line":185,"column":3}},"98":{"start":{"line":165,"column":2},"end":{"line":182,"column":21}},"99":{"start":{"line":166,"column":6},"end":{"line":170,"column":7}},"100":{"start":{"line":167,"column":10},"end":{"line":169,"column":10}},"101":{"start":{"line":171,"column":6},"end":{"line":175,"column":7}},"102":{"start":{"line":172,"column":10},"end":{"line":174,"column":14}},"103":{"start":{"line":176,"column":6},"end":{"line":181,"column":7}},"104":{"start":{"line":177,"column":8},"end":{"line":180,"column":10}},"105":{"start":{"line":178,"column":10},"end":{"line":178,"column":34}},"106":{"start":{"line":178,"column":18},"end":{"line":178,"column":34}},"107":{"start":{"line":179,"column":10},"end":{"line":179,"column":51}},"108":{"start":{"line":190,"column":0},"end":{"line":190,"column":154}},"109":{"start":{"line":191,"column":0},"end":{"line":201,"column":3}},"110":{"start":{"line":193,"column":15},"end":{"line":193,"column":27}},"111":{"start":{"line":194,"column":2},"end":{"line":199,"column":4}},"112":{"start":{"line":195,"column":4},"end":{"line":195,"column":28}},"113":{"start":{"line":195,"column":12},"end":{"line":195,"column":28}},"114":{"start":{"line":198,"column":4},"end":{"line":198,"column":66}},"115":{"start":{"line":206,"column":0},"end":{"line":214,"column":1}},"116":{"start":{"line":208,"column":2},"end":{"line":208,"column":26}},"117":{"start":{"line":210,"column":2},"end":{"line":213,"column":5}},"118":{"start":{"line":211,"column":4},"end":{"line":211,"column":23}},"119":{"start":{"line":212,"column":4},"end":{"line":212,"column":41}},"120":{"start":{"line":217,"column":25},"end":{"line":217,"column":40}},"121":{"start":{"line":218,"column":18},"end":{"line":218,"column":31}},"122":{"start":{"line":219,"column":15},"end":{"line":219,"column":32}},"123":{"start":{"line":226,"column":0},"end":{"line":228,"column":3}},"124":{"start":{"line":227,"column":2},"end":{"line":227,"column":61}},"125":{"start":{"line":230,"column":12},"end":{"line":230,"column":44}},"126":{"start":{"line":231,"column":27},"end":{"line":231,"column":70}},"127":{"start":{"line":232,"column":0},"end":{"line":232,"column":35}},"128":{"start":{"line":247,"column":0},"end":{"line":247,"column":61}},"129":{"start":{"line":248,"column":0},"end":{"line":248,"column":49}},"130":{"start":{"line":253,"column":0},"end":{"line":253,"column":62}},"131":{"start":{"line":254,"column":0},"end":{"line":254,"column":66}},"132":{"start":{"line":255,"column":0},"end":{"line":255,"column":69}},"133":{"start":{"line":256,"column":0},"end":{"line":256,"column":72}},"134":{"start":{"line":257,"column":0},"end":{"line":257,"column":75}},"135":{"start":{"line":258,"column":0},"end":{"line":258,"column":69}},"136":{"start":{"line":259,"column":0},"end":{"line":259,"column":82}},"137":{"start":{"line":264,"column":0},"end":{"line":264,"column":54}},"138":{"start":{"line":265,"column":0},"end":{"line":265,"column":58}},"139":{"start":{"line":266,"column":0},"end":{"line":266,"column":58}},"140":{"start":{"line":267,"column":0},"end":{"line":267,"column":59}},"141":{"start":{"line":268,"column":0},"end":{"line":268,"column":62}},"142":{"start":{"line":269,"column":0},"end":{"line":269,"column":56}},"143":{"start":{"line":274,"column":0},"end":{"line":274,"column":75}},"144":{"start":{"line":275,"column":0},"end":{"line":275,"column":57}},"145":{"start":{"line":276,"column":0},"end":{"line":276,"column":61}},"146":{"start":{"line":277,"column":0},"end":{"line":277,"column":63}},"147":{"start":{"line":278,"column":0},"end":{"line":278,"column":79}},"148":{"start":{"line":279,"column":0},"end":{"line":279,"column":73}},"149":{"start":{"line":280,"column":0},"end":{"line":280,"column":59}},"150":{"start":{"line":285,"column":0},"end":{"line":285,"column":66}},"151":{"start":{"line":286,"column":0},"end":{"line":286,"column":71}},"152":{"start":{"line":287,"column":0},"end":{"line":287,"column":85}},"153":{"start":{"line":288,"column":0},"end":{"line":288,"column":80}},"154":{"start":{"line":289,"column":0},"end":{"line":289,"column":69}},"155":{"start":{"line":290,"column":0},"end":{"line":290,"column":85}},"156":{"start":{"line":291,"column":0},"end":{"line":291,"column":89}},"157":{"start":{"line":292,"column":0},"end":{"line":292,"column":101}},"158":{"start":{"line":293,"column":0},"end":{"line":293,"column":66}},"159":{"start":{"line":298,"column":0},"end":{"line":298,"column":51}},"160":{"start":{"line":299,"column":0},"end":{"line":299,"column":62}},"161":{"start":{"line":300,"column":0},"end":{"line":300,"column":65}},"162":{"start":{"line":301,"column":0},"end":{"line":301,"column":56}},"163":{"start":{"line":302,"column":0},"end":{"line":302,"column":68}},"164":{"start":{"line":303,"column":0},"end":{"line":303,"column":70}},"165":{"start":{"line":304,"column":0},"end":{"line":304,"column":74}},"166":{"start":{"line":305,"column":0},"end":{"line":305,"column":51}},"167":{"start":{"line":310,"column":0},"end":{"line":310,"column":57}},"168":{"start":{"line":311,"column":0},"end":{"line":311,"column":76}},"169":{"start":{"line":312,"column":0},"end":{"line":312,"column":86}},"170":{"start":{"line":313,"column":0},"end":{"line":313,"column":95}},"171":{"start":{"line":314,"column":0},"end":{"line":314,"column":76}},"172":{"start":{"line":315,"column":0},"end":{"line":315,"column":85}},"173":{"start":{"line":316,"column":0},"end":{"line":316,"column":58}},"174":{"start":{"line":317,"column":0},"end":{"line":317,"column":67}},"175":{"start":{"line":318,"column":0},"end":{"line":318,"column":79}},"176":{"start":{"line":323,"column":0},"end":{"line":323,"column":48}},"177":{"start":{"line":324,"column":0},"end":{"line":324,"column":41}},"178":{"start":{"line":325,"column":0},"end":{"line":325,"column":60}},"179":{"start":{"line":326,"column":0},"end":{"line":326,"column":63}},"180":{"start":{"line":327,"column":0},"end":{"line":327,"column":63}},"181":{"start":{"line":328,"column":0},"end":{"line":328,"column":58}},"182":{"start":{"line":329,"column":0},"end":{"line":329,"column":54}},"183":{"start":{"line":330,"column":0},"end":{"line":330,"column":57}},"184":{"start":{"line":331,"column":0},"end":{"line":331,"column":47}},"185":{"start":{"line":332,"column":0},"end":{"line":332,"column":47}},"186":{"start":{"line":337,"column":0},"end":{"line":337,"column":47}},"187":{"start":{"line":338,"column":0},"end":{"line":338,"column":44}},"188":{"start":{"line":339,"column":0},"end":{"line":339,"column":57}},"189":{"start":{"line":340,"column":0},"end":{"line":340,"column":49}},"190":{"start":{"line":341,"column":0},"end":{"line":341,"column":54}},"191":{"start":{"line":342,"column":0},"end":{"line":342,"column":48}},"192":{"start":{"line":343,"column":0},"end":{"line":343,"column":60}},"193":{"start":{"line":348,"column":0},"end":{"line":348,"column":65}},"194":{"start":{"line":349,"column":0},"end":{"line":349,"column":75}},"195":{"start":{"line":350,"column":0},"end":{"line":350,"column":53}},"196":{"start":{"line":351,"column":0},"end":{"line":351,"column":75}},"197":{"start":{"line":352,"column":0},"end":{"line":352,"column":73}},"198":{"start":{"line":353,"column":0},"end":{"line":353,"column":74}},"199":{"start":{"line":358,"column":0},"end":{"line":358,"column":58}},"200":{"start":{"line":359,"column":0},"end":{"line":359,"column":53}},"201":{"start":{"line":360,"column":0},"end":{"line":360,"column":54}},"202":{"start":{"line":361,"column":0},"end":{"line":361,"column":52}},"203":{"start":{"line":362,"column":0},"end":{"line":362,"column":59}},"204":{"start":{"line":364,"column":0},"end":{"line":364,"column":21}}},"fnMap":{"0":{"name":"(anonymous_0)","decl":{"start":{"line":64,"column":33},"end":{"line":64,"column":34}},"loc":{"start":{"line":64,"column":45},"end":{"line":66,"column":5}},"line":64},"1":{"name":"(anonymous_1)","decl":{"start":{"line":66,"column":19},"end":{"line":66,"column":20}},"loc":{"start":{"line":66,"column":28},"end":{"line":70,"column":5}},"line":66},"2":{"name":"(anonymous_2)","decl":{"start":{"line":79,"column":8},"end":{"line":79,"column":9}},"loc":{"start":{"line":79,"column":34},"end":{"line":84,"column":1}},"line":79},"3":{"name":"(anonymous_3)","decl":{"start":{"line":120,"column":8},"end":{"line":120,"column":9}},"loc":{"start":{"line":120,"column":28},"end":{"line":123,"column":1}},"line":120},"4":{"name":"(anonymous_4)","decl":{"start":{"line":124,"column":8},"end":{"line":124,"column":9}},"loc":{"start":{"line":124,"column":28},"end":{"line":137,"column":1}},"line":124},"5":{"name":"(anonymous_5)","decl":{"start":{"line":164,"column":19},"end":{"line":164,"column":20}},"loc":{"start":{"line":164,"column":39},"end":{"line":185,"column":1}},"line":164},"6":{"name":"(anonymous_6)","decl":{"start":{"line":165,"column":35},"end":{"line":165,"column":36}},"loc":{"start":{"line":165,"column":57},"end":{"line":182,"column":3}},"line":165},"7":{"name":"(anonymous_7)","decl":{"start":{"line":177,"column":44},"end":{"line":177,"column":45}},"loc":{"start":{"line":177,"column":60},"end":{"line":180,"column":9}},"line":177},"8":{"name":"(anonymous_8)","decl":{"start":{"line":191,"column":121},"end":{"line":191,"column":122}},"loc":{"start":{"line":191,"column":135},"end":{"line":201,"column":1}},"line":191},"9":{"name":"(anonymous_9)","decl":{"start":{"line":194,"column":38},"end":{"line":194,"column":39}},"loc":{"start":{"line":194,"column":54},"end":{"line":199,"column":3}},"line":194},"10":{"name":"(anonymous_10)","decl":{"start":{"line":210,"column":10},"end":{"line":210,"column":11}},"loc":{"start":{"line":210,"column":35},"end":{"line":213,"column":3}},"line":210},"11":{"name":"(anonymous_11)","decl":{"start":{"line":226,"column":31},"end":{"line":226,"column":32}},"loc":{"start":{"line":226,"column":37},"end":{"line":228,"column":1}},"line":226}},"branchMap":{"0":{"loc":{"start":{"line":89,"column":16},"end":{"line":89,"column":60}},"type":"binary-expr","locations":[{"start":{"line":89,"column":16},"end":{"line":89,"column":47}},{"start":{"line":89,"column":51},"end":{"line":89,"column":60}}],"line":89},"1":{"loc":{"start":{"line":90,"column":16},"end":{"line":90,"column":77}},"type":"binary-expr","locations":[{"start":{"line":90,"column":16},"end":{"line":90,"column":32}},{"start":{"line":90,"column":36},"end":{"line":90,"column":69}},{"start":{"line":90,"column":73},"end":{"line":90,"column":77}}],"line":90},"2":{"loc":{"start":{"line":126,"column":2},"end":{"line":135,"column":3}},"type":"if","locations":[{"start":{"line":126,"column":2},"end":{"line":135,"column":3}},{"start":{"line":126,"column":2},"end":{"line":135,"column":3}}],"line":126},"3":{"loc":{"start":{"line":126,"column":6},"end":{"line":130,"column":28}},"type":"binary-expr","locations":[{"start":{"line":126,"column":6},"end":{"line":126,"column":15}},{"start":{"line":127,"column":7},"end":{"line":127,"column":28}},{"start":{"line":128,"column":7},"end":{"line":128,"column":29}},{"start":{"line":129,"column":7},"end":{"line":129,"column":33}},{"start":{"line":130,"column":7},"end":{"line":130,"column":28}}],"line":126},"4":{"loc":{"start":{"line":132,"column":9},"end":{"line":135,"column":3}},"type":"if","locations":[{"start":{"line":132,"column":9},"end":{"line":135,"column":3}},{"start":{"line":132,"column":9},"end":{"line":135,"column":3}}],"line":132},"5":{"loc":{"start":{"line":132,"column":13},"end":{"line":133,"column":60}},"type":"binary-expr","locations":[{"start":{"line":132,"column":13},"end":{"line":132,"column":21}},{"start":{"line":133,"column":8},"end":{"line":133,"column":31}},{"start":{"line":133,"column":35},"end":{"line":133,"column":59}}],"line":132},"6":{"loc":{"start":{"line":166,"column":6},"end":{"line":170,"column":7}},"type":"if","locations":[{"start":{"line":166,"column":6},"end":{"line":170,"column":7}},{"start":{"line":166,"column":6},"end":{"line":170,"column":7}}],"line":166},"7":{"loc":{"start":{"line":171,"column":6},"end":{"line":175,"column":7}},"type":"if","locations":[{"start":{"line":171,"column":6},"end":{"line":175,"column":7}},{"start":{"line":171,"column":6},"end":{"line":175,"column":7}}],"line":171},"8":{"loc":{"start":{"line":176,"column":6},"end":{"line":181,"column":7}},"type":"if","locations":[{"start":{"line":176,"column":6},"end":{"line":181,"column":7}},{"start":{"line":176,"column":6},"end":{"line":181,"column":7}}],"line":176},"9":{"loc":{"start":{"line":178,"column":10},"end":{"line":178,"column":34}},"type":"if","locations":[{"start":{"line":178,"column":10},"end":{"line":178,"column":34}},{"start":{"line":178,"column":10},"end":{"line":178,"column":34}}],"line":178},"10":{"loc":{"start":{"line":195,"column":4},"end":{"line":195,"column":28}},"type":"if","locations":[{"start":{"line":195,"column":4},"end":{"line":195,"column":28}},{"start":{"line":195,"column":4},"end":{"line":195,"column":28}}],"line":195},"11":{"loc":{"start":{"line":206,"column":0},"end":{"line":214,"column":1}},"type":"if","locations":[{"start":{"line":206,"column":0},"end":{"line":214,"column":1}},{"start":{"line":206,"column":0},"end":{"line":214,"column":1}}],"line":206}},"s":{"0":1,"1":1,"2":1,"3":1,"4":1,"5":1,"6":1,"7":1,"8":1,"9":1,"10":1,"11":1,"12":1,"13":1,"14":1,"15":1,"16":1,"17":1,"18":1,"19":1,"20":1,"21":1,"22":1,"23":1,"24":1,"25":1,"26":1,"27":1,"28":1,"29":1,"30":1,"31":1,"32":1,"33":1,"34":1,"35":1,"36":1,"37":1,"38":1,"39":1,"40":1,"41":0,"42":0,"43":0,"44":1,"45":1,"46":1,"47":59,"48":59,"49":59,"50":59,"51":1,"52":1,"53":1,"54":1,"55":1,"56":1,"57":1,"58":1,"59":1,"60":1,"61":1,"62":1,"63":1,"64":1,"65":1,"66":1,"67":1,"68":1,"69":59,"70":59,"71":1,"72":59,"73":59,"74":0,"75":0,"76":59,"77":1,"78":1,"79":1,"80":1,"81":1,"82":1,"83":1,"84":1,"85":1,"86":1,"87":1,"88":1,"89":1,"90":1,"91":1,"92":1,"93":1,"94":1,"95":1,"96":1,"97":1,"98":0,"99":0,"100":0,"101":0,"102":0,"103":0,"104":0,"105":0,"106":0,"107":0,"108":1,"109":1,"110":0,"111":0,"112":0,"113":0,"114":0,"115":1,"116":0,"117":1,"118":0,"119":0,"120":1,"121":1,"122":1,"123":1,"124":1,"125":1,"126":1,"127":1,"128":1,"129":1,"130":1,"131":1,"132":1,"133":1,"134":1,"135":1,"136":1,"137":1,"138":1,"139":1,"140":1,"141":1,"142":1,"143":1,"144":1,"145":1,"146":1,"147":1,"148":1,"149":1,"150":1,"151":1,"152":1,"153":1,"154":1,"155":1,"156":1,"157":1,"158":1,"159":1,"160":1,"161":1,"162":1,"163":1,"164":1,"165":1,"166":1,"167":1,"168":1,"169":1,"170":1,"171":1,"172":1,"173":1,"174":1,"175":1,"176":1,"177":1,"178":1,"179":1,"180":1,"181":1,"182":1,"183":1,"184":1,"185":1,"186":1,"187":1,"188":1,"189":1,"190":1,"191":1,"192":1,"193":1,"194":1,"195":1,"196":1,"197":1,"198":1,"199":1,"200":1,"201":1,"202":1,"203":1,"204":1},"f":{"0":1,"1":0,"2":59,"3":59,"4":59,"5":0,"6":0,"7":0,"8":0,"9":0,"10":0,"11":1},"b":{"0":[1,1],"1":[1,1,1],"2":[59,0],"3":[59,59,59,59,59],"4":[0,0],"5":[0,0,0],"6":[0,0],"7":[0,0],"8":[0,0],"9":[0,0],"10":[0,0],"11":[0,1]},"_coverageSchema":"1a1c01bbd47fc00a2c39e90264f33305004495a9","hash":"9084b8f621e565de3cf48c05be21a5b2c959ee2e","contentHash":"77ceb7064333ab7d3cdfbd671eb7dd99685cd43abfeaffcdb793bee321ff9319"},"E:\\Work Work\\Ki 9\\capstone-back-end\\controllers\\home.js":{"path":"E:\\Work Work\\Ki 9\\capstone-back-end\\controllers\\home.js","statementMap":{"0":{"start":{"line":5,"column":0},"end":{"line":10,"column":2}},"1":{"start":{"line":6,"column":2},"end":{"line":8,"column":7}}},"fnMap":{"0":{"name":"(anonymous_0)","decl":{"start":{"line":5,"column":16},"end":{"line":5,"column":17}},"loc":{"start":{"line":5,"column":30},"end":{"line":10,"column":1}},"line":5}},"branchMap":{},"s":{"0":1,"1":0},"f":{"0":0},"b":{},"_coverageSchema":"1a1c01bbd47fc00a2c39e90264f33305004495a9","hash":"aac50a5b9db9cd7f81379ee130052a34836fef91","contentHash":"f6e086a88b3105e796a7b0201c10c88bd63e4d5a4ac943eeb68c3d52e0ca774a"},"E:\\Work Work\\Ki 9\\capstone-back-end\\controllers\\user.js":{"path":"E:\\Work Work\\Ki 9\\capstone-back-end\\controllers\\user.js","statementMap":{"0":{"start":{"line":1,"column":22},"end":{"line":1,"column":37}},"1":{"start":{"line":2,"column":15},"end":{"line":2,"column":32}},"2":{"start":{"line":3,"column":19},"end":{"line":3,"column":40}},"3":{"start":{"line":4,"column":17},"end":{"line":4,"column":36}},"4":{"start":{"line":5,"column":10},"end":{"line":5,"column":27}},"5":{"start":{"line":6,"column":18},"end":{"line":6,"column":38}},"6":{"start":{"line":7,"column":20},"end":{"line":7,"column":42}},"7":{"start":{"line":8,"column":13},"end":{"line":8,"column":38}},"8":{"start":{"line":10,"column":25},"end":{"line":10,"column":54}},"9":{"start":{"line":16,"column":0},"end":{"line":23,"column":2}},"10":{"start":{"line":17,"column":2},"end":{"line":19,"column":3}},"11":{"start":{"line":18,"column":4},"end":{"line":18,"column":29}},"12":{"start":{"line":20,"column":2},"end":{"line":22,"column":5}},"13":{"start":{"line":29,"column":0},"end":{"line":52,"column":2}},"14":{"start":{"line":30,"column":27},"end":{"line":30,"column":29}},"15":{"start":{"line":31,"column":2},"end":{"line":31,"column":112}},"16":{"start":{"line":31,"column":42},"end":{"line":31,"column":112}},"17":{"start":{"line":32,"column":2},"end":{"line":32,"column":104}},"18":{"start":{"line":32,"column":44},"end":{"line":32,"column":104}},"19":{"start":{"line":34,"column":2},"end":{"line":37,"column":3}},"20":{"start":{"line":35,"column":4},"end":{"line":35,"column":42}},"21":{"start":{"line":36,"column":4},"end":{"line":36,"column":34}},"22":{"start":{"line":38,"column":2},"end":{"line":38,"column":90}},"23":{"start":{"line":40,"column":2},"end":{"line":51,"column":21}},"24":{"start":{"line":41,"column":4},"end":{"line":41,"column":34}},"25":{"start":{"line":41,"column":15},"end":{"line":41,"column":32}},"26":{"start":{"line":42,"column":4},"end":{"line":45,"column":5}},"27":{"start":{"line":43,"column":6},"end":{"line":43,"column":32}},"28":{"start":{"line":44,"column":6},"end":{"line":44,"column":36}},"29":{"start":{"line":46,"column":4},"end":{"line":50,"column":7}},"30":{"start":{"line":47,"column":6},"end":{"line":47,"column":36}},"31":{"start":{"line":47,"column":17},"end":{"line":47,"column":34}},"32":{"start":{"line":48,"column":6},"end":{"line":48,"column":67}},"33":{"start":{"line":49,"column":6},"end":{"line":49,"column":48}},"34":{"start":{"line":58,"column":0},"end":{"line":65,"column":2}},"35":{"start":{"line":59,"column":2},"end":{"line":59,"column":15}},"36":{"start":{"line":60,"column":2},"end":{"line":64,"column":5}},"37":{"start":{"line":61,"column":4},"end":{"line":61,"column":86}},"38":{"start":{"line":61,"column":13},"end":{"line":61,"column":86}},"39":{"start":{"line":62,"column":4},"end":{"line":62,"column":20}},"40":{"start":{"line":63,"column":4},"end":{"line":63,"column":22}},"41":{"start":{"line":71,"column":0},"end":{"line":78,"column":2}},"42":{"start":{"line":72,"column":2},"end":{"line":74,"column":3}},"43":{"start":{"line":73,"column":4},"end":{"line":73,"column":29}},"44":{"start":{"line":75,"column":2},"end":{"line":77,"column":5}},"45":{"start":{"line":84,"column":0},"end":{"line":117,"column":2}},"46":{"start":{"line":85,"column":27},"end":{"line":85,"column":29}},"47":{"start":{"line":86,"column":2},"end":{"line":86,"column":112}},"48":{"start":{"line":86,"column":42},"end":{"line":86,"column":112}},"49":{"start":{"line":87,"column":2},"end":{"line":87,"column":136}},"50":{"start":{"line":87,"column":58},"end":{"line":87,"column":136}},"51":{"start":{"line":88,"column":2},"end":{"line":88,"column":111}},"52":{"start":{"line":88,"column":54},"end":{"line":88,"column":111}},"53":{"start":{"line":90,"column":2},"end":{"line":93,"column":3}},"54":{"start":{"line":91,"column":4},"end":{"line":91,"column":42}},"55":{"start":{"line":92,"column":4},"end":{"line":92,"column":35}},"56":{"start":{"line":94,"column":2},"end":{"line":94,"column":90}},"57":{"start":{"line":96,"column":15},"end":{"line":99,"column":4}},"58":{"start":{"line":101,"column":2},"end":{"line":116,"column":5}},"59":{"start":{"line":102,"column":4},"end":{"line":102,"column":34}},"60":{"start":{"line":102,"column":15},"end":{"line":102,"column":32}},"61":{"start":{"line":103,"column":4},"end":{"line":106,"column":5}},"62":{"start":{"line":104,"column":6},"end":{"line":104,"column":86}},"63":{"start":{"line":105,"column":6},"end":{"line":105,"column":37}},"64":{"start":{"line":107,"column":4},"end":{"line":115,"column":7}},"65":{"start":{"line":108,"column":6},"end":{"line":108,"column":36}},"66":{"start":{"line":108,"column":17},"end":{"line":108,"column":34}},"67":{"start":{"line":109,"column":6},"end":{"line":114,"column":9}},"68":{"start":{"line":110,"column":8},"end":{"line":112,"column":9}},"69":{"start":{"line":111,"column":10},"end":{"line":111,"column":27}},"70":{"start":{"line":113,"column":8},"end":{"line":113,"column":26}},"71":{"start":{"line":123,"column":0},"end":{"line":128,"column":2}},"72":{"start":{"line":124,"column":2},"end":{"line":126,"column":7}},"73":{"start":{"line":134,"column":0},"end":{"line":164,"column":2}},"74":{"start":{"line":135,"column":27},"end":{"line":135,"column":29}},"75":{"start":{"line":136,"column":2},"end":{"line":136,"column":112}},"76":{"start":{"line":136,"column":42},"end":{"line":136,"column":112}},"77":{"start":{"line":138,"column":2},"end":{"line":141,"column":3}},"78":{"start":{"line":139,"column":4},"end":{"line":139,"column":42}},"79":{"start":{"line":140,"column":4},"end":{"line":140,"column":36}},"80":{"start":{"line":142,"column":2},"end":{"line":142,"column":90}},"81":{"start":{"line":144,"column":2},"end":{"line":163,"column":5}},"82":{"start":{"line":145,"column":4},"end":{"line":145,"column":34}},"83":{"start":{"line":145,"column":15},"end":{"line":145,"column":32}},"84":{"start":{"line":146,"column":4},"end":{"line":146,"column":66}},"85":{"start":{"line":146,"column":39},"end":{"line":146,"column":66}},"86":{"start":{"line":147,"column":4},"end":{"line":147,"column":38}},"87":{"start":{"line":148,"column":4},"end":{"line":148,"column":44}},"88":{"start":{"line":149,"column":4},"end":{"line":149,"column":48}},"89":{"start":{"line":150,"column":4},"end":{"line":150,"column":52}},"90":{"start":{"line":151,"column":4},"end":{"line":151,"column":50}},"91":{"start":{"line":152,"column":4},"end":{"line":162,"column":7}},"92":{"start":{"line":153,"column":6},"end":{"line":159,"column":7}},"93":{"start":{"line":154,"column":8},"end":{"line":157,"column":9}},"94":{"start":{"line":155,"column":10},"end":{"line":155,"column":116}},"95":{"start":{"line":156,"column":10},"end":{"line":156,"column":42}},"96":{"start":{"line":158,"column":8},"end":{"line":158,"column":25}},"97":{"start":{"line":160,"column":6},"end":{"line":160,"column":77}},"98":{"start":{"line":161,"column":6},"end":{"line":161,"column":31}},"99":{"start":{"line":170,"column":0},"end":{"line":189,"column":2}},"100":{"start":{"line":171,"column":27},"end":{"line":171,"column":29}},"101":{"start":{"line":172,"column":2},"end":{"line":172,"column":136}},"102":{"start":{"line":172,"column":58},"end":{"line":172,"column":136}},"103":{"start":{"line":173,"column":2},"end":{"line":173,"column":111}},"104":{"start":{"line":173,"column":54},"end":{"line":173,"column":111}},"105":{"start":{"line":175,"column":2},"end":{"line":178,"column":3}},"106":{"start":{"line":176,"column":4},"end":{"line":176,"column":42}},"107":{"start":{"line":177,"column":4},"end":{"line":177,"column":36}},"108":{"start":{"line":180,"column":2},"end":{"line":188,"column":5}},"109":{"start":{"line":181,"column":4},"end":{"line":181,"column":34}},"110":{"start":{"line":181,"column":15},"end":{"line":181,"column":32}},"111":{"start":{"line":182,"column":4},"end":{"line":182,"column":38}},"112":{"start":{"line":183,"column":4},"end":{"line":187,"column":7}},"113":{"start":{"line":184,"column":6},"end":{"line":184,"column":36}},"114":{"start":{"line":184,"column":17},"end":{"line":184,"column":34}},"115":{"start":{"line":185,"column":6},"end":{"line":185,"column":66}},"116":{"start":{"line":186,"column":6},"end":{"line":186,"column":31}},"117":{"start":{"line":195,"column":0},"end":{"line":202,"column":2}},"118":{"start":{"line":196,"column":2},"end":{"line":201,"column":5}},"119":{"start":{"line":197,"column":4},"end":{"line":197,"column":34}},"120":{"start":{"line":197,"column":15},"end":{"line":197,"column":32}},"121":{"start":{"line":198,"column":4},"end":{"line":198,"column":17}},"122":{"start":{"line":199,"column":4},"end":{"line":199,"column":65}},"123":{"start":{"line":200,"column":4},"end":{"line":200,"column":22}},"124":{"start":{"line":208,"column":0},"end":{"line":235,"column":2}},"125":{"start":{"line":209,"column":23},"end":{"line":209,"column":33}},"126":{"start":{"line":210,"column":2},"end":{"line":234,"column":5}},"127":{"start":{"line":211,"column":4},"end":{"line":211,"column":34}},"128":{"start":{"line":211,"column":15},"end":{"line":211,"column":32}},"129":{"start":{"line":212,"column":4},"end":{"line":212,"column":45}},"130":{"start":{"line":213,"column":42},"end":{"line":214,"column":44}},"131":{"start":{"line":214,"column":6},"end":{"line":214,"column":43}},"132":{"start":{"line":218,"column":4},"end":{"line":227,"column":5}},"133":{"start":{"line":222,"column":6},"end":{"line":225,"column":9}},"134":{"start":{"line":226,"column":6},"end":{"line":226,"column":38}},"135":{"start":{"line":228,"column":4},"end":{"line":228,"column":48}},"136":{"start":{"line":229,"column":4},"end":{"line":233,"column":7}},"137":{"start":{"line":230,"column":6},"end":{"line":230,"column":36}},"138":{"start":{"line":230,"column":17},"end":{"line":230,"column":34}},"139":{"start":{"line":231,"column":6},"end":{"line":231,"column":99}},"140":{"start":{"line":232,"column":6},"end":{"line":232,"column":31}},"141":{"start":{"line":241,"column":0},"end":{"line":265,"column":2}},"142":{"start":{"line":242,"column":2},"end":{"line":244,"column":3}},"143":{"start":{"line":243,"column":4},"end":{"line":243,"column":29}},"144":{"start":{"line":245,"column":27},"end":{"line":245,"column":29}},"145":{"start":{"line":246,"column":2},"end":{"line":246,"column":114}},"146":{"start":{"line":246,"column":50},"end":{"line":246,"column":114}},"147":{"start":{"line":247,"column":2},"end":{"line":250,"column":3}},"148":{"start":{"line":248,"column":4},"end":{"line":248,"column":42}},"149":{"start":{"line":249,"column":4},"end":{"line":249,"column":35}},"150":{"start":{"line":252,"column":2},"end":{"line":264,"column":7}},"151":{"start":{"line":256,"column":6},"end":{"line":256,"column":36}},"152":{"start":{"line":256,"column":17},"end":{"line":256,"column":34}},"153":{"start":{"line":257,"column":6},"end":{"line":260,"column":7}},"154":{"start":{"line":258,"column":8},"end":{"line":258,"column":88}},"155":{"start":{"line":259,"column":8},"end":{"line":259,"column":39}},"156":{"start":{"line":261,"column":6},"end":{"line":263,"column":9}},"157":{"start":{"line":271,"column":0},"end":{"line":304,"column":2}},"158":{"start":{"line":272,"column":2},"end":{"line":275,"column":3}},"159":{"start":{"line":273,"column":4},"end":{"line":273,"column":71}},"160":{"start":{"line":274,"column":4},"end":{"line":274,"column":36}},"161":{"start":{"line":277,"column":27},"end":{"line":277,"column":29}},"162":{"start":{"line":278,"column":2},"end":{"line":278,"column":136}},"163":{"start":{"line":278,"column":72},"end":{"line":278,"column":136}},"164":{"start":{"line":279,"column":2},"end":{"line":282,"column":3}},"165":{"start":{"line":280,"column":4},"end":{"line":280,"column":42}},"166":{"start":{"line":281,"column":4},"end":{"line":281,"column":36}},"167":{"start":{"line":284,"column":2},"end":{"line":303,"column":3}},"168":{"start":{"line":285,"column":4},"end":{"line":302,"column":9}},"169":{"start":{"line":288,"column":8},"end":{"line":291,"column":9}},"170":{"start":{"line":289,"column":10},"end":{"line":289,"column":86}},"171":{"start":{"line":290,"column":10},"end":{"line":290,"column":38}},"172":{"start":{"line":292,"column":8},"end":{"line":292,"column":41}},"173":{"start":{"line":293,"column":8},"end":{"line":293,"column":34}},"174":{"start":{"line":294,"column":8},"end":{"line":294,"column":27}},"175":{"start":{"line":295,"column":8},"end":{"line":295,"column":82}},"176":{"start":{"line":296,"column":8},"end":{"line":296,"column":40}},"177":{"start":{"line":299,"column":8},"end":{"line":299,"column":101}},"178":{"start":{"line":300,"column":8},"end":{"line":300,"column":111}},"179":{"start":{"line":301,"column":8},"end":{"line":301,"column":40}},"180":{"start":{"line":310,"column":0},"end":{"line":385,"column":2}},"181":{"start":{"line":311,"column":2},"end":{"line":314,"column":3}},"182":{"start":{"line":312,"column":4},"end":{"line":312,"column":71}},"183":{"start":{"line":313,"column":4},"end":{"line":313,"column":36}},"184":{"start":{"line":316,"column":2},"end":{"line":319,"column":3}},"185":{"start":{"line":317,"column":4},"end":{"line":317,"column":153}},"186":{"start":{"line":318,"column":4},"end":{"line":318,"column":36}},"187":{"start":{"line":321,"column":28},"end":{"line":322,"column":39}},"188":{"start":{"line":322,"column":19},"end":{"line":322,"column":38}},"189":{"start":{"line":324,"column":25},"end":{"line":332,"column":3}},"190":{"start":{"line":325,"column":4},"end":{"line":330,"column":9}},"191":{"start":{"line":328,"column":8},"end":{"line":328,"column":44}},"192":{"start":{"line":329,"column":8},"end":{"line":329,"column":27}},"193":{"start":{"line":331,"column":4},"end":{"line":331,"column":17}},"194":{"start":{"line":334,"column":26},"end":{"line":378,"column":3}},"195":{"start":{"line":335,"column":22},"end":{"line":341,"column":6}},"196":{"start":{"line":342,"column":24},"end":{"line":351,"column":5}},"197":{"start":{"line":352,"column":4},"end":{"line":377,"column":9}},"198":{"start":{"line":354,"column":8},"end":{"line":354,"column":110}},"199":{"start":{"line":357,"column":8},"end":{"line":373,"column":9}},"200":{"start":{"line":358,"column":10},"end":{"line":358,"column":165}},"201":{"start":{"line":359,"column":10},"end":{"line":368,"column":13}},"202":{"start":{"line":369,"column":10},"end":{"line":372,"column":15}},"203":{"start":{"line":371,"column":14},"end":{"line":371,"column":116}},"204":{"start":{"line":374,"column":8},"end":{"line":374,"column":96}},"205":{"start":{"line":375,"column":8},"end":{"line":375,"column":112}},"206":{"start":{"line":376,"column":8},"end":{"line":376,"column":19}},"207":{"start":{"line":380,"column":2},"end":{"line":384,"column":17}},"208":{"start":{"line":383,"column":16},"end":{"line":383,"column":40}},"209":{"start":{"line":391,"column":0},"end":{"line":469,"column":2}},"210":{"start":{"line":392,"column":27},"end":{"line":392,"column":29}},"211":{"start":{"line":393,"column":2},"end":{"line":393,"column":136}},"212":{"start":{"line":393,"column":58},"end":{"line":393,"column":136}},"213":{"start":{"line":394,"column":2},"end":{"line":394,"column":103}},"214":{"start":{"line":394,"column":46},"end":{"line":394,"column":103}},"215":{"start":{"line":395,"column":2},"end":{"line":395,"column":114}},"216":{"start":{"line":395,"column":50},"end":{"line":395,"column":114}},"217":{"start":{"line":397,"column":2},"end":{"line":400,"column":3}},"218":{"start":{"line":398,"column":4},"end":{"line":398,"column":42}},"219":{"start":{"line":399,"column":4},"end":{"line":399,"column":32}},"220":{"start":{"line":402,"column":24},"end":{"line":420,"column":8}},"221":{"start":{"line":403,"column":4},"end":{"line":420,"column":8}},"222":{"start":{"line":407,"column":8},"end":{"line":410,"column":9}},"223":{"start":{"line":408,"column":10},"end":{"line":408,"column":90}},"224":{"start":{"line":409,"column":10},"end":{"line":409,"column":38}},"225":{"start":{"line":411,"column":8},"end":{"line":411,"column":42}},"226":{"start":{"line":412,"column":8},"end":{"line":412,"column":44}},"227":{"start":{"line":413,"column":8},"end":{"line":413,"column":46}},"228":{"start":{"line":414,"column":8},"end":{"line":419,"column":12}},"229":{"start":{"line":414,"column":38},"end":{"line":419,"column":10}},"230":{"start":{"line":415,"column":10},"end":{"line":418,"column":13}},"231":{"start":{"line":416,"column":12},"end":{"line":416,"column":44}},"232":{"start":{"line":416,"column":23},"end":{"line":416,"column":42}},"233":{"start":{"line":417,"column":12},"end":{"line":417,"column":26}},"234":{"start":{"line":422,"column":33},"end":{"line":463,"column":3}},"235":{"start":{"line":423,"column":4},"end":{"line":423,"column":26}},"236":{"start":{"line":423,"column":17},"end":{"line":423,"column":24}},"237":{"start":{"line":424,"column":22},"end":{"line":430,"column":6}},"238":{"start":{"line":431,"column":24},"end":{"line":436,"column":5}},"239":{"start":{"line":437,"column":4},"end":{"line":462,"column":9}},"240":{"start":{"line":439,"column":8},"end":{"line":439,"column":82}},"241":{"start":{"line":442,"column":8},"end":{"line":458,"column":9}},"242":{"start":{"line":443,"column":10},"end":{"line":443,"column":165}},"243":{"start":{"line":444,"column":10},"end":{"line":453,"column":13}},"244":{"start":{"line":454,"column":10},"end":{"line":457,"column":15}},"245":{"start":{"line":456,"column":14},"end":{"line":456,"column":88}},"246":{"start":{"line":459,"column":8},"end":{"line":459,"column":112}},"247":{"start":{"line":460,"column":8},"end":{"line":460,"column":166}},"248":{"start":{"line":461,"column":8},"end":{"line":461,"column":19}},"249":{"start":{"line":465,"column":2},"end":{"line":468,"column":31}},"250":{"start":{"line":467,"column":18},"end":{"line":467,"column":55}},"251":{"start":{"line":467,"column":37},"end":{"line":467,"column":55}},"252":{"start":{"line":468,"column":20},"end":{"line":468,"column":29}},"253":{"start":{"line":475,"column":0},"end":{"line":482,"column":2}},"254":{"start":{"line":476,"column":2},"end":{"line":478,"column":3}},"255":{"start":{"line":477,"column":4},"end":{"line":477,"column":29}},"256":{"start":{"line":479,"column":2},"end":{"line":481,"column":5}},"257":{"start":{"line":488,"column":0},"end":{"line":567,"column":2}},"258":{"start":{"line":489,"column":27},"end":{"line":489,"column":29}},"259":{"start":{"line":490,"column":2},"end":{"line":490,"column":112}},"260":{"start":{"line":490,"column":42},"end":{"line":490,"column":112}},"261":{"start":{"line":492,"column":2},"end":{"line":495,"column":3}},"262":{"start":{"line":493,"column":4},"end":{"line":493,"column":42}},"263":{"start":{"line":494,"column":4},"end":{"line":494,"column":35}},"264":{"start":{"line":496,"column":2},"end":{"line":496,"column":90}},"265":{"start":{"line":498,"column":28},"end":{"line":499,"column":39}},"266":{"start":{"line":499,"column":19},"end":{"line":499,"column":38}},"267":{"start":{"line":501,"column":25},"end":{"line":513,"column":8}},"268":{"start":{"line":502,"column":4},"end":{"line":513,"column":8}},"269":{"start":{"line":505,"column":8},"end":{"line":511,"column":9}},"270":{"start":{"line":506,"column":10},"end":{"line":506,"column":90}},"271":{"start":{"line":508,"column":10},"end":{"line":508,"column":42}},"272":{"start":{"line":509,"column":10},"end":{"line":509,"column":59}},"273":{"start":{"line":510,"column":10},"end":{"line":510,"column":29}},"274":{"start":{"line":512,"column":8},"end":{"line":512,"column":20}},"275":{"start":{"line":515,"column":34},"end":{"line":560,"column":3}},"276":{"start":{"line":516,"column":4},"end":{"line":516,"column":26}},"277":{"start":{"line":516,"column":17},"end":{"line":516,"column":24}},"278":{"start":{"line":517,"column":18},"end":{"line":517,"column":41}},"279":{"start":{"line":518,"column":22},"end":{"line":524,"column":6}},"280":{"start":{"line":525,"column":24},"end":{"line":533,"column":5}},"281":{"start":{"line":534,"column":4},"end":{"line":559,"column":9}},"282":{"start":{"line":536,"column":8},"end":{"line":536,"column":106}},"283":{"start":{"line":539,"column":8},"end":{"line":555,"column":9}},"284":{"start":{"line":540,"column":10},"end":{"line":540,"column":165}},"285":{"start":{"line":541,"column":10},"end":{"line":550,"column":13}},"286":{"start":{"line":551,"column":10},"end":{"line":554,"column":15}},"287":{"start":{"line":553,"column":14},"end":{"line":553,"column":112}},"288":{"start":{"line":556,"column":8},"end":{"line":556,"column":100}},"289":{"start":{"line":557,"column":8},"end":{"line":557,"column":108}},"290":{"start":{"line":558,"column":8},"end":{"line":558,"column":19}},"291":{"start":{"line":562,"column":2},"end":{"line":566,"column":17}},"292":{"start":{"line":565,"column":16},"end":{"line":565,"column":39}}},"fnMap":{"0":{"name":"(anonymous_0)","decl":{"start":{"line":16,"column":19},"end":{"line":16,"column":20}},"loc":{"start":{"line":16,"column":33},"end":{"line":23,"column":1}},"line":16},"1":{"name":"(anonymous_1)","decl":{"start":{"line":29,"column":20},"end":{"line":29,"column":21}},"loc":{"start":{"line":29,"column":40},"end":{"line":52,"column":1}},"line":29},"2":{"name":"(anonymous_2)","decl":{"start":{"line":40,"column":33},"end":{"line":40,"column":34}},"loc":{"start":{"line":40,"column":54},"end":{"line":51,"column":3}},"line":40},"3":{"name":"(anonymous_3)","decl":{"start":{"line":46,"column":20},"end":{"line":46,"column":21}},"loc":{"start":{"line":46,"column":29},"end":{"line":50,"column":5}},"line":46},"4":{"name":"(anonymous_4)","decl":{"start":{"line":58,"column":17},"end":{"line":58,"column":18}},"loc":{"start":{"line":58,"column":31},"end":{"line":65,"column":1}},"line":58},"5":{"name":"(anonymous_5)","decl":{"start":{"line":60,"column":22},"end":{"line":60,"column":23}},"loc":{"start":{"line":60,"column":31},"end":{"line":64,"column":3}},"line":60},"6":{"name":"(anonymous_6)","decl":{"start":{"line":71,"column":20},"end":{"line":71,"column":21}},"loc":{"start":{"line":71,"column":34},"end":{"line":78,"column":1}},"line":71},"7":{"name":"(anonymous_7)","decl":{"start":{"line":84,"column":21},"end":{"line":84,"column":22}},"loc":{"start":{"line":84,"column":41},"end":{"line":117,"column":1}},"line":84},"8":{"name":"(anonymous_8)","decl":{"start":{"line":101,"column":42},"end":{"line":101,"column":43}},"loc":{"start":{"line":101,"column":65},"end":{"line":116,"column":3}},"line":101},"9":{"name":"(anonymous_9)","decl":{"start":{"line":107,"column":14},"end":{"line":107,"column":15}},"loc":{"start":{"line":107,"column":23},"end":{"line":115,"column":5}},"line":107},"10":{"name":"(anonymous_10)","decl":{"start":{"line":109,"column":22},"end":{"line":109,"column":23}},"loc":{"start":{"line":109,"column":31},"end":{"line":114,"column":7}},"line":109},"11":{"name":"(anonymous_11)","decl":{"start":{"line":123,"column":21},"end":{"line":123,"column":22}},"loc":{"start":{"line":123,"column":35},"end":{"line":128,"column":1}},"line":123},"12":{"name":"(anonymous_12)","decl":{"start":{"line":134,"column":28},"end":{"line":134,"column":29}},"loc":{"start":{"line":134,"column":48},"end":{"line":164,"column":1}},"line":134},"13":{"name":"(anonymous_13)","decl":{"start":{"line":144,"column":29},"end":{"line":144,"column":30}},"loc":{"start":{"line":144,"column":44},"end":{"line":163,"column":3}},"line":144},"14":{"name":"(anonymous_14)","decl":{"start":{"line":152,"column":14},"end":{"line":152,"column":15}},"loc":{"start":{"line":152,"column":23},"end":{"line":162,"column":5}},"line":152},"15":{"name":"(anonymous_15)","decl":{"start":{"line":170,"column":29},"end":{"line":170,"column":30}},"loc":{"start":{"line":170,"column":49},"end":{"line":189,"column":1}},"line":170},"16":{"name":"(anonymous_16)","decl":{"start":{"line":180,"column":29},"end":{"line":180,"column":30}},"loc":{"start":{"line":180,"column":44},"end":{"line":188,"column":3}},"line":180},"17":{"name":"(anonymous_17)","decl":{"start":{"line":183,"column":14},"end":{"line":183,"column":15}},"loc":{"start":{"line":183,"column":23},"end":{"line":187,"column":5}},"line":183},"18":{"name":"(anonymous_18)","decl":{"start":{"line":195,"column":28},"end":{"line":195,"column":29}},"loc":{"start":{"line":195,"column":48},"end":{"line":202,"column":1}},"line":195},"19":{"name":"(anonymous_19)","decl":{"start":{"line":196,"column":39},"end":{"line":196,"column":40}},"loc":{"start":{"line":196,"column":48},"end":{"line":201,"column":3}},"line":196},"20":{"name":"(anonymous_20)","decl":{"start":{"line":208,"column":25},"end":{"line":208,"column":26}},"loc":{"start":{"line":208,"column":45},"end":{"line":235,"column":1}},"line":208},"21":{"name":"(anonymous_21)","decl":{"start":{"line":210,"column":29},"end":{"line":210,"column":30}},"loc":{"start":{"line":210,"column":44},"end":{"line":234,"column":3}},"line":210},"22":{"name":"(anonymous_22)","decl":{"start":{"line":213,"column":61},"end":{"line":213,"column":62}},"loc":{"start":{"line":214,"column":6},"end":{"line":214,"column":43}},"line":214},"23":{"name":"(anonymous_23)","decl":{"start":{"line":229,"column":14},"end":{"line":229,"column":15}},"loc":{"start":{"line":229,"column":23},"end":{"line":233,"column":5}},"line":229},"24":{"name":"(anonymous_24)","decl":{"start":{"line":241,"column":19},"end":{"line":241,"column":20}},"loc":{"start":{"line":241,"column":39},"end":{"line":265,"column":1}},"line":241},"25":{"name":"(anonymous_25)","decl":{"start":{"line":255,"column":10},"end":{"line":255,"column":11}},"loc":{"start":{"line":255,"column":25},"end":{"line":264,"column":5}},"line":255},"26":{"name":"(anonymous_26)","decl":{"start":{"line":271,"column":30},"end":{"line":271,"column":31}},"loc":{"start":{"line":271,"column":50},"end":{"line":304,"column":1}},"line":271},"27":{"name":"(anonymous_27)","decl":{"start":{"line":287,"column":12},"end":{"line":287,"column":13}},"loc":{"start":{"line":287,"column":22},"end":{"line":297,"column":7}},"line":287},"28":{"name":"(anonymous_28)","decl":{"start":{"line":298,"column":13},"end":{"line":298,"column":14}},"loc":{"start":{"line":298,"column":24},"end":{"line":302,"column":7}},"line":298},"29":{"name":"(anonymous_29)","decl":{"start":{"line":310,"column":25},"end":{"line":310,"column":26}},"loc":{"start":{"line":310,"column":45},"end":{"line":385,"column":1}},"line":310},"30":{"name":"(anonymous_30)","decl":{"start":{"line":322,"column":10},"end":{"line":322,"column":11}},"loc":{"start":{"line":322,"column":19},"end":{"line":322,"column":38}},"line":322},"31":{"name":"(anonymous_31)","decl":{"start":{"line":324,"column":25},"end":{"line":324,"column":26}},"loc":{"start":{"line":324,"column":36},"end":{"line":332,"column":3}},"line":324},"32":{"name":"(anonymous_32)","decl":{"start":{"line":327,"column":12},"end":{"line":327,"column":13}},"loc":{"start":{"line":327,"column":22},"end":{"line":330,"column":7}},"line":327},"33":{"name":"(anonymous_33)","decl":{"start":{"line":334,"column":26},"end":{"line":334,"column":27}},"loc":{"start":{"line":334,"column":37},"end":{"line":378,"column":3}},"line":334},"34":{"name":"(anonymous_34)","decl":{"start":{"line":353,"column":12},"end":{"line":353,"column":13}},"loc":{"start":{"line":353,"column":18},"end":{"line":355,"column":7}},"line":353},"35":{"name":"(anonymous_35)","decl":{"start":{"line":356,"column":13},"end":{"line":356,"column":14}},"loc":{"start":{"line":356,"column":22},"end":{"line":377,"column":7}},"line":356},"36":{"name":"(anonymous_36)","decl":{"start":{"line":370,"column":18},"end":{"line":370,"column":19}},"loc":{"start":{"line":370,"column":24},"end":{"line":372,"column":13}},"line":370},"37":{"name":"(anonymous_37)","decl":{"start":{"line":383,"column":10},"end":{"line":383,"column":11}},"loc":{"start":{"line":383,"column":16},"end":{"line":383,"column":40}},"line":383},"38":{"name":"(anonymous_38)","decl":{"start":{"line":391,"column":20},"end":{"line":391,"column":21}},"loc":{"start":{"line":391,"column":40},"end":{"line":469,"column":1}},"line":391},"39":{"name":"(anonymous_39)","decl":{"start":{"line":402,"column":24},"end":{"line":402,"column":25}},"loc":{"start":{"line":403,"column":4},"end":{"line":420,"column":8}},"line":403},"40":{"name":"(anonymous_40)","decl":{"start":{"line":406,"column":12},"end":{"line":406,"column":13}},"loc":{"start":{"line":406,"column":22},"end":{"line":420,"column":7}},"line":406},"41":{"name":"(anonymous_41)","decl":{"start":{"line":414,"column":32},"end":{"line":414,"column":33}},"loc":{"start":{"line":414,"column":38},"end":{"line":419,"column":10}},"line":414},"42":{"name":"(anonymous_42)","decl":{"start":{"line":414,"column":50},"end":{"line":414,"column":51}},"loc":{"start":{"line":414,"column":71},"end":{"line":419,"column":9}},"line":414},"43":{"name":"(anonymous_43)","decl":{"start":{"line":415,"column":26},"end":{"line":415,"column":27}},"loc":{"start":{"line":415,"column":35},"end":{"line":418,"column":11}},"line":415},"44":{"name":"(anonymous_44)","decl":{"start":{"line":422,"column":33},"end":{"line":422,"column":34}},"loc":{"start":{"line":422,"column":43},"end":{"line":463,"column":3}},"line":422},"45":{"name":"(anonymous_45)","decl":{"start":{"line":438,"column":12},"end":{"line":438,"column":13}},"loc":{"start":{"line":438,"column":18},"end":{"line":440,"column":7}},"line":438},"46":{"name":"(anonymous_46)","decl":{"start":{"line":441,"column":13},"end":{"line":441,"column":14}},"loc":{"start":{"line":441,"column":22},"end":{"line":462,"column":7}},"line":441},"47":{"name":"(anonymous_47)","decl":{"start":{"line":455,"column":18},"end":{"line":455,"column":19}},"loc":{"start":{"line":455,"column":24},"end":{"line":457,"column":13}},"line":455},"48":{"name":"(anonymous_48)","decl":{"start":{"line":467,"column":10},"end":{"line":467,"column":11}},"loc":{"start":{"line":467,"column":16},"end":{"line":467,"column":57}},"line":467},"49":{"name":"(anonymous_49)","decl":{"start":{"line":468,"column":11},"end":{"line":468,"column":12}},"loc":{"start":{"line":468,"column":20},"end":{"line":468,"column":29}},"line":468},"50":{"name":"(anonymous_50)","decl":{"start":{"line":475,"column":20},"end":{"line":475,"column":21}},"loc":{"start":{"line":475,"column":34},"end":{"line":482,"column":1}},"line":475},"51":{"name":"(anonymous_51)","decl":{"start":{"line":488,"column":21},"end":{"line":488,"column":22}},"loc":{"start":{"line":488,"column":41},"end":{"line":567,"column":1}},"line":488},"52":{"name":"(anonymous_52)","decl":{"start":{"line":499,"column":10},"end":{"line":499,"column":11}},"loc":{"start":{"line":499,"column":19},"end":{"line":499,"column":38}},"line":499},"53":{"name":"(anonymous_53)","decl":{"start":{"line":501,"column":25},"end":{"line":501,"column":26}},"loc":{"start":{"line":502,"column":4},"end":{"line":513,"column":8}},"line":502},"54":{"name":"(anonymous_54)","decl":{"start":{"line":504,"column":12},"end":{"line":504,"column":13}},"loc":{"start":{"line":504,"column":22},"end":{"line":513,"column":7}},"line":504},"55":{"name":"(anonymous_55)","decl":{"start":{"line":515,"column":34},"end":{"line":515,"column":35}},"loc":{"start":{"line":515,"column":44},"end":{"line":560,"column":3}},"line":515},"56":{"name":"(anonymous_56)","decl":{"start":{"line":535,"column":12},"end":{"line":535,"column":13}},"loc":{"start":{"line":535,"column":18},"end":{"line":537,"column":7}},"line":535},"57":{"name":"(anonymous_57)","decl":{"start":{"line":538,"column":13},"end":{"line":538,"column":14}},"loc":{"start":{"line":538,"column":22},"end":{"line":559,"column":7}},"line":538},"58":{"name":"(anonymous_58)","decl":{"start":{"line":552,"column":18},"end":{"line":552,"column":19}},"loc":{"start":{"line":552,"column":24},"end":{"line":554,"column":13}},"line":552},"59":{"name":"(anonymous_59)","decl":{"start":{"line":565,"column":10},"end":{"line":565,"column":11}},"loc":{"start":{"line":565,"column":16},"end":{"line":565,"column":39}},"line":565}},"branchMap":{"0":{"loc":{"start":{"line":17,"column":2},"end":{"line":19,"column":3}},"type":"if","locations":[{"start":{"line":17,"column":2},"end":{"line":19,"column":3}},{"start":{"line":17,"column":2},"end":{"line":19,"column":3}}],"line":17},"1":{"loc":{"start":{"line":31,"column":2},"end":{"line":31,"column":112}},"type":"if","locations":[{"start":{"line":31,"column":2},"end":{"line":31,"column":112}},{"start":{"line":31,"column":2},"end":{"line":31,"column":112}}],"line":31},"2":{"loc":{"start":{"line":32,"column":2},"end":{"line":32,"column":104}},"type":"if","locations":[{"start":{"line":32,"column":2},"end":{"line":32,"column":104}},{"start":{"line":32,"column":2},"end":{"line":32,"column":104}}],"line":32},"3":{"loc":{"start":{"line":34,"column":2},"end":{"line":37,"column":3}},"type":"if","locations":[{"start":{"line":34,"column":2},"end":{"line":37,"column":3}},{"start":{"line":34,"column":2},"end":{"line":37,"column":3}}],"line":34},"4":{"loc":{"start":{"line":41,"column":4},"end":{"line":41,"column":34}},"type":"if","locations":[{"start":{"line":41,"column":4},"end":{"line":41,"column":34}},{"start":{"line":41,"column":4},"end":{"line":41,"column":34}}],"line":41},"5":{"loc":{"start":{"line":42,"column":4},"end":{"line":45,"column":5}},"type":"if","locations":[{"start":{"line":42,"column":4},"end":{"line":45,"column":5}},{"start":{"line":42,"column":4},"end":{"line":45,"column":5}}],"line":42},"6":{"loc":{"start":{"line":47,"column":6},"end":{"line":47,"column":36}},"type":"if","locations":[{"start":{"line":47,"column":6},"end":{"line":47,"column":36}},{"start":{"line":47,"column":6},"end":{"line":47,"column":36}}],"line":47},"7":{"loc":{"start":{"line":49,"column":19},"end":{"line":49,"column":46}},"type":"binary-expr","locations":[{"start":{"line":49,"column":19},"end":{"line":49,"column":39}},{"start":{"line":49,"column":43},"end":{"line":49,"column":46}}],"line":49},"8":{"loc":{"start":{"line":61,"column":4},"end":{"line":61,"column":86}},"type":"if","locations":[{"start":{"line":61,"column":4},"end":{"line":61,"column":86}},{"start":{"line":61,"column":4},"end":{"line":61,"column":86}}],"line":61},"9":{"loc":{"start":{"line":72,"column":2},"end":{"line":74,"column":3}},"type":"if","locations":[{"start":{"line":72,"column":2},"end":{"line":74,"column":3}},{"start":{"line":72,"column":2},"end":{"line":74,"column":3}}],"line":72},"10":{"loc":{"start":{"line":86,"column":2},"end":{"line":86,"column":112}},"type":"if","locations":[{"start":{"line":86,"column":2},"end":{"line":86,"column":112}},{"start":{"line":86,"column":2},"end":{"line":86,"column":112}}],"line":86},"11":{"loc":{"start":{"line":87,"column":2},"end":{"line":87,"column":136}},"type":"if","locations":[{"start":{"line":87,"column":2},"end":{"line":87,"column":136}},{"start":{"line":87,"column":2},"end":{"line":87,"column":136}}],"line":87},"12":{"loc":{"start":{"line":88,"column":2},"end":{"line":88,"column":111}},"type":"if","locations":[{"start":{"line":88,"column":2},"end":{"line":88,"column":111}},{"start":{"line":88,"column":2},"end":{"line":88,"column":111}}],"line":88},"13":{"loc":{"start":{"line":90,"column":2},"end":{"line":93,"column":3}},"type":"if","locations":[{"start":{"line":90,"column":2},"end":{"line":93,"column":3}},{"start":{"line":90,"column":2},"end":{"line":93,"column":3}}],"line":90},"14":{"loc":{"start":{"line":102,"column":4},"end":{"line":102,"column":34}},"type":"if","locations":[{"start":{"line":102,"column":4},"end":{"line":102,"column":34}},{"start":{"line":102,"column":4},"end":{"line":102,"column":34}}],"line":102},"15":{"loc":{"start":{"line":103,"column":4},"end":{"line":106,"column":5}},"type":"if","locations":[{"start":{"line":103,"column":4},"end":{"line":106,"column":5}},{"start":{"line":103,"column":4},"end":{"line":106,"column":5}}],"line":103},"16":{"loc":{"start":{"line":108,"column":6},"end":{"line":108,"column":36}},"type":"if","locations":[{"start":{"line":108,"column":6},"end":{"line":108,"column":36}},{"start":{"line":108,"column":6},"end":{"line":108,"column":36}}],"line":108},"17":{"loc":{"start":{"line":110,"column":8},"end":{"line":112,"column":9}},"type":"if","locations":[{"start":{"line":110,"column":8},"end":{"line":112,"column":9}},{"start":{"line":110,"column":8},"end":{"line":112,"column":9}}],"line":110},"18":{"loc":{"start":{"line":136,"column":2},"end":{"line":136,"column":112}},"type":"if","locations":[{"start":{"line":136,"column":2},"end":{"line":136,"column":112}},{"start":{"line":136,"column":2},"end":{"line":136,"column":112}}],"line":136},"19":{"loc":{"start":{"line":138,"column":2},"end":{"line":141,"column":3}},"type":"if","locations":[{"start":{"line":138,"column":2},"end":{"line":141,"column":3}},{"start":{"line":138,"column":2},"end":{"line":141,"column":3}}],"line":138},"20":{"loc":{"start":{"line":145,"column":4},"end":{"line":145,"column":34}},"type":"if","locations":[{"start":{"line":145,"column":4},"end":{"line":145,"column":34}},{"start":{"line":145,"column":4},"end":{"line":145,"column":34}}],"line":145},"21":{"loc":{"start":{"line":146,"column":4},"end":{"line":146,"column":66}},"type":"if","locations":[{"start":{"line":146,"column":4},"end":{"line":146,"column":66}},{"start":{"line":146,"column":4},"end":{"line":146,"column":66}}],"line":146},"22":{"loc":{"start":{"line":147,"column":17},"end":{"line":147,"column":37}},"type":"binary-expr","locations":[{"start":{"line":147,"column":17},"end":{"line":147,"column":31}},{"start":{"line":147,"column":35},"end":{"line":147,"column":37}}],"line":147},"23":{"loc":{"start":{"line":148,"column":24},"end":{"line":148,"column":43}},"type":"binary-expr","locations":[{"start":{"line":148,"column":24},"end":{"line":148,"column":37}},{"start":{"line":148,"column":41},"end":{"line":148,"column":43}}],"line":148},"24":{"loc":{"start":{"line":149,"column":26},"end":{"line":149,"column":47}},"type":"binary-expr","locations":[{"start":{"line":149,"column":26},"end":{"line":149,"column":41}},{"start":{"line":149,"column":45},"end":{"line":149,"column":47}}],"line":149},"25":{"loc":{"start":{"line":150,"column":28},"end":{"line":150,"column":51}},"type":"binary-expr","locations":[{"start":{"line":150,"column":28},"end":{"line":150,"column":45}},{"start":{"line":150,"column":49},"end":{"line":150,"column":51}}],"line":150},"26":{"loc":{"start":{"line":151,"column":27},"end":{"line":151,"column":49}},"type":"binary-expr","locations":[{"start":{"line":151,"column":27},"end":{"line":151,"column":43}},{"start":{"line":151,"column":47},"end":{"line":151,"column":49}}],"line":151},"27":{"loc":{"start":{"line":153,"column":6},"end":{"line":159,"column":7}},"type":"if","locations":[{"start":{"line":153,"column":6},"end":{"line":159,"column":7}},{"start":{"line":153,"column":6},"end":{"line":159,"column":7}}],"line":153},"28":{"loc":{"start":{"line":154,"column":8},"end":{"line":157,"column":9}},"type":"if","locations":[{"start":{"line":154,"column":8},"end":{"line":157,"column":9}},{"start":{"line":154,"column":8},"end":{"line":157,"column":9}}],"line":154},"29":{"loc":{"start":{"line":172,"column":2},"end":{"line":172,"column":136}},"type":"if","locations":[{"start":{"line":172,"column":2},"end":{"line":172,"column":136}},{"start":{"line":172,"column":2},"end":{"line":172,"column":136}}],"line":172},"30":{"loc":{"start":{"line":173,"column":2},"end":{"line":173,"column":111}},"type":"if","locations":[{"start":{"line":173,"column":2},"end":{"line":173,"column":111}},{"start":{"line":173,"column":2},"end":{"line":173,"column":111}}],"line":173},"31":{"loc":{"start":{"line":175,"column":2},"end":{"line":178,"column":3}},"type":"if","locations":[{"start":{"line":175,"column":2},"end":{"line":178,"column":3}},{"start":{"line":175,"column":2},"end":{"line":178,"column":3}}],"line":175},"32":{"loc":{"start":{"line":181,"column":4},"end":{"line":181,"column":34}},"type":"if","locations":[{"start":{"line":181,"column":4},"end":{"line":181,"column":34}},{"start":{"line":181,"column":4},"end":{"line":181,"column":34}}],"line":181},"33":{"loc":{"start":{"line":184,"column":6},"end":{"line":184,"column":36}},"type":"if","locations":[{"start":{"line":184,"column":6},"end":{"line":184,"column":36}},{"start":{"line":184,"column":6},"end":{"line":184,"column":36}}],"line":184},"34":{"loc":{"start":{"line":197,"column":4},"end":{"line":197,"column":34}},"type":"if","locations":[{"start":{"line":197,"column":4},"end":{"line":197,"column":34}},{"start":{"line":197,"column":4},"end":{"line":197,"column":34}}],"line":197},"35":{"loc":{"start":{"line":211,"column":4},"end":{"line":211,"column":34}},"type":"if","locations":[{"start":{"line":211,"column":4},"end":{"line":211,"column":34}},{"start":{"line":211,"column":4},"end":{"line":211,"column":34}}],"line":211},"36":{"loc":{"start":{"line":218,"column":4},"end":{"line":227,"column":5}},"type":"if","locations":[{"start":{"line":218,"column":4},"end":{"line":227,"column":5}},{"start":{"line":218,"column":4},"end":{"line":227,"column":5}}],"line":218},"37":{"loc":{"start":{"line":219,"column":6},"end":{"line":220,"column":51}},"type":"binary-expr","locations":[{"start":{"line":219,"column":6},"end":{"line":219,"column":36}},{"start":{"line":220,"column":9},"end":{"line":220,"column":51}}],"line":219},"38":{"loc":{"start":{"line":219,"column":8},"end":{"line":219,"column":35}},"type":"binary-expr","locations":[{"start":{"line":219,"column":8},"end":{"line":219,"column":18}},{"start":{"line":219,"column":22},"end":{"line":219,"column":35}}],"line":219},"39":{"loc":{"start":{"line":230,"column":6},"end":{"line":230,"column":36}},"type":"if","locations":[{"start":{"line":230,"column":6},"end":{"line":230,"column":36}},{"start":{"line":230,"column":6},"end":{"line":230,"column":36}}],"line":230},"40":{"loc":{"start":{"line":242,"column":2},"end":{"line":244,"column":3}},"type":"if","locations":[{"start":{"line":242,"column":2},"end":{"line":244,"column":3}},{"start":{"line":242,"column":2},"end":{"line":244,"column":3}}],"line":242},"41":{"loc":{"start":{"line":246,"column":2},"end":{"line":246,"column":114}},"type":"if","locations":[{"start":{"line":246,"column":2},"end":{"line":246,"column":114}},{"start":{"line":246,"column":2},"end":{"line":246,"column":114}}],"line":246},"42":{"loc":{"start":{"line":247,"column":2},"end":{"line":250,"column":3}},"type":"if","locations":[{"start":{"line":247,"column":2},"end":{"line":250,"column":3}},{"start":{"line":247,"column":2},"end":{"line":250,"column":3}}],"line":247},"43":{"loc":{"start":{"line":256,"column":6},"end":{"line":256,"column":36}},"type":"if","locations":[{"start":{"line":256,"column":6},"end":{"line":256,"column":36}},{"start":{"line":256,"column":6},"end":{"line":256,"column":36}}],"line":256},"44":{"loc":{"start":{"line":257,"column":6},"end":{"line":260,"column":7}},"type":"if","locations":[{"start":{"line":257,"column":6},"end":{"line":260,"column":7}},{"start":{"line":257,"column":6},"end":{"line":260,"column":7}}],"line":257},"45":{"loc":{"start":{"line":272,"column":2},"end":{"line":275,"column":3}},"type":"if","locations":[{"start":{"line":272,"column":2},"end":{"line":275,"column":3}},{"start":{"line":272,"column":2},"end":{"line":275,"column":3}}],"line":272},"46":{"loc":{"start":{"line":278,"column":2},"end":{"line":278,"column":136}},"type":"if","locations":[{"start":{"line":278,"column":2},"end":{"line":278,"column":136}},{"start":{"line":278,"column":2},"end":{"line":278,"column":136}}],"line":278},"47":{"loc":{"start":{"line":278,"column":6},"end":{"line":278,"column":70}},"type":"binary-expr","locations":[{"start":{"line":278,"column":6},"end":{"line":278,"column":22}},{"start":{"line":278,"column":27},"end":{"line":278,"column":69}}],"line":278},"48":{"loc":{"start":{"line":279,"column":2},"end":{"line":282,"column":3}},"type":"if","locations":[{"start":{"line":279,"column":2},"end":{"line":282,"column":3}},{"start":{"line":279,"column":2},"end":{"line":282,"column":3}}],"line":279},"49":{"loc":{"start":{"line":284,"column":2},"end":{"line":303,"column":3}},"type":"if","locations":[{"start":{"line":284,"column":2},"end":{"line":303,"column":3}},{"start":{"line":284,"column":2},"end":{"line":303,"column":3}}],"line":284},"50":{"loc":{"start":{"line":288,"column":8},"end":{"line":291,"column":9}},"type":"if","locations":[{"start":{"line":288,"column":8},"end":{"line":291,"column":9}},{"start":{"line":288,"column":8},"end":{"line":291,"column":9}}],"line":288},"51":{"loc":{"start":{"line":311,"column":2},"end":{"line":314,"column":3}},"type":"if","locations":[{"start":{"line":311,"column":2},"end":{"line":314,"column":3}},{"start":{"line":311,"column":2},"end":{"line":314,"column":3}}],"line":311},"52":{"loc":{"start":{"line":316,"column":2},"end":{"line":319,"column":3}},"type":"if","locations":[{"start":{"line":316,"column":2},"end":{"line":319,"column":3}},{"start":{"line":316,"column":2},"end":{"line":319,"column":3}}],"line":316},"53":{"loc":{"start":{"line":357,"column":8},"end":{"line":373,"column":9}},"type":"if","locations":[{"start":{"line":357,"column":8},"end":{"line":373,"column":9}},{"start":{"line":357,"column":8},"end":{"line":373,"column":9}}],"line":357},"54":{"loc":{"start":{"line":393,"column":2},"end":{"line":393,"column":136}},"type":"if","locations":[{"start":{"line":393,"column":2},"end":{"line":393,"column":136}},{"start":{"line":393,"column":2},"end":{"line":393,"column":136}}],"line":393},"55":{"loc":{"start":{"line":394,"column":2},"end":{"line":394,"column":103}},"type":"if","locations":[{"start":{"line":394,"column":2},"end":{"line":394,"column":103}},{"start":{"line":394,"column":2},"end":{"line":394,"column":103}}],"line":394},"56":{"loc":{"start":{"line":395,"column":2},"end":{"line":395,"column":114}},"type":"if","locations":[{"start":{"line":395,"column":2},"end":{"line":395,"column":114}},{"start":{"line":395,"column":2},"end":{"line":395,"column":114}}],"line":395},"57":{"loc":{"start":{"line":397,"column":2},"end":{"line":400,"column":3}},"type":"if","locations":[{"start":{"line":397,"column":2},"end":{"line":400,"column":3}},{"start":{"line":397,"column":2},"end":{"line":400,"column":3}}],"line":397},"58":{"loc":{"start":{"line":407,"column":8},"end":{"line":410,"column":9}},"type":"if","locations":[{"start":{"line":407,"column":8},"end":{"line":410,"column":9}},{"start":{"line":407,"column":8},"end":{"line":410,"column":9}}],"line":407},"59":{"loc":{"start":{"line":416,"column":12},"end":{"line":416,"column":44}},"type":"if","locations":[{"start":{"line":416,"column":12},"end":{"line":416,"column":44}},{"start":{"line":416,"column":12},"end":{"line":416,"column":44}}],"line":416},"60":{"loc":{"start":{"line":423,"column":4},"end":{"line":423,"column":26}},"type":"if","locations":[{"start":{"line":423,"column":4},"end":{"line":423,"column":26}},{"start":{"line":423,"column":4},"end":{"line":423,"column":26}}],"line":423},"61":{"loc":{"start":{"line":442,"column":8},"end":{"line":458,"column":9}},"type":"if","locations":[{"start":{"line":442,"column":8},"end":{"line":458,"column":9}},{"start":{"line":442,"column":8},"end":{"line":458,"column":9}}],"line":442},"62":{"loc":{"start":{"line":467,"column":18},"end":{"line":467,"column":55}},"type":"if","locations":[{"start":{"line":467,"column":18},"end":{"line":467,"column":55}},{"start":{"line":467,"column":18},"end":{"line":467,"column":55}}],"line":467},"63":{"loc":{"start":{"line":476,"column":2},"end":{"line":478,"column":3}},"type":"if","locations":[{"start":{"line":476,"column":2},"end":{"line":478,"column":3}},{"start":{"line":476,"column":2},"end":{"line":478,"column":3}}],"line":476},"64":{"loc":{"start":{"line":490,"column":2},"end":{"line":490,"column":112}},"type":"if","locations":[{"start":{"line":490,"column":2},"end":{"line":490,"column":112}},{"start":{"line":490,"column":2},"end":{"line":490,"column":112}}],"line":490},"65":{"loc":{"start":{"line":492,"column":2},"end":{"line":495,"column":3}},"type":"if","locations":[{"start":{"line":492,"column":2},"end":{"line":495,"column":3}},{"start":{"line":492,"column":2},"end":{"line":495,"column":3}}],"line":492},"66":{"loc":{"start":{"line":505,"column":8},"end":{"line":511,"column":9}},"type":"if","locations":[{"start":{"line":505,"column":8},"end":{"line":511,"column":9}},{"start":{"line":505,"column":8},"end":{"line":511,"column":9}}],"line":505},"67":{"loc":{"start":{"line":516,"column":4},"end":{"line":516,"column":26}},"type":"if","locations":[{"start":{"line":516,"column":4},"end":{"line":516,"column":26}},{"start":{"line":516,"column":4},"end":{"line":516,"column":26}}],"line":516},"68":{"loc":{"start":{"line":539,"column":8},"end":{"line":555,"column":9}},"type":"if","locations":[{"start":{"line":539,"column":8},"end":{"line":555,"column":9}},{"start":{"line":539,"column":8},"end":{"line":555,"column":9}}],"line":539}},"s":{"0":1,"1":1,"2":1,"3":1,"4":1,"5":1,"6":1,"7":1,"8":1,"9":1,"10":0,"11":0,"12":0,"13":1,"14":0,"15":0,"16":0,"17":0,"18":0,"19":0,"20":0,"21":0,"22":0,"23":0,"24":0,"25":0,"26":0,"27":0,"28":0,"29":0,"30":0,"31":0,"32":0,"33":0,"34":1,"35":0,"36":0,"37":0,"38":0,"39":0,"40":0,"41":1,"42":0,"43":0,"44":0,"45":1,"46":0,"47":0,"48":0,"49":0,"50":0,"51":0,"52":0,"53":0,"54":0,"55":0,"56":0,"57":0,"58":0,"59":0,"60":0,"61":0,"62":0,"63":0,"64":0,"65":0,"66":0,"67":0,"68":0,"69":0,"70":0,"71":1,"72":0,"73":1,"74":0,"75":0,"76":0,"77":0,"78":0,"79":0,"80":0,"81":0,"82":0,"83":0,"84":0,"85":0,"86":0,"87":0,"88":0,"89":0,"90":0,"91":0,"92":0,"93":0,"94":0,"95":0,"96":0,"97":0,"98":0,"99":1,"100":0,"101":0,"102":0,"103":0,"104":0,"105":0,"106":0,"107":0,"108":0,"109":0,"110":0,"111":0,"112":0,"113":0,"114":0,"115":0,"116":0,"117":1,"118":0,"119":0,"120":0,"121":0,"122":0,"123":0,"124":1,"125":0,"126":0,"127":0,"128":0,"129":0,"130":0,"131":0,"132":0,"133":0,"134":0,"135":0,"136":0,"137":0,"138":0,"139":0,"140":0,"141":1,"142":0,"143":0,"144":0,"145":0,"146":0,"147":0,"148":0,"149":0,"150":0,"151":0,"152":0,"153":0,"154":0,"155":0,"156":0,"157":1,"158":0,"159":0,"160":0,"161":0,"162":0,"163":0,"164":0,"165":0,"166":0,"167":0,"168":0,"169":0,"170":0,"171":0,"172":0,"173":0,"174":0,"175":0,"176":0,"177":0,"178":0,"179":0,"180":1,"181":0,"182":0,"183":0,"184":0,"185":0,"186":0,"187":0,"188":0,"189":0,"190":0,"191":0,"192":0,"193":0,"194":0,"195":0,"196":0,"197":0,"198":0,"199":0,"200":0,"201":0,"202":0,"203":0,"204":0,"205":0,"206":0,"207":0,"208":0,"209":1,"210":0,"211":0,"212":0,"213":0,"214":0,"215":0,"216":0,"217":0,"218":0,"219":0,"220":0,"221":0,"222":0,"223":0,"224":0,"225":0,"226":0,"227":0,"228":0,"229":0,"230":0,"231":0,"232":0,"233":0,"234":0,"235":0,"236":0,"237":0,"238":0,"239":0,"240":0,"241":0,"242":0,"243":0,"244":0,"245":0,"246":0,"247":0,"248":0,"249":0,"250":0,"251":0,"252":0,"253":1,"254":0,"255":0,"256":0,"257":1,"258":0,"259":0,"260":0,"261":0,"262":0,"263":0,"264":0,"265":0,"266":0,"267":0,"268":0,"269":0,"270":0,"271":0,"272":0,"273":0,"274":0,"275":0,"276":0,"277":0,"278":0,"279":0,"280":0,"281":0,"282":0,"283":0,"284":0,"285":0,"286":0,"287":0,"288":0,"289":0,"290":0,"291":0,"292":0},"f":{"0":0,"1":0,"2":0,"3":0,"4":0,"5":0,"6":0,"7":0,"8":0,"9":0,"10":0,"11":0,"12":0,"13":0,"14":0,"15":0,"16":0,"17":0,"18":0,"19":0,"20":0,"21":0,"22":0,"23":0,"24":0,"25":0,"26":0,"27":0,"28":0,"29":0,"30":0,"31":0,"32":0,"33":0,"34":0,"35":0,"36":0,"37":0,"38":0,"39":0,"40":0,"41":0,"42":0,"43":0,"44":0,"45":0,"46":0,"47":0,"48":0,"49":0,"50":0,"51":0,"52":0,"53":0,"54":0,"55":0,"56":0,"57":0,"58":0,"59":0},"b":{"0":[0,0],"1":[0,0],"2":[0,0],"3":[0,0],"4":[0,0],"5":[0,0],"6":[0,0],"7":[0,0],"8":[0,0],"9":[0,0],"10":[0,0],"11":[0,0],"12":[0,0],"13":[0,0],"14":[0,0],"15":[0,0],"16":[0,0],"17":[0,0],"18":[0,0],"19":[0,0],"20":[0,0],"21":[0,0],"22":[0,0],"23":[0,0],"24":[0,0],"25":[0,0],"26":[0,0],"27":[0,0],"28":[0,0],"29":[0,0],"30":[0,0],"31":[0,0],"32":[0,0],"33":[0,0],"34":[0,0],"35":[0,0],"36":[0,0],"37":[0,0],"38":[0,0],"39":[0,0],"40":[0,0],"41":[0,0],"42":[0,0],"43":[0,0],"44":[0,0],"45":[0,0],"46":[0,0],"47":[0,0],"48":[0,0],"49":[0,0],"50":[0,0],"51":[0,0],"52":[0,0],"53":[0,0],"54":[0,0],"55":[0,0],"56":[0,0],"57":[0,0],"58":[0,0],"59":[0,0],"60":[0,0],"61":[0,0],"62":[0,0],"63":[0,0],"64":[0,0],"65":[0,0],"66":[0,0],"67":[0,0],"68":[0,0]},"_coverageSchema":"1a1c01bbd47fc00a2c39e90264f33305004495a9","hash":"76ff94f9f9eb6638146912db999edfddabe8253d","contentHash":"f6ad51f12fb7b2a5f88e0ac3b6810767c8144f13d8e2a20da4cb382455d6ffea"},"E:\\Work Work\\Ki 9\\capstone-back-end\\models\\User.js":{"path":"E:\\Work Work\\Ki 9\\capstone-back-end\\models\\User.js","statementMap":{"0":{"start":{"line":1,"column":15},"end":{"line":1,"column":32}},"1":{"start":{"line":2,"column":15},"end":{"line":2,"column":32}},"2":{"start":{"line":3,"column":17},"end":{"line":3,"column":36}},"3":{"start":{"line":4,"column":15},"end":{"line":4,"column":30}},"4":{"start":{"line":6,"column":19},"end":{"line":27,"column":24}},"5":{"start":{"line":32,"column":0},"end":{"line":46,"column":3}},"6":{"start":{"line":33,"column":15},"end":{"line":33,"column":19}},"7":{"start":{"line":34,"column":2},"end":{"line":44,"column":3}},"8":{"start":{"line":35,"column":4},"end":{"line":35,"column":56}},"9":{"start":{"line":35,"column":40},"end":{"line":35,"column":54}},"10":{"start":{"line":36,"column":4},"end":{"line":43,"column":7}},"11":{"start":{"line":37,"column":6},"end":{"line":37,"column":36}},"12":{"start":{"line":37,"column":17},"end":{"line":37,"column":34}},"13":{"start":{"line":38,"column":6},"end":{"line":42,"column":9}},"14":{"start":{"line":39,"column":8},"end":{"line":39,"column":38}},"15":{"start":{"line":39,"column":19},"end":{"line":39,"column":36}},"16":{"start":{"line":40,"column":8},"end":{"line":40,"column":29}},"17":{"start":{"line":41,"column":8},"end":{"line":41,"column":15}},"18":{"start":{"line":45,"column":2},"end":{"line":45,"column":9}},"19":{"start":{"line":51,"column":0},"end":{"line":55,"column":2}},"20":{"start":{"line":52,"column":2},"end":{"line":54,"column":5}},"21":{"start":{"line":53,"column":4},"end":{"line":53,"column":21}},"22":{"start":{"line":60,"column":0},"end":{"line":69,"column":2}},"23":{"start":{"line":61,"column":2},"end":{"line":63,"column":3}},"24":{"start":{"line":62,"column":4},"end":{"line":62,"column":15}},"25":{"start":{"line":64,"column":2},"end":{"line":66,"column":3}},"26":{"start":{"line":65,"column":4},"end":{"line":65,"column":60}},"27":{"start":{"line":67,"column":14},"end":{"line":67,"column":71}},"28":{"start":{"line":68,"column":2},"end":{"line":68,"column":64}},"29":{"start":{"line":71,"column":13},"end":{"line":71,"column":47}},"30":{"start":{"line":73,"column":0},"end":{"line":73,"column":22}}},"fnMap":{"0":{"name":"save","decl":{"start":{"line":32,"column":32},"end":{"line":32,"column":36}},"loc":{"start":{"line":32,"column":43},"end":{"line":46,"column":1}},"line":32},"1":{"name":"(anonymous_1)","decl":{"start":{"line":36,"column":23},"end":{"line":36,"column":24}},"loc":{"start":{"line":36,"column":38},"end":{"line":43,"column":5}},"line":36},"2":{"name":"(anonymous_2)","decl":{"start":{"line":38,"column":39},"end":{"line":38,"column":40}},"loc":{"start":{"line":38,"column":54},"end":{"line":42,"column":7}},"line":38},"3":{"name":"comparePassword","decl":{"start":{"line":51,"column":46},"end":{"line":51,"column":61}},"loc":{"start":{"line":51,"column":85},"end":{"line":55,"column":1}},"line":51},"4":{"name":"(anonymous_4)","decl":{"start":{"line":52,"column":51},"end":{"line":52,"column":52}},"loc":{"start":{"line":52,"column":69},"end":{"line":54,"column":3}},"line":52},"5":{"name":"gravatar","decl":{"start":{"line":60,"column":39},"end":{"line":60,"column":47}},"loc":{"start":{"line":60,"column":54},"end":{"line":69,"column":1}},"line":60}},"branchMap":{"0":{"loc":{"start":{"line":34,"column":2},"end":{"line":44,"column":3}},"type":"if","locations":[{"start":{"line":34,"column":2},"end":{"line":44,"column":3}},{"start":{"line":34,"column":2},"end":{"line":44,"column":3}}],"line":34},"1":{"loc":{"start":{"line":35,"column":4},"end":{"line":35,"column":56}},"type":"if","locations":[{"start":{"line":35,"column":4},"end":{"line":35,"column":56}},{"start":{"line":35,"column":4},"end":{"line":35,"column":56}}],"line":35},"2":{"loc":{"start":{"line":37,"column":6},"end":{"line":37,"column":36}},"type":"if","locations":[{"start":{"line":37,"column":6},"end":{"line":37,"column":36}},{"start":{"line":37,"column":6},"end":{"line":37,"column":36}}],"line":37},"3":{"loc":{"start":{"line":39,"column":8},"end":{"line":39,"column":38}},"type":"if","locations":[{"start":{"line":39,"column":8},"end":{"line":39,"column":38}},{"start":{"line":39,"column":8},"end":{"line":39,"column":38}}],"line":39},"4":{"loc":{"start":{"line":61,"column":2},"end":{"line":63,"column":3}},"type":"if","locations":[{"start":{"line":61,"column":2},"end":{"line":63,"column":3}},{"start":{"line":61,"column":2},"end":{"line":63,"column":3}}],"line":61},"5":{"loc":{"start":{"line":64,"column":2},"end":{"line":66,"column":3}},"type":"if","locations":[{"start":{"line":64,"column":2},"end":{"line":66,"column":3}},{"start":{"line":64,"column":2},"end":{"line":66,"column":3}}],"line":64}},"s":{"0":1,"1":1,"2":1,"3":1,"4":1,"5":1,"6":0,"7":0,"8":0,"9":0,"10":0,"11":0,"12":0,"13":0,"14":0,"15":0,"16":0,"17":0,"18":0,"19":1,"20":0,"21":0,"22":1,"23":0,"24":0,"25":0,"26":0,"27":0,"28":0,"29":1,"30":1},"f":{"0":0,"1":0,"2":0,"3":0,"4":0,"5":0},"b":{"0"
[...]
lumn":4},"end":{"line":131,"column":107}},"type":"if","locations":[{"start":{"line":127,"column":4},"end":{"line":131,"column":107}},{"start":{"line":127,"column":4},"end":{"line":131,"column":107}}],"line":127},"15":{"loc":{"start":{"line":133,"column":4},"end":{"line":135,"column":7}},"type":"if","locations":[{"start":{"line":133,"column":4},"end":{"line":135,"column":7}},{"start":{"line":133,"column":4},"end":{"line":135,"column":7}}],"line":133}},"s":{"0":1,"1":1,"2":1,"3":1,"4":1,"5":1,"6":1,"7":1,"8":1,"9":4,"10":4,"11":16,"12":4,"13":1,"14":0,"15":0,"16":0,"17":0,"18":0,"19":0,"20":0,"21":0,"22":0,"23":0,"24":0,"25":0,"26":0,"27":0,"28":0,"29":1,"30":0,"31":0,"32":0,"33":0,"34":0,"35":0,"36":1,"37":1,"38":1,"39":0,"40":1,"41":1,"42":2,"43":1,"44":1,"45":0,"46":1,"47":1,"48":1,"49":0,"50":0,"51":0,"52":0,"53":0,"54":1,"55":1,"56":9,"57":1,"58":1,"59":1,"60":0,"61":1,"62":1,"63":0,"64":1,"65":1,"66":0,"67":1,"68":1,"69":1,"70":1,"71":1,"72":1},"f":{"0":4,"1":16,"2":0,"3":0,"4":1,"5":2,"6":1,"7":0,"8":9,"9":1,"10":0,"11":1},"b":{"0":[0,0],"1":[0,0],"2":[0,0],"3":[0,0],"4":[0,0],"5":[0,0],"6":[0,1],"7":[1,1],"8":[0,1],"9":[0,1],"10":[0,0],"11":[0,0],"12":[1,0],"13":[0,1],"14":[1,0],"15":[1,0]},"_coverageSchema":"1a1c01bbd47fc00a2c39e90264f33305004495a9","hash":"3afd0e3cbe1b316c3de7dba6a4a6b3c63e4e0001","contentHash":"bdd2e584eb33d0429257a2372e79a34d7c5582cade01d308b09c63f1152fd22e"},"E:\\Work Work\\Ki 9\\capstone-back-end\\models\\FAQCounter.js":{"path":"E:\\Work Work\\Ki 9\\capstone-back-end\\models\\FAQCounter.js","statementMap":{"0":{"start":{"line":1,"column":17},"end":{"line":1,"column":36}},"1":{"start":{"line":2,"column":15},"end":{"line":2,"column":30}},"2":{"start":{"line":4,"column":19},"end":{"line":6,"column":2}},"3":{"start":{"line":8,"column":19},"end":{"line":8,"column":59}},"4":{"start":{"line":9,"column":0},"end":{"line":9,"column":28}}},"fnMap":{},"branchMap":{},"s":{"0":1,"1":1,"2":1,"3":1,"4":1},"f":{},"b":{},"_coverageSchema":"1a1c01bbd47fc00a2c39e90264f33305004495a9","hash":"cf52415108d99df3f2fa1e5e368ff84c66c7fd96","contentHash":"236ab7a6126fe06a67cf927f21eba5593c4d096cf5b41e2ac3b44584097c1cc6"},"E:\\Work Work\\Ki 9\\capstone-back-end\\config\\passport.js":{"path":"E:\\Work Work\\Ki 9\\capstone-back-end\\config\\passport.js","statementMap":{"0":{"start":{"line":1,"column":17},"end":{"line":1,"column":36}},"1":{"start":{"line":2,"column":16},"end":{"line":2,"column":50}},"2":{"start":{"line":3,"column":14},"end":{"line":3,"column":30}},"3":{"start":{"line":4,"column":36},"end":{"line":4,"column":61}},"4":{"start":{"line":5,"column":43},"end":{"line":5,"column":75}},"5":{"start":{"line":6,"column":26},"end":{"line":6,"column":51}},"6":{"start":{"line":7,"column":27},"end":{"line":7,"column":52}},"7":{"start":{"line":8,"column":10},"end":{"line":8,"column":27}},"8":{"start":{"line":9,"column":15},"end":{"line":9,"column":32}},"9":{"start":{"line":10,"column":16},"end":{"line":10,"column":41}},"10":{"start":{"line":11,"column":13},"end":{"line":11,"column":38}},"11":{"start":{"line":13,"column":0},"end":{"line":15,"column":3}},"12":{"start":{"line":14,"column":2},"end":{"line":14,"column":22}},"13":{"start":{"line":17,"column":0},"end":{"line":21,"column":3}},"14":{"start":{"line":18,"column":2},"end":{"line":20,"column":5}},"15":{"start":{"line":19,"column":4},"end":{"line":19,"column":20}},"16":{"start":{"line":26,"column":0},"end":{"line":52,"column":4}},"17":{"start":{"line":33,"column":2},"end":{"line":50,"column":5}},"18":{"start":{"line":35,"column":4},"end":{"line":35,"column":34}},"19":{"start":{"line":35,"column":15},"end":{"line":35,"column":32}},"20":{"start":{"line":36,"column":4},"end":{"line":38,"column":5}},"21":{"start":{"line":37,"column":6},"end":{"line":37,"column":69}},"22":{"start":{"line":39,"column":4},"end":{"line":41,"column":5}},"23":{"start":{"line":40,"column":6},"end":{"line":40,"column":198}},"24":{"start":{"line":43,"column":4},"end":{"line":49,"column":7}},"25":{"start":{"line":44,"column":6},"end":{"line":44,"column":36}},"26":{"start":{"line":44,"column":17},"end":{"line":44,"column":34}},"27":{"start":{"line":45,"column":6},"end":{"line":47,"column":7}},"28":{"start":{"line":46,"column":8},"end":{"line":46,"column":32}},"29":{"start":{"line":48,"column":6},"end":{"line":48,"column":70}},"30":{"start":{"line":72,"column":17},"end":{"line":72,"column":92}},"31":{"start":{"line":73,"column":21},"end":{"line":73,"column":47}},"32":{"start":{"line":75,"column":29},"end":{"line":123,"column":2}},"33":{"start":{"line":81,"column":4},"end":{"line":122,"column":7}},"34":{"start":{"line":83,"column":6},"end":{"line":83,"column":36}},"35":{"start":{"line":83,"column":17},"end":{"line":83,"column":34}},"36":{"start":{"line":84,"column":6},"end":{"line":86,"column":7}},"37":{"start":{"line":85,"column":8},"end":{"line":85,"column":40}},"38":{"start":{"line":89,"column":6},"end":{"line":121,"column":9}},"39":{"start":{"line":90,"column":8},"end":{"line":90,"column":38}},"40":{"start":{"line":90,"column":19},"end":{"line":90,"column":36}},"41":{"start":{"line":91,"column":8},"end":{"line":120,"column":9}},"42":{"start":{"line":93,"column":10},"end":{"line":93,"column":176}},"43":{"start":{"line":94,"column":10},"end":{"line":94,"column":20}},"44":{"start":{"line":97,"column":22},"end":{"line":97,"column":45}},"45":{"start":{"line":98,"column":23},"end":{"line":98,"column":33}},"46":{"start":{"line":99,"column":23},"end":{"line":104,"column":11}},"47":{"start":{"line":106,"column":21},"end":{"line":106,"column":31}},"48":{"start":{"line":107,"column":32},"end":{"line":107,"column":34}},"49":{"start":{"line":108,"column":10},"end":{"line":108,"column":62}},"50":{"start":{"line":109,"column":10},"end":{"line":109,"column":67}},"51":{"start":{"line":110,"column":10},"end":{"line":110,"column":57}},"52":{"start":{"line":113,"column":23},"end":{"line":113,"column":99}},"53":{"start":{"line":115,"column":10},"end":{"line":119,"column":11}},"54":{"start":{"line":116,"column":12},"end":{"line":116,"column":36}},"55":{"start":{"line":118,"column":12},"end":{"line":118,"column":22}},"56":{"start":{"line":124,"column":0},"end":{"line":124,"column":45}},"57":{"start":{"line":125,"column":0},"end":{"line":125,"column":44}},"58":{"start":{"line":131,"column":0},"end":{"line":136,"column":2}},"59":{"start":{"line":132,"column":2},"end":{"line":134,"column":3}},"60":{"start":{"line":133,"column":4},"end":{"line":133,"column":18}},"61":{"start":{"line":135,"column":2},"end":{"line":135,"column":25}},"62":{"start":{"line":141,"column":0},"end":{"line":185,"column":2}},"63":{"start":{"line":142,"column":19},"end":{"line":142,"column":41}},"64":{"start":{"line":143,"column":16},"end":{"line":143,"column":72}},"65":{"start":{"line":143,"column":48},"end":{"line":143,"column":71}},"66":{"start":{"line":144,"column":2},"end":{"line":184,"column":3}},"67":{"start":{"line":152,"column":4},"end":{"line":181,"column":5}},"68":{"start":{"line":153,"column":6},"end":{"line":178,"column":7}},"69":{"start":{"line":154,"column":8},"end":{"line":175,"column":9}},"70":{"start":{"line":155,"column":10},"end":{"line":155,"column":44}},"71":{"start":{"line":157,"column":10},"end":{"line":174,"column":13}},"72":{"start":{"line":158,"column":12},"end":{"line":173,"column":15}},"73":{"start":{"line":159,"column":14},"end":{"line":166,"column":17}},"74":{"start":{"line":160,"column":16},"end":{"line":164,"column":17}},"75":{"start":{"line":161,"column":18},"end":{"line":161,"column":56}},"76":{"start":{"line":162,"column":18},"end":{"line":162,"column":126}},"77":{"start":{"line":162,"column":41},"end":{"line":162,"column":126}},"78":{"start":{"line":163,"column":18},"end":{"line":163,"column":30}},"79":{"start":{"line":165,"column":16},"end":{"line":165,"column":29}},"80":{"start":{"line":167,"column":14},"end":{"line":167,"column":30}},"81":{"start":{"line":168,"column":14},"end":{"line":168,"column":42}},"82":{"start":{"line":169,"column":14},"end":{"line":172,"column":17}},"83":{"start":{"line":170,"column":16},"end":{"line":170,"column":42}},"84":{"start":{"line":170,"column":25},"end":{"line":170,"column":42}},"85":{"start":{"line":171,"column":16},"end":{"line":171,"column":23}},"86":{"start":{"line":177,"column":8},"end":{"line":177,"column":42}},"87":{"start":{"line":180,"column":6},"end":{"line":180,"column":13}},"88":{"start":{"line":183,"column":4},"end":{"line":183,"column":38}}},"fnMap":{"0":{"name":"(anonymous_0)","decl":{"start":{"line":13,"column":23},"end":{"line":13,"column":24}},"loc":{"start":{"line":13,"column":39},"end":{"line":15,"column":1}},"line":13},"1":{"name":"(anonymous_1)","decl":{"start":{"line":17,"column":25},"end":{"line":17,"column":26}},"loc":{"start":{"line":17,"column":39},"end":{"line":21,"column":1}},"line":17},"2":{"name":"(anonymous_2)","decl":{"start":{"line":18,"column":20},"end":{"line":18,"column":21}},"loc":{"start":{"line":18,"column":35},"end":{"line":20,"column":3}},"line":18},"3":{"name":"(anonymous_3)","decl":{"start":{"line":31,"column":4},"end":{"line":31,"column":5}},"loc":{"start":{"line":31,"column":31},"end":{"line":52,"column":1}},"line":31},"4":{"name":"(anonymous_4)","decl":{"start":{"line":33,"column":47},"end":{"line":33,"column":48}},"loc":{"start":{"line":33,"column":62},"end":{"line":50,"column":3}},"line":33},"5":{"name":"(anonymous_5)","decl":{"start":{"line":43,"column":35},"end":{"line":43,"column":36}},"loc":{"start":{"line":43,"column":53},"end":{"line":49,"column":5}},"line":43},"6":{"name":"(anonymous_6)","decl":{"start":{"line":80,"column":3},"end":{"line":80,"column":4}},"loc":{"start":{"line":80,"column":62},"end":{"line":123,"column":1}},"line":80},"7":{"name":"(anonymous_7)","decl":{"start":{"line":81,"column":41},"end":{"line":81,"column":42}},"loc":{"start":{"line":81,"column":64},"end":{"line":122,"column":5}},"line":81},"8":{"name":"(anonymous_8)","decl":{"start":{"line":89,"column":55},"end":{"line":89,"column":56}},"loc":{"start":{"line":89,"column":89},"end":{"line":121,"column":7}},"line":89},"9":{"name":"(anonymous_9)","decl":{"start":{"line":131,"column":26},"end":{"line":131,"column":27}},"loc":{"start":{"line":131,"column":46},"end":{"line":136,"column":1}},"line":131},"10":{"name":"(anonymous_10)","decl":{"start":{"line":141,"column":23},"end":{"line":141,"column":24}},"loc":{"start":{"line":141,"column":43},"end":{"line":185,"column":1}},"line":141},"11":{"name":"(anonymous_11)","decl":{"start":{"line":143,"column":37},"end":{"line":143,"column":38}},"loc":{"start":{"line":143,"column":48},"end":{"line":143,"column":71}},"line":143},"12":{"name":"(anonymous_12)","decl":{"start":{"line":157,"column":75},"end":{"line":157,"column":76}},"loc":{"start":{"line":157,"column":119},"end":{"line":174,"column":11}},"line":157},"13":{"name":"(anonymous_13)","decl":{"start":{"line":158,"column":39},"end":{"line":158,"column":40}},"loc":{"start":{"line":158,"column":54},"end":{"line":173,"column":13}},"line":158},"14":{"name":"(anonymous_14)","decl":{"start":{"line":159,"column":31},"end":{"line":159,"column":32}},"loc":{"start":{"line":159,"column":48},"end":{"line":166,"column":15}},"line":159},"15":{"name":"(anonymous_15)","decl":{"start":{"line":169,"column":24},"end":{"line":169,"column":25}},"loc":{"start":{"line":169,"column":33},"end":{"line":172,"column":15}},"line":169}},"branchMap":{"0":{"loc":{"start":{"line":35,"column":4},"end":{"line":35,"column":34}},"type":"if","locations":[{"start":{"line":35,"column":4},"end":{"line":35,"column":34}},{"start":{"line":35,"column":4},"end":{"line":35,"column":34}}],"line":35},"1":{"loc":{"start":{"line":36,"column":4},"end":{"line":38,"column":5}},"type":"if","locations":[{"start":{"line":36,"column":4},"end":{"line":38,"column":5}},{"start":{"line":36,"column":4},"end":{"line":38,"column":5}}],"line":36},"2":{"loc":{"start":{"line":39,"column":4},"end":{"line":41,"column":5}},"type":"if","locations":[{"start":{"line":39,"column":4},"end":{"line":41,"column":5}},{"start":{"line":39,"column":4},"end":{"line":41,"column":5}}],"line":39},"3":{"loc":{"start":{"line":44,"column":6},"end":{"line":44,"column":36}},"type":"if","locations":[{"start":{"line":44,"column":6},"end":{"line":44,"column":36}},{"start":{"line":44,"column":6},"end":{"line":44,"column":36}}],"line":44},"4":{"loc":{"start":{"line":45,"column":6},"end":{"line":47,"column":7}},"type":"if","locations":[{"start":{"line":45,"column":6},"end":{"line":47,"column":7}},{"start":{"line":45,"column":6},"end":{"line":47,"column":7}}],"line":45},"5":{"loc":{"start":{"line":83,"column":6},"end":{"line":83,"column":36}},"type":"if","locations":[{"start":{"line":83,"column":6},"end":{"line":83,"column":36}},{"start":{"line":83,"column":6},"end":{"line":83,"column":36}}],"line":83},"6":{"loc":{"start":{"line":84,"column":6},"end":{"line":86,"column":7}},"type":"if","locations":[{"start":{"line":84,"column":6},"end":{"line":86,"column":7}},{"start":{"line":84,"column":6},"end":{"line":86,"column":7}}],"line":84},"7":{"loc":{"start":{"line":90,"column":8},"end":{"line":90,"column":38}},"type":"if","locations":[{"start":{"line":90,"column":8},"end":{"line":90,"column":38}},{"start":{"line":90,"column":8},"end":{"line":90,"column":38}}],"line":90},"8":{"loc":{"start":{"line":91,"column":8},"end":{"line":120,"column":9}},"type":"if","locations":[{"start":{"line":91,"column":8},"end":{"line":120,"column":9}},{"start":{"line":91,"column":8},"end":{"line":120,"column":9}}],"line":91},"9":{"loc":{"start":{"line":108,"column":33},"end":{"line":108,"column":61}},"type":"binary-expr","locations":[{"start":{"line":108,"column":33},"end":{"line":108,"column":52}},{"start":{"line":108,"column":56},"end":{"line":108,"column":61}}],"line":108},"10":{"loc":{"start":{"line":109,"column":35},"end":{"line":109,"column":66}},"type":"binary-expr","locations":[{"start":{"line":109,"column":35},"end":{"line":109,"column":55}},{"start":{"line":109,"column":59},"end":{"line":109,"column":66}}],"line":109},"11":{"loc":{"start":{"line":115,"column":10},"end":{"line":119,"column":11}},"type":"if","locations":[{"start":{"line":115,"column":10},"end":{"line":119,"column":11}},{"start":{"line":115,"column":10},"end":{"line":119,"column":11}}],"line":115},"12":{"loc":{"start":{"line":132,"column":2},"end":{"line":134,"column":3}},"type":"if","locations":[{"start":{"line":132,"column":2},"end":{"line":134,"column":3}},{"start":{"line":132,"column":2},"end":{"line":134,"column":3}}],"line":132},"13":{"loc":{"start":{"line":144,"column":2},"end":{"line":184,"column":3}},"type":"if","locations":[{"start":{"line":144,"column":2},"end":{"line":184,"column":3}},{"start":{"line":144,"column":2},"end":{"line":184,"column":3}}],"line":144},"14":{"loc":{"start":{"line":152,"column":4},"end":{"line":181,"column":5}},"type":"if","locations":[{"start":{"line":152,"column":4},"end":{"line":181,"column":5}},{"start":{"line":152,"column":4},"end":{"line":181,"column":5}}],"line":152},"15":{"loc":{"start":{"line":152,"column":8},"end":{"line":152,"column":110}},"type":"binary-expr","locations":[{"start":{"line":152,"column":8},"end":{"line":152,"column":32}},{"start":{"line":152,"column":36},"end":{"line":152,"column":110}}],"line":152},"16":{"loc":{"start":{"line":153,"column":6},"end":{"line":178,"column":7}},"type":"if","locations":[{"start":{"line":153,"column":6},"end":{"line":178,"column":7}},{"start":{"line":153,"column":6},"end":{"line":178,"column":7}}],"line":153},"17":{"loc":{"start":{"line":154,"column":8},"end":{"line":175,"column":9}},"type":"if","locations":[{"start":{"line":154,"column":8},"end":{"line":175,"column":9}},{"start":{"line":154,"column":8},"end":{"line":175,"column":9}}],"line":154},"18":{"loc":{"start":{"line":154,"column":12},"end":{"line":154,"column":116}},"type":"binary-expr","locations":[{"start":{"line":154,"column":12},"end":{"line":154,"column":37}},{"start":{"line":154,"column":41},"end":{"line":154,"column":116}}],"line":154},"19":{"loc":{"start":{"line":160,"column":16},"end":{"line":164,"column":17}},"type":"if","locations":[{"start":{"line":160,"column":16},"end":{"line":164,"column":17}},{"start":{"line":160,"column":16},"end":{"line":164,"column":17}}],"line":160},"20":{"loc":{"start":{"line":162,"column":18},"end":{"line":162,"column":126}},"type":"if","locations":[{"start":{"line":162,"column":18},"end":{"line":162,"column":126}},{"start":{"line":162,"column":18},"end":{"line":162,"column":126}}],"line":162},"21":{"loc":{"start":{"line":170,"column":16},"end":{"line":170,"column":42}},"type":"if","locations":[{"start":{"line":170,"column":16},"end":{"line":170,"column":42}},{"start":{"line":170,"column":16},"end":{"line":170,"column":42}}],"line":170}},"s":{"0":1,"1":1,"2":1,"3":1,"4":1,"5":1,"6":1,"7":1,"8":1,"9":1,"10":1,"11":1,"12":0,"13":1,"14":0,"15":0,"16":1,"17":0,"18":0,"19":0,"20":0,"21":0,"22":0,"23":0,"24":0,"25":0,"26":0,"27":0,"28":0,"29":0,"30":1,"31":1,"32":1,"33":0,"34":0,"35":0,"36":0,"37":0,"38":0,"39":0,"40":0,"41":0,"42":0,"43":0,"44":0,"45":0,"46":0,"47":0,"48":0,"49":0,"50":0,"51":0,"52":0,"53":0,"54":0,"55":0,"56":1,"57":1,"58":1,"59":0,"60":0,"61":0,"62":1,"63":0,"64":0,"65":0,"66":0,"67":0,"68":0,"69":0,"70":0,"71":0,"72":0,"73":0,"74":0,"75":0,"76":0,"77":0,"78":0,"79":0,"80":0,"81":0,"82":0,"83":0,"84":0,"85":0,"86":0,"87":0,"88":0},"f":{"0":0,"1":0,"2":0,"3":0,"4":0,"5":0,"6":0,"7":0,"8":0,"9":0,"10":0,"11":0,"12":0,"13":0,"14":0,"15":0},"b":{"0":[0,0],"1":[0,0],"2":[0,0],"3":[0,0],"4":[0,0],"5":[0,0],"6":[0,0],"7":[0,0],"8":[0,0],"9":[0,0],"10":[0,0],"11":[0,0],"12":[0,0],"13":[0,0],"14":[0,0],"15":[0,0],"16":[0,0],"17":[0,0],"18":[0,0],"19":[0,0],"20":[0,0],"21":[0,0]},"_coverageSchema":"1a1c01bbd47fc00a2c39e90264f33305004495a9","hash":"2bbc72abdba655b50b8d364f0eee76b60e835768","contentHash":"968e4e0445c1293054c453ce6951c98747400af090105af1b560d198421bca1b"},"E:\\Work Work\\Ki 9\\capstone-back-end\\controllers\\socketIOController.js":{"path":"E:\\Work Work\\Ki 9\\capstone-back-end\\controllers\\socketIOController.js","statementMap":{"0":{"start":{"line":1,"column":15},"end":{"line":1,"column":39}},"1":{"start":{"line":3,"column":0},"end":{"line":17,"column":1}},"2":{"start":{"line":4,"column":4},"end":{"line":15,"column":9}},"3":{"start":{"line":5,"column":8},"end":{"line":14,"column":11}},"4":{"start":{"line":6,"column":44},"end":{"line":6,"column":60}},"5":{"start":{"line":7,"column":34},"end":{"line":7,"column":85}},"6":{"start":{"line":8,"column":12},"end":{"line":13,"column":15}},"7":{"start":{"line":9,"column":16},"end":{"line":12,"column":17}},"8":{"start":{"line":10,"column":20},"end":{"line":10,"column":47}},"9":{"start":{"line":11,"column":20},"end":{"line":11,"column":63}}},"fnMap":{"0":{"name":"(anonymous_0)","decl":{"start":{"line":3,"column":17},"end":{"line":3,"column":18}},"loc":{"start":{"line":3,"column":42},"end":{"line":17,"column":1}},"line":3},"1":{"name":"connection","decl":{"start":{"line":4,"column":34},"end":{"line":4,"column":44}},"loc":{"start":{"line":4,"column":49},"end":{"line":15,"column":7}},"line":4},"2":{"name":"incoming","decl":{"start":{"line":5,"column":40},"end":{"line":5,"column":48}},"loc":{"start":{"line":5,"column":55},"end":{"line":14,"column":9}},"line":5},"3":{"name":"each","decl":{"start":{"line":8,"column":42},"end":{"line":8,"column":46}},"loc":{"start":{"line":8,"column":55},"end":{"line":13,"column":13}},"line":8}},"branchMap":{"0":{"loc":{"start":{"line":9,"column":16},"end":{"line":12,"column":17}},"type":"if","locations":[{"start":{"line":9,"column":16},"end":{"line":12,"column":17}},{"start":{"line":9,"column":16},"end":{"line":12,"column":17}}],"line":9}},"s":{"0":1,"1":1,"2":1,"3":0,"4":0,"5":0,"6":0,"7":0,"8":0,"9":0},"f":{"0":1,"1":0,"2":0,"3":0},"b":{"0":[0,0]},"_coverageSchema":"1a1c01bbd47fc00a2c39e90264f33305004495a9","hash":"c262f155a5b21d14582fd93023d5cb7dceea091b","contentHash":"be38540b4c5df58a69f5d86ef7222cf16f75fec9b5c9c09c87c884e45b78c1f0"}}