{"E:\\Work Work\\Ki 9\\capstone-back-end\\app.js":{"path":"E:\\Work Work\\Ki 9\\capstone-back-end\\app.js","statementMap":{"0":{"start":{"line":4,"column":16},"end":{"line":4,"column":34}},"1":{"start":{"line":5,"column":13},"end":{"line":5,"column":28}},"2":{"start":{"line":6,"column":14},"end":{"line":6,"column":30}},"3":{"start":{"line":7,"column":12},"end":{"line":7,"column":35}},"4":{"start":{"line":8,"column":20},"end":{"line":8,"column":42}},"5":{"start":{"line":9,"column":16},"end":{"line":9,"column":42}},"6":{"start":{"line":10,"column":19},"end":{"line":10,"column":41}},"7":{"start":{"line":11,"column":15},"end":{"line":11,"column":32}},"8":{"start":{"line":12,"column":14},"end":{"line":12,"column":30}},"9":{"start":{"line":13,"column":21},"end":{"line":13,"column":44}},"10":{"start":{"line":14,"column":14},"end":{"line":14,"column":30}},"11":{"start":{"line":15,"column":15},"end":{"line":15,"column":32}},"12":{"start":{"line":16,"column":19},"end":{"line":16,"column":52}},"13":{"start":{"line":17,"column":14},"end":{"line":17,"column":38}},"14":{"start":{"line":18,"column":13},"end":{"line":18,"column":28}},"15":{"start":{"line":19,"column":17},"end":{"line":19,"column":36}},"16":{"start":{"line":20,"column":17},"end":{"line":20,"column":36}},"17":{"start":{"line":21,"column":29},"end":{"line":21,"column":62}},"18":{"start":{"line":22,"column":13},"end":{"line":22,"column":44}},"19":{"start":{"line":23,"column":15},"end":{"line":23,"column":32}},"20":{"start":{"line":24,"column":15},"end":{"line":24,"column":64}},"21":{"start":{"line":25,"column":12},"end":{"line":25,"column":27}},"22":{"start":{"line":26,"column":17},"end":{"line":26,"column":38}},"23":{"start":{"line":30,"column":0},"end":{"line":30,"column":32}},"24":{"start":{"line":35,"column":23},"end":{"line":35,"column":52}},"25":{"start":{"line":36,"column":23},"end":{"line":36,"column":52}},"26":{"start":{"line":37,"column":22},"end":{"line":37,"column":50}},"27":{"start":{"line":38,"column":26},"end":{"line":38,"column":58}},"28":{"start":{"line":39,"column":24},"end":{"line":39,"column":64}},"29":{"start":{"line":40,"column":25},"end":{"line":40,"column":66}},"30":{"start":{"line":41,"column":26},"end":{"line":41,"column":68}},"31":{"start":{"line":42,"column":28},"end":{"line":42,"column":72}},"32":{"start":{"line":43,"column":23},"end":{"line":43,"column":62}},"33":{"start":{"line":44,"column":22},"end":{"line":44,"column":60}},"34":{"start":{"line":45,"column":26},"end":{"line":45,"column":68}},"35":{"start":{"line":46,"column":29},"end":{"line":46,"column":74}},"36":{"start":{"line":47,"column":25},"end":{"line":47,"column":64}},"37":{"start":{"line":48,"column":25},"end":{"line":48,"column":66}},"38":{"start":{"line":49,"column":22},"end":{"line":49,"column":60}},"39":{"start":{"line":54,"column":23},"end":{"line":54,"column":51}},"40":{"start":{"line":59,"column":12},"end":{"line":59,"column":21}},"41":{"start":{"line":64,"column":0},"end":{"line":64,"column":40}},"42":{"start":{"line":65,"column":0},"end":{"line":65,"column":37}},"43":{"start":{"line":66,"column":0},"end":{"line":66,"column":38}},"44":{"start":{"line":67,"column":0},"end":{"line":67,"column":41}},"45":{"start":{"line":68,"column":0},"end":{"line":68,"column":42}},"46":{"start":{"line":70,"column":0},"end":{"line":76,"column":7}},"47":{"start":{"line":71,"column":4},"end":{"line":71,"column":52}},"48":{"start":{"line":73,"column":6},"end":{"line":73,"column":25}},"49":{"start":{"line":74,"column":6},"end":{"line":74,"column":103}},"50":{"start":{"line":75,"column":6},"end":{"line":75,"column":21}},"51":{"start":{"line":80,"column":18},"end":{"line":82,"column":21}},"52":{"start":{"line":83,"column":0},"end":{"line":83,"column":27}},"53":{"start":{"line":85,"column":0},"end":{"line":90,"column":3}},"54":{"start":{"line":86,"column":2},"end":{"line":86,"column":49}},"55":{"start":{"line":87,"column":2},"end":{"line":87,"column":50}},"56":{"start":{"line":88,"column":2},"end":{"line":88,"column":50}},"57":{"start":{"line":89,"column":2},"end":{"line":89,"column":9}},"58":{"start":{"line":95,"column":0},"end":{"line":95,"column":62}},"59":{"start":{"line":96,"column":0},"end":{"line":96,"column":79}},"60":{"start":{"line":97,"column":0},"end":{"line":97,"column":48}},"61":{"start":{"line":98,"column":0},"end":{"line":98,"column":30}},"62":{"start":{"line":99,"column":0},"end":{"line":99,"column":32}},"63":{"start":{"line":100,"column":0},"end":{"line":100,"column":23}},"64":{"start":{"line":101,"column":0},"end":{"line":104,"column":4}},"65":{"start":{"line":105,"column":0},"end":{"line":105,"column":23}},"66":{"start":{"line":106,"column":0},"end":{"line":106,"column":55}},"67":{"start":{"line":107,"column":0},"end":{"line":107,"column":51}},"68":{"start":{"line":108,"column":0},"end":{"line":117,"column":4}},"69":{"start":{"line":119,"column":0},"end":{"line":119,"column":31}},"70":{"start":{"line":120,"column":0},"end":{"line":120,"column":28}},"71":{"start":{"line":121,"column":0},"end":{"line":121,"column":17}},"72":{"start":{"line":123,"column":0},"end":{"line":123,"column":36}},"73":{"start":{"line":124,"column":0},"end":{"line":124,"column":35}},"74":{"start":{"line":125,"column":0},"end":{"line":125,"column":28}},"75":{"start":{"line":126,"column":0},"end":{"line":129,"column":3}},"76":{"start":{"line":127,"column":2},"end":{"line":127,"column":29}},"77":{"start":{"line":128,"column":2},"end":{"line":128,"column":9}},"78":{"start":{"line":130,"column":0},"end":{"line":143,"column":3}},"79":{"start":{"line":132,"column":2},"end":{"line":141,"column":3}},"80":{"start":{"line":137,"column":4},"end":{"line":137,"column":43}},"81":{"start":{"line":138,"column":9},"end":{"line":141,"column":3}},"82":{"start":{"line":140,"column":4},"end":{"line":140,"column":43}},"83":{"start":{"line":142,"column":2},"end":{"line":142,"column":9}},"84":{"start":{"line":144,"column":0},"end":{"line":144,"column":86}},"85":{"start":{"line":145,"column":0},"end":{"line":145,"column":112}},"86":{"start":{"line":146,"column":0},"end":{"line":146,"column":117}},"87":{"start":{"line":147,"column":0},"end":{"line":147,"column":116}},"88":{"start":{"line":148,"column":0},"end":{"line":148,"column":110}},"89":{"start":{"line":149,"column":0},"end":{"line":149,"column":139}},"90":{"start":{"line":154,"column":0},"end":{"line":154,"column":35}},"91":{"start":{"line":155,"column":0},"end":{"line":155,"column":45}},"92":{"start":{"line":156,"column":0},"end":{"line":156,"column":47}},"93":{"start":{"line":157,"column":0},"end":{"line":157,"column":50}},"94":{"start":{"line":158,"column":0},"end":{"line":158,"column":52}},"95":{"start":{"line":159,"column":0},"end":{"line":159,"column":45}},"96":{"start":{"line":160,"column":0},"end":{"line":160,"column":47}},"97":{"start":{"line":161,"column":0},"end":{"line":161,"column":50}},"98":{"start":{"line":162,"column":0},"end":{"line":162,"column":52}},"99":{"start":{"line":163,"column":0},"end":{"line":163,"column":90}},"100":{"start":{"line":164,"column":0},"end":{"line":164,"column":102}},"101":{"start":{"line":165,"column":0},"end":{"line":165,"column":79}},"102":{"start":{"line":166,"column":0},"end":{"line":166,"column":95}},"103":{"start":{"line":167,"column":0},"end":{"line":167,"column":97}},"104":{"start":{"line":168,"column":0},"end":{"line":168,"column":94}},"105":{"start":{"line":169,"column":0},"end":{"line":169,"column":100}},"106":{"start":{"line":174,"column":0},"end":{"line":174,"column":38}},"107":{"start":{"line":175,"column":0},"end":{"line":175,"column":48}},"108":{"start":{"line":176,"column":0},"end":{"line":176,"column":51}},"109":{"start":{"line":177,"column":0},"end":{"line":177,"column":113}},"110":{"start":{"line":178,"column":0},"end":{"line":178,"column":109}},"111":{"start":{"line":179,"column":0},"end":{"line":179,"column":111}},"112":{"start":{"line":180,"column":0},"end":{"line":180,"column":48}},"113":{"start":{"line":181,"column":0},"end":{"line":181,"column":63}},"114":{"start":{"line":182,"column":0},"end":{"line":182,"column":61}},"115":{"start":{"line":183,"column":0},"end":{"line":183,"column":75}},"116":{"start":{"line":184,"column":0},"end":{"line":184,"column":102}},"117":{"start":{"line":188,"column":0},"end":{"line":209,"column":3}},"118":{"start":{"line":189,"column":2},"end":{"line":206,"column":21}},"119":{"start":{"line":190,"column":6},"end":{"line":194,"column":7}},"120":{"start":{"line":191,"column":10},"end":{"line":193,"column":10}},"121":{"start":{"line":195,"column":6},"end":{"line":199,"column":7}},"122":{"start":{"line":196,"column":10},"end":{"line":198,"column":14}},"123":{"start":{"line":200,"column":6},"end":{"line":205,"column":7}},"124":{"start":{"line":201,"column":8},"end":{"line":204,"column":10}},"125":{"start":{"line":202,"column":10},"end":{"line":202,"column":34}},"126":{"start":{"line":202,"column":18},"end":{"line":202,"column":34}},"127":{"start":{"line":203,"column":10},"end":{"line":203,"column":51}},"128":{"start":{"line":214,"column":0},"end":{"line":214,"column":154}},"129":{"start":{"line":215,"column":0},"end":{"line":228,"column":3}},"130":{"start":{"line":217,"column":15},"end":{"line":217,"column":27}},"131":{"start":{"line":218,"column":2},"end":{"line":224,"column":4}},"132":{"start":{"line":219,"column":4},"end":{"line":219,"column":28}},"133":{"start":{"line":219,"column":12},"end":{"line":219,"column":28}},"134":{"start":{"line":222,"column":4},"end":{"line":222,"column":65}},"135":{"start":{"line":234,"column":0},"end":{"line":234,"column":62}},"136":{"start":{"line":235,"column":0},"end":{"line":237,"column":3}},"137":{"start":{"line":236,"column":2},"end":{"line":236,"column":34}},"138":{"start":{"line":243,"column":0},"end":{"line":251,"column":1}},"139":{"start":{"line":245,"column":2},"end":{"line":245,"column":26}},"140":{"start":{"line":247,"column":2},"end":{"line":250,"column":5}},"141":{"start":{"line":248,"column":4},"end":{"line":248,"column":23}},"142":{"start":{"line":249,"column":4},"end":{"line":249,"column":41}},"143":{"start":{"line":254,"column":25},"end":{"line":254,"column":40}},"144":{"start":{"line":255,"column":18},"end":{"line":255,"column":31}},"145":{"start":{"line":256,"column":15},"end":{"line":256,"column":32}},"146":{"start":{"line":265,"column":0},"end":{"line":267,"column":3}},"147":{"start":{"line":266,"column":2},"end":{"line":266,"column":61}},"148":{"start":{"line":269,"column":12},"end":{"line":269,"column":44}},"149":{"start":{"line":270,"column":27},"end":{"line":270,"column":70}},"150":{"start":{"line":271,"column":0},"end":{"line":271,"column":35}},"151":{"start":{"line":286,"column":0},"end":{"line":286,"column":61}},"152":{"start":{"line":287,"column":0},"end":{"line":287,"column":49}},"153":{"start":{"line":292,"column":0},"end":{"line":292,"column":62}},"154":{"start":{"line":293,"column":0},"end":{"line":293,"column":66}},"155":{"start":{"line":294,"column":0},"end":{"line":294,"column":69}},"156":{"start":{"line":295,"column":0},"end":{"line":295,"column":72}},"157":{"start":{"line":296,"column":0},"end":{"line":296,"column":75}},"158":{"start":{"line":297,"column":0},"end":{"line":297,"column":69}},"159":{"start":{"line":302,"column":0},"end":{"line":302,"column":54}},"160":{"start":{"line":303,"column":0},"end":{"line":303,"column":58}},"161":{"start":{"line":304,"column":0},"end":{"line":304,"column":58}},"162":{"start":{"line":305,"column":0},"end":{"line":305,"column":59}},"163":{"start":{"line":306,"column":0},"end":{"line":306,"column":62}},"164":{"start":{"line":307,"column":0},"end":{"line":307,"column":56}},"165":{"start":{"line":309,"column":0},"end":{"line":309,"column":82}},"166":{"start":{"line":314,"column":0},"end":{"line":314,"column":57}},"167":{"start":{"line":315,"column":0},"end":{"line":315,"column":61}},"168":{"start":{"line":316,"column":0},"end":{"line":316,"column":63}},"169":{"start":{"line":317,"column":0},"end":{"line":317,"column":79}},"170":{"start":{"line":318,"column":0},"end":{"line":318,"column":73}},"171":{"start":{"line":319,"column":0},"end":{"line":319,"column":59}},"172":{"start":{"line":324,"column":0},"end":{"line":324,"column":66}},"173":{"start":{"line":325,"column":0},"end":{"line":325,"column":71}},"174":{"start":{"line":326,"column":0},"end":{"line":326,"column":85}},"175":{"start":{"line":327,"column":0},"end":{"line":327,"column":80}},"176":{"start":{"line":328,"column":0},"end":{"line":328,"column":69}},"177":{"start":{"line":329,"column":0},"end":{"line":329,"column":85}},"178":{"start":{"line":330,"column":0},"end":{"line":330,"column":89}},"179":{"start":{"line":331,"column":0},"end":{"line":331,"column":101}},"180":{"start":{"line":332,"column":0},"end":{"line":332,"column":66}},"181":{"start":{"line":337,"column":0},"end":{"line":337,"column":51}},"182":{"start":{"line":338,"column":0},"end":{"line":338,"column":62}},"183":{"start":{"line":339,"column":0},"end":{"line":339,"column":65}},"184":{"start":{"line":340,"column":0},"end":{"line":340,"column":56}},"185":{"start":{"line":341,"column":0},"end":{"line":341,"column":68}},"186":{"start":{"line":342,"column":0},"end":{"line":342,"column":70}},"187":{"start":{"line":343,"column":0},"end":{"line":343,"column":74}},"188":{"start":{"line":344,"column":0},"end":{"line":344,"column":51}},"189":{"start":{"line":349,"column":0},"end":{"line":349,"column":57}},"190":{"start":{"line":350,"column":0},"end":{"line":350,"column":76}},"191":{"start":{"line":351,"column":0},"end":{"line":351,"column":86}},"192":{"start":{"line":352,"column":0},"end":{"line":352,"column":95}},"193":{"start":{"line":353,"column":0},"end":{"line":353,"column":76}},"194":{"start":{"line":354,"column":0},"end":{"line":354,"column":85}},"195":{"start":{"line":355,"column":0},"end":{"line":355,"column":58}},"196":{"start":{"line":356,"column":0},"end":{"line":356,"column":67}},"197":{"start":{"line":357,"column":0},"end":{"line":357,"column":79}},"198":{"start":{"line":362,"column":0},"end":{"line":362,"column":48}},"199":{"start":{"line":363,"column":0},"end":{"line":363,"column":41}},"200":{"start":{"line":364,"column":0},"end":{"line":364,"column":60}},"201":{"start":{"line":365,"column":0},"end":{"line":365,"column":63}},"202":{"start":{"line":366,"column":0},"end":{"line":366,"column":63}},"203":{"start":{"line":367,"column":0},"end":{"line":367,"column":58}},"204":{"start":{"line":368,"column":0},"end":{"line":368,"column":54}},"205":{"start":{"line":369,"column":0},"end":{"line":369,"column":57}},"206":{"start":{"line":370,"column":0},"end":{"line":370,"column":47}},"207":{"start":{"line":371,"column":0},"end":{"line":371,"column":47}},"208":{"start":{"line":376,"column":0},"end":{"line":376,"column":47}},"209":{"start":{"line":377,"column":0},"end":{"line":377,"column":44}},"210":{"start":{"line":378,"column":0},"end":{"line":378,"column":63}},"211":{"start":{"line":379,"column":0},"end":{"line":379,"column":57}},"212":{"start":{"line":380,"column":0},"end":{"line":380,"column":57}},"213":{"start":{"line":381,"column":0},"end":{"line":381,"column":49}},"214":{"start":{"line":382,"column":0},"end":{"line":382,"column":54}},"215":{"start":{"line":383,"column":0},"end":{"line":383,"column":48}},"216":{"start":{"line":388,"column":0},"end":{"line":388,"column":65}},"217":{"start":{"line":389,"column":0},"end":{"line":389,"column":75}},"218":{"start":{"line":390,"column":0},"end":{"line":390,"column":53}},"219":{"start":{"line":391,"column":0},"end":{"line":391,"column":75}},"220":{"start":{"line":392,"column":0},"end":{"line":392,"column":73}},"221":{"start":{"line":393,"column":0},"end":{"line":393,"column":74}},"222":{"start":{"line":398,"column":0},"end":{"line":398,"column":58}},"223":{"start":{"line":399,"column":0},"end":{"line":399,"column":53}},"224":{"start":{"line":401,"column":0},"end":{"line":401,"column":21}}},"fnMap":{"0":{"name":"(anonymous_0)","decl":{"start":{"line":70,"column":33},"end":{"line":70,"column":34}},"loc":{"start":{"line":70,"column":45},"end":{"line":72,"column":5}},"line":70},"1":{"name":"(anonymous_1)","decl":{"start":{"line":72,"column":19},"end":{"line":72,"column":20}},"loc":{"start":{"line":72,"column":28},"end":{"line":76,"column":5}},"line":72},"2":{"name":"(anonymous_2)","decl":{"start":{"line":85,"column":8},"end":{"line":85,"column":9}},"loc":{"start":{"line":85,"column":34},"end":{"line":90,"column":1}},"line":85},"3":{"name":"(anonymous_3)","decl":{"start":{"line":126,"column":8},"end":{"line":126,"column":9}},"loc":{"start":{"line":126,"column":28},"end":{"line":129,"column":1}},"line":126},"4":{"name":"(anonymous_4)","decl":{"start":{"line":130,"column":8},"end":{"line":130,"column":9}},"loc":{"start":{"line":130,"column":28},"end":{"line":143,"column":1}},"line":130},"5":{"name":"(anonymous_5)","decl":{"start":{"line":188,"column":19},"end":{"line":188,"column":20}},"loc":{"start":{"line":188,"column":39},"end":{"line":209,"column":1}},"line":188},"6":{"name":"(anonymous_6)","decl":{"start":{"line":189,"column":35},"end":{"line":189,"column":36}},"loc":{"start":{"line":189,"column":57},"end":{"line":206,"column":3}},"line":189},"7":{"name":"(anonymous_7)","decl":{"start":{"line":201,"column":44},"end":{"line":201,"column":45}},"loc":{"start":{"line":201,"column":60},"end":{"line":204,"column":9}},"line":201},"8":{"name":"(anonymous_8)","decl":{"start":{"line":215,"column":120},"end":{"line":215,"column":121}},"loc":{"start":{"line":215,"column":134},"end":{"line":228,"column":1}},"line":215},"9":{"name":"(anonymous_9)","decl":{"start":{"line":218,"column":38},"end":{"line":218,"column":39}},"loc":{"start":{"line":218,"column":54},"end":{"line":224,"column":3}},"line":218},"10":{"name":"(anonymous_10)","decl":{"start":{"line":235,"column":100},"end":{"line":235,"column":101}},"loc":{"start":{"line":235,"column":114},"end":{"line":237,"column":1}},"line":235},"11":{"name":"(anonymous_11)","decl":{"start":{"line":247,"column":10},"end":{"line":247,"column":11}},"loc":{"start":{"line":247,"column":35},"end":{"line":250,"column":3}},"line":247},"12":{"name":"(anonymous_12)","decl":{"start":{"line":265,"column":31},"end":{"line":265,"column":32}},"loc":{"start":{"line":265,"column":37},"end":{"line":267,"column":1}},"line":265}},"branchMap":{"0":{"loc":{"start":{"line":95,"column":16},"end":{"line":95,"column":60}},"type":"binary-expr","locations":[{"start":{"line":95,"column":16},"end":{"line":95,"column":47}},{"start":{"line":95,"column":51},"end":{"line":95,"column":60}}],"line":95},"1":{"loc":{"start":{"line":96,"column":16},"end":{"line":96,"column":77}},"type":"binary-expr","locations":[{"start":{"line":96,"column":16},"end":{"line":96,"column":32}},{"start":{"line":96,"column":36},"end":{"line":96,"column":69}},{"start":{"line":96,"column":73},"end":{"line":96,"column":77}}],"line":96},"2":{"loc":{"start":{"line":132,"column":2},"end":{"line":141,"column":3}},"type":"if","locations":[{"start":{"line":132,"column":2},"end":{"line":141,"column":3}},{"start":{"line":132,"column":2},"end":{"line":141,"column":3}}],"line":132},"3":{"loc":{"start":{"line":132,"column":6},"end":{"line":136,"column":28}},"type":"binary-expr","locations":[{"start":{"line":132,"column":6},"end":{"line":132,"column":15}},{"start":{"line":133,"column":7},"end":{"line":133,"column":28}},{"start":{"line":134,"column":7},"end":{"line":134,"column":29}},{"start":{"line":135,"column":7},"end":{"line":135,"column":33}},{"start":{"line":136,"column":7},"end":{"line":136,"column":28}}],"line":132},"4":{"loc":{"start":{"line":138,"column":9},"end":{"line":141,"column":3}},"type":"if","locations":[{"start":{"line":138,"column":9},"end":{"line":141,"column":3}},{"start":{"line":138,"column":9},"end":{"line":141,"column":3}}],"line":138},"5":{"loc":{"start":{"line":138,"column":13},"end":{"line":139,"column":60}},"type":"binary-expr","locations":[{"start":{"line":138,"column":13},"end":{"line":138,"column":21}},{"start":{"line":139,"column":8},"end":{"line":139,"column":31}},{"start":{"line":139,"column":35},"end":{"line":139,"column":59}}],"line":138},"6":{"loc":{"start":{"line":190,"column":6},"end":{"line":194,"column":7}},"type":"if","locations":[{"start":{"line":190,"column":6},"end":{"line":194,"column":7}},{"start":{"line":190,"column":6},"end":{"line":194,"column":7}}],"line":190},"7":{"loc":{"start":{"line":195,"column":6},"end":{"line":199,"column":7}},"type":"if","locations":[{"start":{"line":195,"column":6},"end":{"line":199,"column":7}},{"start":{"line":195,"column":6},"end":{"line":199,"column":7}}],"line":195},"8":{"loc":{"start":{"line":200,"column":6},"end":{"line":205,"column":7}},"type":"if","locations":[{"start":{"line":200,"column":6},"end":{"line":205,"column":7}},{"start":{"line":200,"column":6},"end":{"line":205,"column":7}}],"line":200},"9":{"loc":{"start":{"line":202,"column":10},"end":{"line":202,"column":34}},"type":"if","locations":[{"start":{"line":202,"column":10},"end":{"line":202,"column":34}},{"start":{"line":202,"column":10},"end":{"line":202,"column":34}}],"line":202},"10":{"loc":{"start":{"line":219,"column":4},"end":{"line":219,"column":28}},"type":"if","locations":[{"start":{"line":219,"column":4},"end":{"line":219,"column":28}},{"start":{"line":219,"column":4},"end":{"line":219,"column":28}}],"line":219},"11":{"loc":{"start":{"line":243,"column":0},"end":{"line":251,"column":1}},"type":"if","locations":[{"start":{"line":243,"column":0},"end":{"line":251,"column":1}},{"start":{"line":243,"column":0},"end":{"line":251,"column":1}}],"line":243}},"s":{"0":1,"1":1,"2":1,"3":1,"4":1,"5":1,"6":1,"7":1,"8":1,"9":1,"10":1,"11":1,"12":1,"13":1,"14":1,"15":1,"16":1,"17":1,"18":1,"19":1,"20":1,"21":1,"22":1,"23":1,"24":1,"25":1,"26":1,"27":1,"28":1,"29":1,"30":1,"31":1,"32":1,"33":1,"34":1,"35":1,"36":1,"37":1,"38":1,"39":1,"40":1,"41":1,"42":1,"43":1,"44":1,"45":1,"46":1,"47":1,"48":0,"49":0,"50":0,"51":1,"52":1,"53":1,"54":3,"55":3,"56":3,"57":3,"58":1,"59":1,"60":1,"61":1,"62":1,"63":1,"64":1,"65":1,"66":1,"67":1,"68":1,"69":1,"70":1,"71":1,"72":1,"73":1,"74":1,"75":1,"76":3,"77":3,"78":1,"79":3,"80":3,"81":0,"82":0,"83":3,"84":1,"85":1,"86":1,"87":1,"88":1,"89":1,"90":1,"91":1,"92":1,"93":1,"94":1,"95":1,"96":1,"97":1,"98":1,"99":1,"100":1,"101":1,"102":1,"103":1,"104":1,"105":1,"106":1,"107":1,"108":1,"109":1,"110":1,"111":1,"112":1,"113":1,"114":1,"115":1,"116":1,"117":1,"118":0,"119":0,"120":0,"121":0,"122":0,"123":0,"124":0,"125":0,"126":0,"127":0,"128":1,"129":1,"130":0,"131":0,"132":0,"133":0,"134":0,"135":1,"136":1,"137":0,"138":1,"139":0,"140":1,"141":0,"142":0,"143":1,"144":1,"145":1,"146":1,"147":1,"148":1,"149":1,"150":1,"151":1,"152":1,"153":1,"154":1,"155":1,"156":1,"157":1,"158":1,"159":1,"160":1,"161":1,"162":1,"163":1,"164":1,"165":1,"166":1,"167":1,"168":1,"169":1,"170":1,"171":1,"172":1,"173":1,"174":1,"175":1,"176":1,"177":1,"178":1,"179":1,"180":1,"181":1,"182":1,"183":1,"184":1,"185":1,"186":1,"187":1,"188":1,"189":1,"190":1,"191":1,"192":1,"193":1,"194":1,"195":1,"196":1,"197":1,"198":1,"199":1,"200":1,"201":1,"202":1,"203":1,"204":1,"205":1,"206":1,"207":1,"208":1,"209":1,"210":1,"211":1,"212":1,"213":1,"214":1,"215":1,"216":1,"217":1,"218":1,"219":1,"220":1,"221":1,"222":1,"223":1,"224":1},"f":{"0":1,"1":0,"2":3,"3":3,"4":3,"5":0,"6":0,"7":0,"8":0,"9":0,"10":0,"11":0,"12":1},"b":{"0":[1,1],"1":[1,1,1],"2":[3,0],"3":[3,3,3,3,3],"4":[0,0],"5":[0,0,0],"6":[0,0],"7":[0,0],"8":[0,0],"9":[0,0],"10":[0,0],"11":[0,1]},"_coverageSchema":"1a1c01bbd47fc00a2c39e90264f33305004495a9","hash":"7fc9f1dc0b0fe430afb95384ce0434d50c274871","contentHash":"c92e5ea6652bf49295ca955908c8b0fe95f3350ef016dde716b7a952c38eba77"},"E:\\Work Work\\Ki 9\\capstone-back-end\\controllers\\home.js":{"path":"E:\\Work Work\\Ki 9\\capstone-back-end\\controllers\\home.js","statementMap":{"0":{"start":{"line":5,"column":0},"end":{"line":10,"column":2}},"1":{"start":{"line":6,"column":2},"end":{"line":8,"column":7}}},"fnMap":{"0":{"name":"(anonymous_0)","decl":{"start":{"line":5,"column":16},"end":{"line":5,"column":17}},"loc":{"start":{"line":5,"column":30},"end":{"line":10,"column":1}},"line":5}},"branchMap":{},"s":{"0":1,"1":0},"f":{"0":0},"b":{},"_coverageSchema":"1a1c01bbd47fc00a2c39e90264f33305004495a9","hash":"aac50a5b9db9cd7f81379ee130052a34836fef91","contentHash":"f6e086a88b3105e796a7b0201c10c88bd63e4d5a4ac943eeb68c3d52e0ca774a"},"E:\\Work Work\\Ki 9\\capstone-back-end\\controllers\\user.js":{"path":"E:\\Work Work\\Ki 9\\capstone-back-end\\controllers\\user.js","statementMap":{"0":{"start":{"line":1,"column":22},"end":{"line":1,"column":37}},"1":{"start":{"line":2,"column":15},"end":{"line":2,"column":32}},"2":{"start":{"line":3,"column":19},"end":{"line":3,"column":40}},"3":{"start":{"line":4,"column":17},"end":{"line":4,"column":36}},"4":{"start":{"line":5,"column":10},"end":{"line":5,"column":27}},"5":{"start":{"line":6,"column":18},"end":{"line":6,"column":38}},"6":{"start":{"line":7,"column":20},"end":{"line":7,"column":42}},"7":{"start":{"line":8,"column":13},"end":{"line":8,"column":38}},"8":{"start":{"line":10,"column":25},"end":{"line":10,"column":54}},"9":{"start":{"line":16,"column":0},"end":{"line":23,"column":2}},"10":{"start":{"line":17,"column":2},"end":{"line":19,"column":3}},"11":{"start":{"line":18,"column":4},"end":{"line":18,"column":29}},"12":{"start":{"line":20,"column":2},"end":{"line":22,"column":5}},"13":{"start":{"line":29,"column":0},"end":{"line":52,"column":2}},"14":{"start":{"line":30,"column":27},"end":{"line":30,"column":29}},"15":{"start":{"line":31,"column":2},"end":{"line":31,"column":112}},"16":{"start":{"line":31,"column":42},"end":{"line":31,"column":112}},"17":{"start":{"line":32,"column":2},"end":{"line":32,"column":104}},"18":{"start":{"line":32,"column":44},"end":{"line":32,"column":104}},"19":{"start":{"line":34,"column":2},"end":{"line":37,"column":3}},"20":{"start":{"line":35,"column":4},"end":{"line":35,"column":42}},"21":{"start":{"line":36,"column":4},"end":{"line":36,"column":34}},"22":{"start":{"line":38,"column":2},"end":{"line":38,"column":90}},"23":{"start":{"line":40,"column":2},"end":{"line":51,"column":21}},"24":{"start":{"line":41,"column":4},"end":{"line":41,"column":34}},"25":{"start":{"line":41,"column":15},"end":{"line":41,"column":32}},"26":{"start":{"line":42,"column":4},"end":{"line":45,"column":5}},"27":{"start":{"line":43,"column":6},"end":{"line":43,"column":32}},"28":{"start":{"line":44,"column":6},"end":{"line":44,"column":36}},"29":{"start":{"line":46,"column":4},"end":{"line":50,"column":7}},"30":{"start":{"line":47,"column":6},"end":{"line":47,"column":36}},"31":{"start":{"line":47,"column":17},"end":{"line":47,"column":34}},"32":{"start":{"line":48,"column":6},"end":{"line":48,"column":67}},"33":{"start":{"line":49,"column":6},"end":{"line":49,"column":48}},"34":{"start":{"line":58,"column":0},"end":{"line":65,"column":2}},"35":{"start":{"line":59,"column":2},"end":{"line":59,"column":15}},"36":{"start":{"line":60,"column":2},"end":{"line":64,"column":5}},"37":{"start":{"line":61,"column":4},"end":{"line":61,"column":86}},"38":{"start":{"line":61,"column":13},"end":{"line":61,"column":86}},"39":{"start":{"line":62,"column":4},"end":{"line":62,"column":20}},"40":{"start":{"line":63,"column":4},"end":{"line":63,"column":22}},"41":{"start":{"line":71,"column":0},"end":{"line":78,"column":2}},"42":{"start":{"line":72,"column":2},"end":{"line":74,"column":3}},"43":{"start":{"line":73,"column":4},"end":{"line":73,"column":29}},"44":{"start":{"line":75,"column":2},"end":{"line":77,"column":5}},"45":{"start":{"line":84,"column":0},"end":{"line":117,"column":2}},"46":{"start":{"line":85,"column":27},"end":{"line":85,"column":29}},"47":{"start":{"line":86,"column":2},"end":{"line":86,"column":112}},"48":{"start":{"line":86,"column":42},"end":{"line":86,"column":112}},"49":{"start":{"line":87,"column":2},"end":{"line":87,"column":136}},"50":{"start":{"line":87,"column":58},"end":{"line":87,"column":136}},"51":{"start":{"line":88,"column":2},"end":{"line":88,"column":111}},"52":{"start":{"line":88,"column":54},"end":{"line":88,"column":111}},"53":{"start":{"line":90,"column":2},"end":{"line":93,"column":3}},"54":{"start":{"line":91,"column":4},"end":{"line":91,"column":42}},"55":{"start":{"line":92,"column":4},"end":{"line":92,"column":35}},"56":{"start":{"line":94,"column":2},"end":{"line":94,"column":90}},"57":{"start":{"line":96,"column":15},"end":{"line":99,"column":4}},"58":{"start":{"line":101,"column":2},"end":{"line":116,"column":5}},"59":{"start":{"line":102,"column":4},"end":{"line":102,"column":34}},"60":{"start":{"line":102,"column":15},"end":{"line":102,"column":32}},"61":{"start":{"line":103,"column":4},"end":{"line":106,"column":5}},"62":{"start":{"line":104,"column":6},"end":{"line":104,"column":86}},"63":{"start":{"line":105,"column":6},"end":{"line":105,"column":37}},"64":{"start":{"line":107,"column":4},"end":{"line":115,"column":7}},"65":{"start":{"line":108,"column":6},"end":{"line":108,"column":36}},"66":{"start":{"line":108,"column":17},"end":{"line":108,"column":34}},"67":{"start":{"line":109,"column":6},"end":{"line":114,"column":9}},"68":{"start":{"line":110,"column":8},"end":{"line":112,"column":9}},"69":{"start":{"line":111,"column":10},"end":{"line":111,"column":27}},"70":{"start":{"line":113,"column":8},"end":{"line":113,"column":26}},"71":{"start":{"line":123,"column":0},"end":{"line":128,"column":2}},"72":{"start":{"line":124,"column":2},"end":{"line":126,"column":7}},"73":{"start":{"line":134,"column":0},"end":{"line":164,"column":2}},"74":{"start":{"line":135,"column":27},"end":{"line":135,"column":29}},"75":{"start":{"line":136,"column":2},"end":{"line":136,"column":112}},"76":{"start":{"line":136,"column":42},"end":{"line":136,"column":112}},"77":{"start":{"line":138,"column":2},"end":{"line":141,"column":3}},"78":{"start":{"line":139,"column":4},"end":{"line":139,"column":42}},"79":{"start":{"line":140,"column":4},"end":{"line":140,"column":36}},"80":{"start":{"line":142,"column":2},"end":{"line":142,"column":90}},"81":{"start":{"line":144,"column":2},"end":{"line":163,"column":5}},"82":{"start":{"line":145,"column":4},"end":{"line":145,"column":34}},"83":{"start":{"line":145,"column":15},"end":{"line":145,"column":32}},"84":{"start":{"line":146,"column":4},"end":{"line":146,"column":66}},"85":{"start":{"line":146,"column":39},"end":{"line":146,"column":66}},"86":{"start":{"line":147,"column":4},"end":{"line":147,"column":38}},"87":{"start":{"line":148,"column":4},"end":{"line":148,"column":44}},"88":{"start":{"line":149,"column":4},"end":{"line":149,"column":48}},"89":{"start":{"line":150,"column":4},"end":{"line":150,"column":52}},"90":{"start":{"line":151,"column":4},"end":{"line":151,"column":50}},"91":{"start":{"line":152,"column":4},"end":{"line":162,"column":7}},"92":{"start":{"line":153,"column":6},"end":{"line":159,"column":7}},"93":{"start":{"line":154,"column":8},"end":{"line":157,"column":9}},"94":{"start":{"line":155,"column":10},"end":{"line":155,"column":116}},"95":{"start":{"line":156,"column":10},"end":{"line":156,"column":42}},"96":{"start":{"line":158,"column":8},"end":{"line":158,"column":25}},"97":{"start":{"line":160,"column":6},"end":{"line":160,"column":77}},"98":{"start":{"line":161,"column":6},"end":{"line":161,"column":31}},"99":{"start":{"line":170,"column":0},"end":{"line":189,"column":2}},"100":{"start":{"line":171,"column":27},"end":{"line":171,"column":29}},"101":{"start":{"line":172,"column":2},"end":{"line":172,"column":136}},"102":{"start":{"line":172,"column":58},"end":{"line":172,"column":136}},"103":{"start":{"line":173,"column":2},"end":{"line":173,"column":111}},"104":{"start":{"line":173,"column":54},"end":{"line":173,"column":111}},"105":{"start":{"line":175,"column":2},"end":{"line":178,"column":3}},"106":{"start":{"line":176,"column":4},"end":{"line":176,"column":42}},"107":{"start":{"line":177,"column":4},"end":{"line":177,"column":36}},"108":{"start":{"line":180,"column":2},"end":{"line":188,"column":5}},"109":{"start":{"line":181,"column":4},"end":{"line":181,"column":34}},"110":{"start":{"line":181,"column":15},"end":{"line":181,"column":32}},"111":{"start":{"line":182,"column":4},"end":{"line":182,"column":38}},"112":{"start":{"line":183,"column":4},"end":{"line":187,"column":7}},"113":{"start":{"line":184,"column":6},"end":{"line":184,"column":36}},"114":{"start":{"line":184,"column":17},"end":{"line":184,"column":34}},"115":{"start":{"line":185,"column":6},"end":{"line":185,"column":66}},"116":{"start":{"line":186,"column":6},"end":{"line":186,"column":31}},"117":{"start":{"line":195,"column":0},"end":{"line":202,"column":2}},"118":{"start":{"line":196,"column":2},"end":{"line":201,"column":5}},"119":{"start":{"line":197,"column":4},"end":{"line":197,"column":34}},"120":{"start":{"line":197,"column":15},"end":{"line":197,"column":32}},"121":{"start":{"line":198,"column":4},"end":{"line":198,"column":17}},"122":{"start":{"line":199,"column":4},"end":{"line":199,"column":65}},"123":{"start":{"line":200,"column":4},"end":{"line":200,"column":22}},"124":{"start":{"line":208,"column":0},"end":{"line":235,"column":2}},"125":{"start":{"line":209,"column":23},"end":{"line":209,"column":33}},"126":{"start":{"line":210,"column":2},"end":{"line":234,"column":5}},"127":{"start":{"line":211,"column":4},"end":{"line":211,"column":34}},"128":{"start":{"line":211,"column":15},"end":{"line":211,"column":32}},"129":{"start":{"line":212,"column":4},"end":{"line":212,"column":45}},"130":{"start":{"line":213,"column":42},"end":{"line":214,"column":44}},"131":{"start":{"line":214,"column":6},"end":{"line":214,"column":43}},"132":{"start":{"line":218,"column":4},"end":{"line":227,"column":5}},"133":{"start":{"line":222,"column":6},"end":{"line":225,"column":9}},"134":{"start":{"line":226,"column":6},"end":{"line":226,"column":38}},"135":{"start":{"line":228,"column":4},"end":{"line":228,"column":48}},"136":{"start":{"line":229,"column":4},"end":{"line":233,"column":7}},"137":{"start":{"line":230,"column":6},"end":{"line":230,"column":36}},"138":{"start":{"line":230,"column":17},"end":{"line":230,"column":34}},"139":{"start":{"line":231,"column":6},"end":{"line":231,"column":99}},"140":{"start":{"line":232,"column":6},"end":{"line":232,"column":31}},"141":{"start":{"line":241,"column":0},"end":{"line":265,"column":2}},"142":{"start":{"line":242,"column":2},"end":{"line":244,"column":3}},"143":{"start":{"line":243,"column":4},"end":{"line":243,"column":29}},"144":{"start":{"line":245,"column":27},"end":{"line":245,"column":29}},"145":{"start":{"line":246,"column":2},"end":{"line":246,"column":114}},"146":{"start":{"line":246,"column":50},"end":{"line":246,"column":114}},"147":{"start":{"line":247,"column":2},"end":{"line":250,"column":3}},"148":{"start":{"line":248,"column":4},"end":{"line":248,"column":42}},"149":{"start":{"line":249,"column":4},"end":{"line":249,"column":35}},"150":{"start":{"line":252,"column":2},"end":{"line":264,"column":7}},"151":{"start":{"line":256,"column":6},"end":{"line":256,"column":36}},"152":{"start":{"line":256,"column":17},"end":{"line":256,"column":34}},"153":{"start":{"line":257,"column":6},"end":{"line":260,"column":7}},"154":{"start":{"line":258,"column":8},"end":{"line":258,"column":88}},"155":{"start":{"line":259,"column":8},"end":{"line":259,"column":39}},"156":{"start":{"line":261,"column":6},"end":{"line":263,"column":9}},"157":{"start":{"line":271,"column":0},"end":{"line":304,"column":2}},"158":{"start":{"line":272,"column":2},"end":{"line":275,"column":3}},"159":{"start":{"line":273,"column":4},"end":{"line":273,"column":71}},"160":{"start":{"line":274,"column":4},"end":{"line":274,"column":36}},"161":{"start":{"line":277,"column":27},"end":{"line":277,"column":29}},"162":{"start":{"line":278,"column":2},"end":{"line":278,"column":136}},"163":{"start":{"line":278,"column":72},"end":{"line":278,"column":136}},"164":{"start":{"line":279,"column":2},"end":{"line":282,"column":3}},"165":{"start":{"line":280,"column":4},"end":{"line":280,"column":42}},"166":{"start":{"line":281,"column":4},"end":{"line":281,"column":36}},"167":{"start":{"line":284,"column":2},"end":{"line":303,"column":3}},"168":{"start":{"line":285,"column":4},"end":{"line":302,"column":9}},"169":{"start":{"line":288,"column":8},"end":{"line":291,"column":9}},"170":{"start":{"line":289,"column":10},"end":{"line":289,"column":86}},"171":{"start":{"line":290,"column":10},"end":{"line":290,"column":38}},"172":{"start":{"line":292,"column":8},"end":{"line":292,"column":41}},"173":{"start":{"line":293,"column":8},"end":{"line":293,"column":34}},"174":{"start":{"line":294,"column":8},"end":{"line":294,"column":27}},"175":{"start":{"line":295,"column":8},"end":{"line":295,"column":82}},"176":{"start":{"line":296,"column":8},"end":{"line":296,"column":40}},"177":{"start":{"line":299,"column":8},"end":{"line":299,"column":101}},"178":{"start":{"line":300,"column":8},"end":{"line":300,"column":111}},"179":{"start":{"line":301,"column":8},"end":{"line":301,"column":40}},"180":{"start":{"line":310,"column":0},"end":{"line":385,"column":2}},"181":{"start":{"line":311,"column":2},"end":{"line":314,"column":3}},"182":{"start":{"line":312,"column":4},"end":{"line":312,"column":71}},"183":{"start":{"line":313,"column":4},"end":{"line":313,"column":36}},"184":{"start":{"line":316,"column":2},"end":{"line":319,"column":3}},"185":{"start":{"line":317,"column":4},"end":{"line":317,"column":153}},"186":{"start":{"line":318,"column":4},"end":{"line":318,"column":36}},"187":{"start":{"line":321,"column":28},"end":{"line":322,"column":39}},"188":{"start":{"line":322,"column":19},"end":{"line":322,"column":38}},"189":{"start":{"line":324,"column":25},"end":{"line":332,"column":3}},"190":{"start":{"line":325,"column":4},"end":{"line":330,"column":9}},"191":{"start":{"line":328,"column":8},"end":{"line":328,"column":44}},"192":{"start":{"line":329,"column":8},"end":{"line":329,"column":27}},"193":{"start":{"line":331,"column":4},"end":{"line":331,"column":17}},"194":{"start":{"line":334,"column":26},"end":{"line":378,"column":3}},"195":{"start":{"line":335,"column":22},"end":{"line":341,"column":6}},"196":{"start":{"line":342,"column":24},"end":{"line":351,"column":5}},"197":{"start":{"line":352,"column":4},"end":{"line":377,"column":9}},"198":{"start":{"line":354,"column":8},"end":{"line":354,"column":110}},"199":{"start":{"line":357,"column":8},"end":{"line":373,"column":9}},"200":{"start":{"line":358,"column":10},"end":{"line":358,"column":165}},"201":{"start":{"line":359,"column":10},"end":{"line":368,"column":13}},"202":{"start":{"line":369,"column":10},"end":{"line":372,"column":15}},"203":{"start":{"line":371,"column":14},"end":{"line":371,"column":116}},"204":{"start":{"line":374,"column":8},"end":{"line":374,"column":96}},"205":{"start":{"line":375,"column":8},"end":{"line":375,"column":112}},"206":{"start":{"line":376,"column":8},"end":{"line":376,"column":19}},"207":{"start":{"line":380,"column":2},"end":{"line":384,"column":17}},"208":{"start":{"line":383,"column":16},"end":{"line":383,"column":40}},"209":{"start":{"line":391,"column":0},"end":{"line":469,"column":2}},"210":{"start":{"line":392,"column":27},"end":{"line":392,"column":29}},"211":{"start":{"line":393,"column":2},"end":{"line":393,"column":136}},"212":{"start":{"line":393,"column":58},"end":{"line":393,"column":136}},"213":{"start":{"line":394,"column":2},"end":{"line":394,"column":103}},"214":{"start":{"line":394,"column":46},"end":{"line":394,"column":103}},"215":{"start":{"line":395,"column":2},"end":{"line":395,"column":114}},"216":{"start":{"line":395,"column":50},"end":{"line":395,"column":114}},"217":{"start":{"line":397,"column":2},"end":{"line":400,"column":3}},"218":{"start":{"line":398,"column":4},"end":{"line":398,"column":42}},"219":{"start":{"line":399,"column":4},"end":{"line":399,"column":32}},"220":{"start":{"line":402,"column":24},"end":{"line":420,"column":8}},"221":{"start":{"line":403,"column":4},"end":{"line":420,"column":8}},"222":{"start":{"line":407,"column":8},"end":{"line":410,"column":9}},"223":{"start":{"line":408,"column":10},"end":{"line":408,"column":90}},"224":{"start":{"line":409,"column":10},"end":{"line":409,"column":38}},"225":{"start":{"line":411,"column":8},"end":{"line":411,"column":42}},"226":{"start":{"line":412,"column":8},"end":{"line":412,"column":44}},"227":{"start":{"line":413,"column":8},"end":{"line":413,"column":46}},"228":{"start":{"line":414,"column":8},"end":{"line":419,"column":12}},"229":{"start":{"line":414,"column":38},"end":{"line":419,"column":10}},"230":{"start":{"line":415,"column":10},"end":{"line":418,"column":13}},"231":{"start":{"line":416,"column":12},"end":{"line":416,"column":44}},"232":{"start":{"line":416,"column":23},"end":{"line":416,"column":42}},"233":{"start":{"line":417,"column":12},"end":{"line":417,"column":26}},"234":{"start":{"line":422,"column":33},"end":{"line":463,"column":3}},"235":{"start":{"line":423,"column":4},"end":{"line":423,"column":26}},"236":{"start":{"line":423,"column":17},"end":{"line":423,"column":24}},"237":{"start":{"line":424,"column":22},"end":{"line":430,"column":6}},"238":{"start":{"line":431,"column":24},"end":{"line":436,"column":5}},"239":{"start":{"line":437,"column":4},"end":{"line":462,"column":9}},"240":{"start":{"line":439,"column":8},"end":{"line":439,"column":82}},"241":{"start":{"line":442,"column":8},"end":{"line":458,"column":9}},"242":{"start":{"line":443,"column":10},"end":{"line":443,"column":165}},"243":{"start":{"line":444,"column":10},"end":{"line":453,"column":13}},"244":{"start":{"line":454,"column":10},"end":{"line":457,"column":15}},"245":{"start":{"line":456,"column":14},"end":{"line":456,"column":88}},"246":{"start":{"line":459,"column":8},"end":{"line":459,"column":112}},"247":{"start":{"line":460,"column":8},"end":{"line":460,"column":166}},"248":{"start":{"line":461,"column":8},"end":{"line":461,"column":19}},"249":{"start":{"line":465,"column":2},"end":{"line":468,"column":31}},"250":{"start":{"line":467,"column":18},"end":{"line":467,"column":55}},"251":{"start":{"line":467,"column":37},"end":{"line":467,"column":55}},"252":{"start":{"line":468,"column":20},"end":{"line":468,"column":29}},"253":{"start":{"line":475,"column":0},"end":{"line":482,"column":2}},"254":{"start":{"line":476,"column":2},"end":{"line":478,"column":3}},"255":{"start":{"line":477,"column":4},"end":{"line":477,"column":29}},"256":{"start":{"line":479,"column":2},"end":{"line":481,"column":5}},"257":{"start":{"line":488,"column":0},"end":{"line":567,"column":2}},"258":{"start":{"line":489,"column":27},"end":{"line":489,"column":29}},"259":{"start":{"line":490,"column":2},"end":{"line":490,"column":112}},"260":{"start":{"line":490,"column":42},"end":{"line":490,"column":112}},"261":{"start":{"line":492,"column":2},"end":{"line":495,"column":3}},"262":{"start":{"line":493,"column":4},"end":{"line":493,"column":42}},"263":{"start":{"line":494,"column":4},"end":{"line":494,"column":35}},"264":{"start":{"line":496,"column":2},"end":{"line":496,"column":90}},"265":{"start":{"line":498,"column":28},"end":{"line":499,"column":39}},"266":{"start":{"line":499,"column":19},"end":{"line":499,"column":38}},"267":{"start":{"line":501,"column":25},"end":{"line":513,"column":8}},"268":{"start":{"line":502,"column":4},"end":{"line":513,"column":8}},"269":{"start":{"line":505,"column":8},"end":{"line":511,"column":9}},"270":{"start":{"line":506,"column":10},"end":{"line":506,"column":90}},"271":{"start":{"line":508,"column":10},"end":{"line":508,"column":42}},"272":{"start":{"line":509,"column":10},"end":{"line":509,"column":59}},"273":{"start":{"line":510,"column":10},"end":{"line":510,"column":29}},"274":{"start":{"line":512,"column":8},"end":{"line":512,"column":20}},"275":{"start":{"line":515,"column":34},"end":{"line":560,"column":3}},"276":{"start":{"line":516,"column":4},"end":{"line":516,"column":26}},"277":{"start":{"line":516,"column":17},"end":{"line":516,"column":24}},"278":{"start":{"line":517,"column":18},"end":{"line":517,"column":41}},"279":{"start":{"line":518,"column":22},"end":{"line":524,"column":6}},"280":{"start":{"line":525,"column":24},"end":{"line":533,"column":5}},"281":{"start":{"line":534,"column":4},"end":{"line":559,"column":9}},"282":{"start":{"line":536,"column":8},"end":{"line":536,"column":106}},"283":{"start":{"line":539,"column":8},"end":{"line":555,"column":9}},"284":{"start":{"line":540,"column":10},"end":{"line":540,"column":165}},"285":{"start":{"line":541,"column":10},"end":{"line":550,"column":13}},"286":{"start":{"line":551,"column":10},"end":{"line":554,"column":15}},"287":{"start":{"line":553,"column":14},"end":{"line":553,"column":112}},"288":{"start":{"line":556,"column":8},"end":{"line":556,"column":100}},"289":{"start":{"line":557,"column":8},"end":{"line":557,"column":108}},"290":{"start":{"line":558,"column":8},"end":{"line":558,"column":19}},"291":{"start":{"line":562,"column":2},"end":{"line":566,"column":17}},"292":{"start":{"line":565,"column":16},"end":{"line":565,"column":39}}},"fnMap":{"0":{"name":"(anonymous_0)","decl":{"start":{"line":16,"column":19},"end":{"line":16,"column":20}},"loc":{"start":{"line":16,"column":33},"end":{"line":23,"column":1}},"line":16},"1":{"name":"(anonymous_1)","decl":{"start":{"line":29,"column":20},"end":{"line":29,"column":21}},"loc":{"start":{"line":29,"column":40},"end":{"line":52,"column":1}},"line":29},"2":{"name":"(anonymous_2)","decl":{"start":{"line":40,"column":33},"end":{"line":40,"column":34}},"loc":{"start":{"line":40,"column":54},"end":{"line":51,"column":3}},"line":40},"3":{"name":"(anonymous_3)","decl":{"start":{"line":46,"column":20},"end":{"line":46,"column":21}},"loc":{"start":{"line":46,"column":29},"end":{"line":50,"column":5}},"line":46},"4":{"name":"(anonymous_4)","decl":{"start":{"line":58,"column":17},"end":{"line":58,"column":18}},"loc":{"start":{"line":58,"column":31},"end":{"line":65,"column":1}},"line":58},"5":{"name":"(anonymous_5)","decl":{"start":{"line":60,"column":22},"end":{"line":60,"column":23}},"loc":{"start":{"line":60,"column":31},"end":{"line":64,"column":3}},"line":60},"6":{"name":"(anonymous_6)","decl":{"start":{"line":71,"column":20},"end":{"line":71,"column":21}},"loc":{"start":{"line":71,"column":34},"end":{"line":78,"column":1}},"line":71},"7":{"name":"(anonymous_7)","decl":{"start":{"line":84,"column":21},"end":{"line":84,"column":22}},"loc":{"start":{"line":84,"column":41},"end":{"line":117,"column":1}},"line":84},"8":{"name":"(anonymous_8)","decl":{"start":{"line":101,"column":42},"end":{"line":101,"column":43}},"loc":{"start":{"line":101,"column":65},"end":{"line":116,"column":3}},"line":101},"9":{"name":"(anonymous_9)","decl":{"start":{"line":107,"column":14},"end":{"line":107,"column":15}},"loc":{"start":{"line":107,"column":23},"end":{"line":115,"column":5}},"line":107},"10":{"name":"(anonymous_10)","decl":{"start":{"line":109,"column":22},"end":{"line":109,"column":23}},"loc":{"start":{"line":109,"column":31},"end":{"line":114,"column":7}},"line":109},"11":{"name":"(anonymous_11)","decl":{"start":{"line":123,"column":21},"end":{"line":123,"column":22}},"loc":{"start":{"line":123,"column":35},"end":{"line":128,"column":1}},"line":123},"12":{"name":"(anonymous_12)","decl":{"start":{"line":134,"column":28},"end":{"line":134,"column":29}},"loc":{"start":{"line":134,"column":48},"end":{"line":164,"column":1}},"line":134},"13":{"name":"(anonymous_13)","decl":{"start":{"line":144,"column":29},"end":{"line":144,"column":30}},"loc":{"start":{"line":144,"column":44},"end":{"line":163,"column":3}},"line":144},"14":{"name":"(anonymous_14)","decl":{"start":{"line":152,"column":14},"end":{"line":152,"column":15}},"loc":{"start":{"line":152,"column":23},"end":{"line":162,"column":5}},"line":152},"15":{"name":"(anonymous_15)","decl":{"start":{"line":170,"column":29},"end":{"line":170,"column":30}},"loc":{"start":{"line":170,"column":49},"end":{"line":189,"column":1}},"line":170},"16":{"name":"(anonymous_16)","decl":{"start":{"line":180,"column":29},"end":{"line":180,"column":30}},"loc":{"start":{"line":180,"column":44},"end":{"line":188,"column":3}},"line":180},"17":{"name":"(anonymous_17)","decl":{"start":{"line":183,"column":14},"end":{"line":183,"column":15}},"loc":{"start":{"line":183,"column":23},"end":{"line":187,"column":5}},"line":183},"18":{"name":"(anonymous_18)","decl":{"start":{"line":195,"column":28},"end":{"line":195,"column":29}},"loc":{"start":{"line":195,"column":48},"end":{"line":202,"column":1}},"line":195},"19":{"name":"(anonymous_19)","decl":{"start":{"line":196,"column":39},"end":{"line":196,"column":40}},"loc":{"start":{"line":196,"column":48},"end":{"line":201,"column":3}},"line":196},"20":{"name":"(anonymous_20)","decl":{"start":{"line":208,"column":25},"end":{"line":208,"column":26}},"loc":{"start":{"line":208,"column":45},"end":{"line":235,"column":1}},"line":208},"21":{"name":"(anonymous_21)","decl":{"start":{"line":210,"column":29},"end":{"line":210,"column":30}},"loc":{"start":{"line":210,"column":44},"end":{"line":234,"column":3}},"line":210},"22":{"name":"(anonymous_22)","decl":{"start":{"line":213,"column":61},"end":{"line":213,"column":62}},"loc":{"start":{"line":214,"column":6},"end":{"line":214,"column":43}},"line":214},"23":{"name":"(anonymous_23)","decl":{"start":{"line":229,"column":14},"end":{"line":229,"column":15}},"loc":{"start":{"line":229,"column":23},"end":{"line":233,"column":5}},"line":229},"24":{"name":"(anonymous_24)","decl":{"start":{"line":241,"column":19},"end":{"line":241,"column":20}},"loc":{"start":{"line":241,"column":39},"end":{"line":265,"column":1}},"line":241},"25":{"name":"(anonymous_25)","decl":{"start":{"line":255,"column":10},"end":{"line":255,"column":11}},"loc":{"start":{"line":255,"column":25},"end":{"line":264,"column":5}},"line":255},"26":{"name":"(anonymous_26)","decl":{"start":{"line":271,"column":30},"end":{"line":271,"column":31}},"loc":{"start":{"line":271,"column":50},"end":{"line":304,"column":1}},"line":271},"27":{"name":"(anonymous_27)","decl":{"start":{"line":287,"column":12},"end":{"line":287,"column":13}},"loc":{"start":{"line":287,"column":22},"end":{"line":297,"column":7}},"line":287},"28":{"name":"(anonymous_28)","decl":{"start":{"line":298,"column":13},"end":{"line":298,"column":14}},"loc":{"start":{"line":298,"column":24},"end":{"line":302,"column":7}},"line":298},"29":{"name":"(anonymous_29)","decl":{"start":{"line":310,"column":25},"end":{"line":310,"column":26}},"loc":{"start":{"line":310,"column":45},"end":{"line":385,"column":1}},"line":310},"30":{"name":"(anonymous_30)","decl":{"start":{"line":322,"column":10},"end":{"line":322,"column":11}},"loc":{"start":{"line":322,"column":19},"end":{"line":322,"column":38}},"line":322},"31":{"name":"(anonymous_31)","decl":{"start":{"line":324,"column":25},"end":{"line":324,"column":26}},"loc":{"start":{"line":324,"column":36},"end":{"line":332,"column":3}},"line":324},"32":{"name":"(anonymous_32)","decl":{"start":{"line":327,"column":12},"end":{"line":327,"column":13}},"loc":{"start":{"line":327,"column":22},"end":{"line":330,"column":7}},"line":327},"33":{"name":"(anonymous_33)","decl":{"start":{"line":334,"column":26},"end":{"line":334,"column":27}},"loc":{"start":{"line":334,"column":37},"end":{"line":378,"column":3}},"line":334},"34":{"name":"(anonymous_34)","decl":{"start":{"line":353,"column":12},"end":{"line":353,"column":13}},"loc":{"start":{"line":353,"column":18},"end":{"line":355,"column":7}},"line":353},"35":{"name":"(anonymous_35)","decl":{"start":{"line":356,"column":13},"end":{"line":356,"column":14}},"loc":{"start":{"line":356,"column":22},"end":{"line":377,"column":7}},"line":356},"36":{"name":"(anonymous_36)","decl":{"start":{"line":370,"column":18},"end":{"line":370,"column":19}},"loc":{"start":{"line":370,"column":24},"end":{"line":372,"column":13}},"line":370},"37":{"name":"(anonymous_37)","decl":{"start":{"line":383,"column":10},"end":{"line":383,"column":11}},"loc":{"start":{"line":383,"column":16},"end":{"line":383,"column":40}},"line":383},"38":{"name":"(anonymous_38)","decl":{"start":{"line":391,"column":20},"end":{"line":391,"column":21}},"loc":{"start":{"line":391,"column":40},"end":{"line":469,"column":1}},"line":391},"39":{"name":"(anonymous_39)","decl":{"start":{"line":402,"column":24},"end":{"line":402,"column":25}},"loc":{"start":{"line":403,"column":4},"end":{"line":420,"column":8}},"line":403},"40":{"name":"(anonymous_40)","decl":{"start":{"line":406,"column":12},"end":{"line":406,"column":13}},"loc":{"start":{"line":406,"column":22},"end":{"line":420,"column":7}},"line":406},"41":{"name":"(anonymous_41)","decl":{"start":{"line":414,"column":32},"end":{"line":414,"column":33}},"loc":{"start":{"line":414,"column":38},"end":{"line":419,"column":10}},"line":414},"42":{"name":"(anonymous_42)","decl":{"start":{"line":414,"column":50},"end":{"line":414,"column":51}},"loc":{"start":{"line":414,"column":71},"end":{"line":419,"column":9}},"line":414},"43":{"name":"(anonymous_43)","decl":{"start":{"line":415,"column":26},"end":{"line":415,"column":27}},"loc":{"start":{"line":415,"column":35},"end":{"line":418,"column":11}},"line":415},"44":{"name":"(anonymous_44)","decl":{"start":{"line":422,"column":33},"end":{"line":422,"column":34}},"loc":{"start":{"line":422,"column":43},"end":{"line":463,"column":3}},"line":422},"45":{"name":"(anonymous_45)","decl":{"start":{"line":438,"column":12},"end":{"line":438,"column":13}},"loc":{"start":{"line":438,"column":18},"end":{"line":440,"column":7}},"line":438},"46":{"name":"(anonymous_46)","decl":{"start":{"line":441,"column":13},"end":{"line":441,"column":14}},"loc":{"start":{"line":441,"column":22},"end":{"line":462,"column":7}},"line":441},"47":{"name":"(anonymous_47)","decl":{"start":{"line":455,"column":18},"end":{"line":455,"column":19}},"loc":{"start":{"line":455,"column":24},"end":{"line":457,"column":13}},"line":455},"48":{"name":"(anonymous_48)","decl":{"start":{"line":467,"column":10},"end":{"line":467,"column":11}},"loc":{"start":{"line":467,"column":16},"end":{"line":467,"column":57}},"line":467},"49":{"name":"(anonymous_49)","decl":{"start":{"line":468,"column":11},"end":{"line":468,"column":12}},"loc":{"start":{"line":468,"column":20},"end":{"line":468,"column":29}},"line":468},"50":{"name":"(anonymous_50)","decl":{"start":{"line":475,"column":20},"end":{"line":475,"column":21}},"loc":{"start":{"line":475,"column":34},"end":{"line":482,"column":1}},"line":475},"51":{"name":"(anonymous_51)","decl":{"start":{"line":488,"column":21},"end":{"line":488,"column":22}},"loc":{"start":{"line":488,"column":41},"end":{"line":567,"column":1}},"line":488},"52":{"name":"(anonymous_52)","decl":{"start":{"line":499,"column":10},"end":{"line":499,"column":11}},"loc":{"start":{"line":499,"column":19},"end":{"line":499,"column":38}},"line":499},"53":{"name":"(anonymous_53)","decl":{"start":{"line":501,"column":25},"end":{"line":501,"column":26}},"loc":{"start":{"line":502,"column":4},"end":{"line":513,"column":8}},"line":502},"54":{"name":"(anonymous_54)","decl":{"start":{"line":504,"column":12},"end":{"line":504,"column":13}},"loc":{"start":{"line":504,"column":22},"end":{"line":513,"column":7}},"line":504},"55":{"name":"(anonymous_55)","decl":{"start":{"line":515,"column":34},"end":{"line":515,"column":35}},"loc":{"start":{"line":515,"column":44},"end":{"line":560,"column":3}},"line":515},"56":{"name":"(anonymous_56)","decl":{"start":{"line":535,"column":12},"end":{"line":535,"column":13}},"loc":{"start":{"line":535,"column":18},"end":{"line":537,"column":7}},"line":535},"57":{"name":"(anonymous_57)","decl":{"start":{"line":538,"column":13},"end":{"line":538,"column":14}},"loc":{"start":{"line":538,"column":22},"end":{"line":559,"column":7}},"line":538},"58":{"name":"(anonymous_58)","decl":{"start":{"line":552,"column":18},"end":{"line":552,"column":19}},"loc":{"start":{"line":552,"column":24},"end":{"line":554,"column":13}},"line":552},"59":{"name":"(anonymous_59)","decl":{"start":{"line":565,"column":10},"end":{"line":565,"column":11}},"loc":{"start":{"line":565,"column":16},"end":{"line":565,"column":39}},"line":565}},"branchMap":{"0":{"loc":{"start":{"line":17,"column":2},"end":{"line":19,"column":3}},"type":"if","locations":[{"start":{"line":17,"column":2},"end":{"line":19,"column":3}},{"start":{"line":17,"column":2},"end":{"line":19,"column":3}}],"line":17},"1":{"loc":{"start":{"line":31,"column":2},"end":{"line":31,"column":112}},"type":"if","locations":[{"start":{"line":31,"column":2},"end":{"line":31,"column":112}},{"start":{"line":31,"column":2},"end":{"line":31,"column":112}}],"line":31},"2":{"loc":{"start":{"line":32,"column":2},"end":{"line":32,"column":104}},"type":"if","locations":[{"start":{"line":32,"column":2},"end":{"line":32,"column":104}},{"start":{"line":32,"column":2},"end":{"line":32,"column":104}}],"line":32},"3":{"loc":{"start":{"line":34,"column":2},"end":{"line":37,"column":3}},"type":"if","locations":[{"start":{"line":34,"column":2},"end":{"line":37,"column":3}},{"start":{"line":34,"column":2},"end":{"line":37,"column":3}}],"line":34},"4":{"loc":{"start":{"line":41,"column":4},"end":{"line":41,"column":34}},"type":"if","locations":[{"start":{"line":41,"column":4},"end":{"line":41,"column":34}},{"start":{"line":41,"column":4},"end":{"line":41,"column":34}}],"line":41},"5":{"loc":{"start":{"line":42,"column":4},"end":{"line":45,"column":5}},"type":"if","locations":[{"start":{"line":42,"column":4},"end":{"line":45,"column":5}},{"start":{"line":42,"column":4},"end":{"line":45,"column":5}}],"line":42},"6":{"loc":{"start":{"line":47,"column":6},"end":{"line":47,"column":36}},"type":"if","locations":[{"start":{"line":47,"column":6},"end":{"line":47,"column":36}},{"start":{"line":47,"column":6},"end":{"line":47,"column":36}}],"line":47},"7":{"loc":{"start":{"line":49,"column":19},"end":{"line":49,"column":46}},"type":"binary-expr","locations":[{"start":{"line":49,"column":19},"end":{"line":49,"column":39}},{"start":{"line":49,"column":43},"end":{"line":49,"column":46}}],"line":49},"8":{"loc":{"start":{"line":61,"column":4},"end":{"line":61,"column":86}},"type":"if","locations":[{"start":{"line":61,"column":4},"end":{"line":61,"column":86}},{"start":{"line":61,"column":4},"end":{"line":61,"column":86}}],"line":61},"9":{"loc":{"start":{"line":72,"column":2},"end":{"line":74,"column":3}},"type":"if","locations":[{"start":{"line":72,"column":2},"end":{"line":74,"column":3}},{"start":{"line":72,"column":2},"end":{"line":74,"column":3}}],"line":72},"10":{"loc":{"start":{"line":86,"column":2},"end":{"line":86,"column":112}},"type":"if","locations":[{"start":{"line":86,"column":2},"end":{"line":86,"column":112}},{"start":{"line":86,"column":2},"end":{"line":86,"column":112}}],"line":86},"11":{"loc":{"start":{"line":87,"column":2},"end":{"line":87,"column":136}},"type":"if","locations":[{"start":{"line":87,"column":2},"end":{"line":87,"column":136}},{"start":{"line":87,"column":2},"end":{"line":87,"column":136}}],"line":87},"12":{"loc":{"start":{"line":88,"column":2},"end":{"line":88,"column":111}},"type":"if","locations":[{"start":{"line":88,"column":2},"end":{"line":88,"column":111}},{"start":{"line":88,"column":2},"end":{"line":88,"column":111}}],"line":88},"13":{"loc":{"start":{"line":90,"column":2},"end":{"line":93,"column":3}},"type":"if","locations":[{"start":{"line":90,"column":2},"end":{"line":93,"column":3}},{"start":{"line":90,"column":2},"end":{"line":93,"column":3}}],"line":90},"14":{"loc":{"start":{"line":102,"column":4},"end":{"line":102,"column":34}},"type":"if","locations":[{"start":{"line":102,"column":4},"end":{"line":102,"column":34}},{"start":{"line":102,"column":4},"end":{"line":102,"column":34}}],"line":102},"15":{"loc":{"start":{"line":103,"column":4},"end":{"line":106,"column":5}},"type":"if","locations":[{"start":{"line":103,"column":4},"end":{"line":106,"column":5}},{"start":{"line":103,"column":4},"end":{"line":106,"column":5}}],"line":103},"16":{"loc":{"start":{"line":108,"column":6},"end":{"line":108,"column":36}},"type":"if","locations":[{"start":{"line":108,"column":6},"end":{"line":108,"column":36}},{"start":{"line":108,"column":6},"end":{"line":108,"column":36}}],"line":108},"17":{"loc":{"start":{"line":110,"column":8},"end":{"line":112,"column":9}},"type":"if","locations":[{"start":{"line":110,"column":8},"end":{"line":112,"column":9}},{"start":{"line":110,"column":8},"end":{"line":112,"column":9}}],"line":110},"18":{"loc":{"start":{"line":136,"column":2},"end":{"line":136,"column":112}},"type":"if","locations":[{"start":{"line":136,"column":2},"end":{"line":136,"column":112}},{"start":{"line":136,"column":2},"end":{"line":136,"column":112}}],"line":136},"19":{"loc":{"start":{"line":138,"column":2},"end":{"line":141,"column":3}},"type":"if","locations":[{"start":{"line":138,"column":2},"end":{"line":141,"column":3}},{"start":{"line":138,"column":2},"end":{"line":141,"column":3}}],"line":138},"20":{"loc":{"start":{"line":145,"column":4},"end":{"line":145,"column":34}},"type":"if","locations":[{"start":{"line":145,"column":4},"end":{"line":145,"column":34}},{"start":{"line":145,"column":4},"end":{"line":145,"column":34}}],"line":145},"21":{"loc":{"start":{"line":146,"column":4},"end":{"line":146,"column":66}},"type":"if","locations":[{"start":{"line":146,"column":4},"end":{"line":146,"column":66}},{"start":{"line":146,"column":4},"end":{"line":146,"column":66}}],"line":146},"22":{"loc":{"start":{"line":147,"column":17},"end":{"line":147,"column":37}},"type":"binary-expr","locations":[{"start":{"line":147,"column":17},"end":{"line":147,"column":31}},{"start":{"line":147,"column":35},"end":{"line":147,"column":37}}],"line":147},"23":{"loc":{"start":{"line":148,"column":24},"end":{"line":148,"column":43}},"type":"binary-expr","locations":[{"start":{"line":148,"column":24},"end":{"line":148,"column":37}},{"start":{"line":148,"column":41},"end":{"line":148,"column":43}}],"line":148},"24":{"loc":{"start":{"line":149,"column":26},"end":{"line":149,"column":47}},"type":"binary-expr","locations":[{"start":{"line":149,"column":26},"end":{"line":149,"column":41}},{"start":{"line":149,"column":45},"end":{"line":149,"column":47}}],"line":149},"25":{"loc":{"start":{"line":150,"column":28},"end":{"line":150,"column":51}},"type":"binary-expr","locations":[{"start":{"line":150,"column":28},"end":{"line":150,"column":45}},{"start":{"line":150,"column":49},"end":{"line":150,"column":51}}],"line":150},"26":{"loc":{"start":{"line":151,"column":27},"end":{"line":151,"column":49}},"type":"binary-expr","locations":[{"start":{"line":151,"column":27},"end":{"line":151,"column":43}},{"start":{"line":151,"column":47},"end":{"line":151,"column":49}}],"line":151},"27":{"loc":{"start":{"line":153,"column":6},"end":{"line":159,"column":7}},"type":"if","locations":[{"start":{"line":153,"column":6},"end":{"line":159,"column":7}},{"start":{"line":153,"column":6},"end":{"line":159,"column":7}}],"line":153},"28":{"loc":{"start":{"line":154,"column":8},"end":{"line":157,"column":9}},"type":"if","locations":[{"start":{"line":154,"column":8},"end":{"line":157,"column":9}},{"start":{"line":154,"column":8},"end":{"line":157,"column":9}}],"line":154},"29":{"loc":{"start":{"line":172,"column":2},"end":{"line":172,"column":136}},"type":"if","locations":[{"start":{"line":172,"column":2},"end":{"line":172,"column":136}},{"start":{"line":172,"column":2},"end":{"line":172,"column":136}}],"line":172},"30":{"loc":{"start":{"line":173,"column":2},"end":{"line":173,"column":111}},"type":"if","locations":[{"start":{"line":173,"column":2},"end":{"line":173,"column":111}},{"start":{"line":173,"column":2},"end":{"line":173,"column":111}}],"line":173},"31":{"loc":{"start":{"line":175,"column":2},"end":{"line":178,"column":3}},"type":"if","locations":[{"start":{"line":175,"column":2},"end":{"line":178,"column":3}},{"start":{"line":175,"column":2},"end":{"line":178,"column":3}}],"line":175},"32":{"loc":{"start":{"line":181,"column":4},"end":{"line":181,"column":34}},"type":"if","locations":[{"start":{"line":181,"column":4},"end":{"line":181,"column":34}},{"start":{"line":181,"column":4},"end":{"line":181,"column":34}}],"line":181},"33":{"loc":{"start":{"line":184,"column":6},"end":{"line":184,"column":36}},"type":"if","locations":[{"start":{"line":184,"column":6},"end":{"line":184,"column":36}},{"start":{"line":184,"column":6},"end":{"line":184,"column":36}}],"line":184},"34":{"loc":{"start":{"line":197,"column":4},"end":{"line":197,"column":34}},"type":"if","locations":[{"start":{"line":197,"column":4},"end":{"line":197,"column":34}},{"start":{"line":197,"column":4},"end":{"line":197,"column":34}}],"line":197},"35":{"loc":{"start":{"line":211,"column":4},"end":{"line":211,"column":34}},"type":"if","locations":[{"start":{"line":211,"column":4},"end":{"line":211,"column":34}},{"start":{"line":211,"column":4},"end":{"line":211,"column":34}}],"line":211},"36":{"loc":{"start":{"line":218,"column":4},"end":{"line":227,"column":5}},"type":"if","locations":[{"start":{"line":218,"column":4},"end":{"line":227,"column":5}},{"start":{"line":218,"column":4},"end":{"line":227,"column":5}}],"line":218},"37":{"loc":{"start":{"line":219,"column":6},"end":{"line":220,"column":51}},"type":"binary-expr","locations":[{"start":{"line":219,"column":6},"end":{"line":219,"column":36}},{"start":{"line":220,"column":9},"end":{"line":220,"column":51}}],"line":219},"38":{"loc":{"start":{"line":219,"column":8},"end":{"line":219,"column":35}},"type":"binary-expr","locations":[{"start":{"line":219,"column":8},"end":{"line":219,"column":18}},{"start":{"line":219,"column":22},"end":{"line":219,"column":35}}],"line":219},"39":{"loc":{"start":{"line":230,"column":6},"end":{"line":230,"column":36}},"type":"if","locations":[{"start":{"line":230,"column":6},"end":{"line":230,"column":36}},{"start":{"line":230,"column":6},"end":{"line":230,"column":36}}],"line":230},"40":{"loc":{"start":{"line":242,"column":2},"end":{"line":244,"column":3}},"type":"if","locations":[{"start":{"line":242,"column":2},"end":{"line":244,"column":3}},{"start":{"line":242,"column":2},"end":{"line":244,"column":3}}],"line":242},"41":{"loc":{"start":{"line":246,"column":2},"end":{"line":246,"column":114}},"type":"if","locations":[{"start":{"line":246,"column":2},"end":{"line":246,"column":114}},{"start":{"line":246,"column":2},"end":{"line":246,"column":114}}],"line":246},"42":{"loc":{"start":{"line":247,"column":2},"end":{"line":250,"column":3}},"type":"if","locations":[{"start":{"line":247,"column":2},"end":{"line":250,"column":3}},{"start":{"line":247,"column":2},"end":{"line":250,"column":3}}],"line":247},"43":{"loc":{"start":{"line":256,"column":6},"end":{"line":256,"column":36}},"type":"if","locations":[{"start":{"line":256,"column":6},"end":{"line":256,"column":36}},{"start":{"line":256,"column":6},"end":{"line":256,"column":36}}],"line":256},"44":{"loc":{"start":{"line":257,"column":6},"end":{"line":260,"column":7}},"type":"if","locations":[{"start":{"line":257,"column":6},"end":{"line":260,"column":7}},{"start":{"line":257,"column":6},"end":{"line":260,"column":7}}],"line":257},"45":{"loc":{"start":{"line":272,"column":2},"end":{"line":275,"column":3}},"type":"if","locations":[{"start":{"line":272,"column":2},"end":{"line":275,"column":3}},{"start":{"line":272,"column":2},"end":{"line":275,"column":3}}],"line":272},"46":{"loc":{"start":{"line":278,"column":2},"end":{"line":278,"column":136}},"type":"if","locations":[{"start":{"line":278,"column":2},"end":{"line":278,"column":136}},{"start":{"line":278,"column":2},"end":{"line":278,"column":136}}],"line":278},"47":{"loc":{"start":{"line":278,"column":6},"end":{"line":278,"column":70}},"type":"binary-expr","locations":[{"start":{"line":278,"column":6},"end":{"line":278,"column":22}},{"start":{"line":278,"column":27},"end":{"line":278,"column":69}}],"line":278},"48":{"loc":{"start":{"line":279,"column":2},"end":{"line":282,"column":3}},"type":"if","locations":[{"start":{"line":279,"column":2},"end":{"line":282,"column":3}},{"start":{"line":279,"column":2},"end":{"line":282,"column":3}}],"line":279},"49":{"loc":{"start":{"line":284,"column":2},"end":{"line":303,"column":3}},"type":"if","locations":[{"start":{"line":284,"column":2},"end":{"line":303,"column":3}},{"start":{"line":284,"column":2},"end":{"line":303,"column":3}}],"line":284},"50":{"loc":{"start":{"line":288,"column":8},"end":{"line":291,"column":9}},"type":"if","locations":[{"start":{"line":288,"column":8},"end":{"line":291,"column":9}},{"start":{"line":288,"column":8},"end":{"line":291,"column":9}}],"line":288},"51":{"loc":{"start":{"line":311,"column":2},"end":{"line":314,"column":3}},"type":"if","locations":[{"start":{"line":311,"column":2},"end":{"line":314,"column":3}},{"start":{"line":311,"column":2},"end":{"line":314,"column":3}}],"line":311},"52":{"loc":{"start":{"line":316,"column":2},"end":{"line":319,"column":3}},"type":"if","locations":[{"start":{"line":316,"column":2},"end":{"line":319,"column":3}},{"start":{"line":316,"column":2},"end":{"line":319,"column":3}}],"line":316},"53":{"loc":{"start":{"line":357,"column":8},"end":{"line":373,"column":9}},"type":"if","locations":[{"start":{"line":357,"column":8},"end":{"line":373,"column":9}},{"start":{"line":357,"column":8},"end":{"line":373,"column":9}}],"line":357},"54":{"loc":{"start":{"line":393,"column":2},"end":{"line":393,"column":136}},"type":"if","locations":[{"start":{"line":393,"column":2},"end":{"line":393,"column":136}},{"start":{"line":393,"column":2},"end":{"line":393,"column":136}}],"line":393},"55":{"loc":{"start":{"line":394,"column":2},"end":{"line":394,"column":103}},"type":"if","locations":[{"start":{"line":394,"column":2},"end":{"line":394,"column":103}},{"start":{"line":394,"column":2},"end":{"line":394,"column":103}}],"line":394},"56":{"loc":{"start":{"line":395,"column":2},"end":{"line":395,"column":114}},"type":"if","locations":[{"start":{"line":395,"column":2},"end":{"line":395,"column":114}},{"start":{"line":395,"column":2},"end":{"line":395,"column":114}}],"line":395},"57":{"loc":{"start":{"line":397,"column":2},"end":{"line":400,"column":3}},"type":"if","locations":[{"start":{"line":397,"column":2},"end":{"line":400,"column":3}},{"start":{"line":397,"column":2},"end":{"line":400,"column":3}}],"line":397},"58":{"loc":{"start":{"line":407,"column":8},"end":{"line":410,"column":9}},"type":"if","locations":[{"start":{"line":407,"column":8},"end":{"line":410,"column":9}},{"start":{"line":407,"column":8},"end":{"line":410,"column":9}}],"line":407},"59":{"loc":{"start":{"line":416,"column":12},"end":{"line":416,"column":44}},"type":"if","locations":[{"start":{"line":416,"column":12},"end":{"line":416,"column":44}},{"start":{"line":416,"column":12},"end":{"line":416,"column":44}}],"line":416},"60":{"loc":{"start":{"line":423,"column":4},"end":{"line":423,"column":26}},"type":"if","locations":[{"start":{"line":423,"column":4},"end":{"line":423,"column":26}},{"start":{"line":423,"column":4},"end":{"line":423,"column":26}}],"line":423},"61":{"loc":{"start":{"line":442,"column":8},"end":{"line":458,"column":9}},"type":"if","locations":[{"start":{"line":442,"column":8},"end":{"line":458,"column":9}},{"start":{"line":442,"column":8},"end":{"line":458,"column":9}}],"line":442},"62":{"loc":{"start":{"line":467,"column":18},"end":{"line":467,"column":55}},"type":"if","locations":[{"start":{"line":467,"column":18},"end":{"line":467,"column":55}},{"start":{"line":467,"column":18},"end":{"line":467,"column":55}}],"line":467},"63":{"loc":{"start":{"line":476,"column":2},"end":{"line":478,"column":3}},"type":"if","locations":[{"start":{"line":476,"column":2},"end":{"line":478,"column":3}},{"start":{"line":476,"column":2},"end":{"line":478,"column":3}}],"line":476},"64":{"loc":{"start":{"line":490,"column":2},"end":{"line":490,"column":112}},"type":"if","locations":[{"start":{"line":490,"column":2},"end":{"line":490,"column":112}},{"start":{"line":490,"column":2},"end":{"line":490,"column":112}}],"line":490},"65":{"loc":{"start":{"line":492,"column":2},"end":{"line":495,"column":3}},"type":"if","locations":[{"start":{"line":492,"column":2},"end":{"line":495,"column":3}},{"start":{"line":492,"column":2},"end":{"line":495,"column":3}}],"line":492},"66":{"loc":{"start":{"line":505,"column":8},"end":{"line":511,"column":9}},"type":"if","locations":[{"start":{"line":505,"column":8},"end":{"line":511,"column":9}},{"start":{"line":505,"column":8},"end":{"line":511,"column":9}}],"line":505},"67":{"loc":{"start":{"line":516,"column":4},"end":{"line":516,"column":26}},"type":"if","locations":[{"start":{"line":516,"column":4},"end":{"line":516,"column":26}},{"start":{"line":516,"column":4},"end":{"line":516,"column":26}}],"line":516},"68":{"loc":{"start":{"line":539,"column":8},"end":{"line":555,"column":9}},"type":"if","locations":[{"start":{"line":539,"column":8},"end":{"line":555,"column":9}},{"start":{"line":539,"column":8},"end":{"line":555,"column":9}}],"line":539}},"s":{"0":1,"1":1,"2":1,"3":1,"4":1,"5":1,"6":1,"7":1,"8":1,"9":1,"10":0,"11":0,"12":0,"13":1,"14":0,"15":0,"16":0,"17":0,"18":0,"19":0,"20":0,"21":0,"22":0,"23":0,"24":0,"25":0,"26":0,"27":0,"28":0,"29":0,"30":0,"31":0,"32":0,"33":0,"34":1,"35":0,"36":0,"37":0,"38":0,"39":0,"40":0,"41":1,"42":0,"43":0,"44":0,"45":1,"46":0,"47":0,"48":0,"49":0,"50":0,"51":0,"52":0,"53":0,"54":0,"55":0,"56":0,"57":0,"58":0,"59":0,"60":0,"61":0,"62":0,"63":0,"64":0,"65":0,"66":0,"67":0,"68":0,"69":0,"70":0,"71":1,"72":0,"73":1,"74":0,"75":0,"76":0,"77":0,"78":0,"79":0,"80":0,"81":0,"82":0,"83":0,"84":0,"85":0,"86":0,"87":0,"88":0,"89":0,"90":0,"91":0,"92":0,"93":0,"94":0,"95":0,"96":0,"97":0,"98":0,"99":1,"100":0,"101":0,"102":0,"103":0,"104":0,"105":0,"106":0,"107":0,"108":0,"109":0,"110":0,"111":0,"112":0,"113":0,"114":0,"115":0,"116":0,"117":1,"118":0,"119":0,"120":0,"121":0,"122":0,"123":0,"124":1,"125":0,"126":0,"127":0,"128":0,"129":0,"130":0,"131":0,"132":0,"133":0,"134":0,"135":0,"136":0,"137":0,"138":0,"139":0,"140":0,"141":1,"142":0,"143":0,"144":0,"145":0,"146":0,"147":0,"148":0,"149":0,"150":0,"151":0,"152":0,"153":0,"154":0,"155":0,"156":0,"157":1,"158":0,"159":0,"160":0,"161":0,"162":0,"163":0,"164":0,"165":0,"166":0,"167":0,"168":0,"169":0,"170":0,"171":0,"172":0,"173":0,"174":0,"175":0,"176":0,"177":0,"178":0,"179":0,"180":1,"181":0,"182":0,"183":0,"184":0,"185":0,"186":0,"187":0,"188":0,"189":0,"190":0,"191":0,"192":0,"193":0,"194":0,"195":0,"196":0,"197":0,"198":0,"199":0,"200":0,"201":0,"202":0,"203":0,"204":0,"205":0,"206":0,"207":0,"208":0,"209":1,"210":0,"211":0,"212":0,"213":0,"214":0,"215":0,"216":0,"217":0,"218":0,"219":0,"220":0,"221":0,"222":0,"223":0,"224":0,"225":0,"226":0,"227":0,"228":0,"229":0,"230":0,"231":0,"232":0,"233":0,"234":0,"235":0,"236":0,"237":0,"238":0,"239":0,"240":0,"241":0,"242":0,"243":0,"244":0,"245":0,"246":0,"247":0,"248":0,"249":0,"250":0,"251":0,"252":0,"253":1,"254":0,"255":0,"256":0,"257":1,"258":0,"259":0,"260":0,"261":0,"262":0,"263":0,"264":0,"265":0,"266":0,"267":0,"268":0,"269":0,"270":0,"271":0,"272":0,"273":0,"274":0,"275":0,"276":0,"277":0,"278":0,"279":0,"280":0,"281":0,"282":0,"283":0,"284":0,"285":0,"286":0,"287":0,"288":0,"289":0,"290":0,"291":0,"292":0},"f":{"0":0,"1":0,"2":0,"3":0,"4":0,"5":0,"6":0,"7":0,"8":0,"9":0,"10":0,"11":0,"12":0,"13":0,"14":0,"15":0,"16":0,"17":0,"18":0,"19":0,"20":0,"21":0,"22":0,"23":0,"24":0,"25":0,"26":0,"27":0,"28":0,"29":0,"30":0,"31":0,"32":0,"33":0,"34":0,"35":0,"36":0,"37":0,"38":0,"39":0,"40":0,"41":0,"42":0,"43":0,"44":0,"45":0,"46":0,"47":0,"48":0,"49":0,"50":0,"51":0,"52":0,"53":0,"54":0,"55":0,"56":0,"57":0,"58":0,"59":0},"b":{"0":[0,0],"1":[0,0],"2":[0,0],"3":[0,0],"4":[0,0],"5":[0,0],"6":[0,0],"7":[0,0],"8":[0,0],"9":[0,0],"10":[0,0],"11":[0,0],"12":[0,0],"13":[0,0],"14":[0,0],"15":[0,0],"16":[0,0],"17":[0,0],"18":[0,0],"19":[0,0],"20":[0,0],"21":[0,0],"22":[0,0],"23":[0,0],"24":[0,0],"25":[0,0],"26":[0,0],"27":[0,0],"28":[0,0],"29":[0,0],"30":[0,0],"31":[0,0],"32":[0,0],"33":[0,0],"34":[0,0],"35":[0,0],"36":[0,0],"37":[0,0],"38":[0,0],"39":[0,0],"40":[0,0],"41":[0,0],"42":[0,0],"43":[0,0],"44":[0,0],"45":[0,0],"46":[0,0],"47":[0,0],"48":[0,0],"49":[0,0],"50":[0,0],"51":[0,0],"52":[0,0],"53":[0,0],"54":[0,0],"55":[0,0],"56":[0,0],"57":[0,0],"58":[0,0],"59":[0,0],"60":[0,0],"61":[0,0],"62":[0,0],"63":[0,0],"64":[0,0],"65":[0,0],"66":[0,0],"67":[0,0],"68":[0,0]},"_coverageSchema":"1a1c01bbd47fc00a2c39e90264f33305004495a9","hash":"76ff94f9f9eb6638146912db999edfddabe8253d","contentHash":"f6ad51f12fb7b2a5f88e0ac3b6810767c8144f13d8e2a20da4cb382455d6ffea"},"E:\\Work Work\\Ki 9\\capstone-back-end\\models\\User.js":{"path":"E:\\Work Work\\Ki 9\\capstone-back-end\\models\\User.js","statementMap":{"0":{"start":{"line":1,"column":15},"end":{"line":1,"column":32}},"1":{"start":{"line":2,"column":15},"end":{"line":2,"column":32}},"2":{"start":{"line":3,"column":17},"end":{"line":3,"column":36}},"3":{"start":{"line":4,"column":15},"end":{"line":4,"column":30}},"4":{"start":{"line":6,"column":19},"end":{"line":25,"column":24}},"5":{"start":{"line":30,"column":0},"end":{"line":44,"column":3}},"6":{"start":{"line":31,"column":15},"end":{"line":31,"column":19}},"7":{"start":{"line":32,"column":2},"end":{"line":42,"column":3}},"8":{"start":{"line":33,"column":4},"end":{"line":33,"column":56}},"9":{"start":{"line":33,"column":40},"end":{"line":33,"column":54}},"10":{"start":{"line":34,"column":4},"end":{"line":41,"column":7}},"11":{"start":{"line":35,"column":6},"end":{"line":35,"column":36}},"12":{"start":{"line":35,"column":17},"end":{"line":35,"column":34}},"13":{"start":{"line":36,"column":6},"end":{"line":40,"column":9}},"14":{"start":{"line":37,"column":8},"end":{"line":37,"column":38}},"15":{"start":{"line":37,"column":19},"end":{"line":37,"column":36}},"16":{"start":{"line":38,"column":8},"end":{"line":38,"column":29}},"17":{"start":{"line":39,"column":8},"end":{"line":39,"column":15}},"18":{"start":{"line":43,"column":2},"end":{"line":43,"column":9}},"19":{"start":{"line":49,"column":0},"end":{"line":53,"column":2}},"20":{"start":{"line":50,"column":2},"end":{"line":52,"column":5}},"21":{"start":{"line":51,"column":4},"end":{"line":51,"column":21}},"22":{"start":{"line":58,"column":0},"end":{"line":67,"column":2}},"23":{"start":{"line":59,"column":2},"end":{"line":61,"column":3}},"24":{"start":{"line":60,"column":4},"end":{"line":60,"column":15}},"25":{"start":{"line":62,"column":2},"end":{"line":64,"column":3}},"26":{"start":{"line":63,"column":4},"end":{"line":63,"column":60}},"27":{"start":{"line":65,"column":14},"end":{"line":65,"column":71}},"28":{"start":{"line":66,"column":2},"end":{"line":66,"column":64}},"29":{"start":{"line":69,"column":13},"end":{"line":69,"column":47}},"30":{"start":{"line":71,"column":0},"end":{"line":71,"column":22}}},"fnMap":{"0":{"name":"save","decl":{"start":{"line":30,"column":32},"end":{"line":30,"column":36}},"loc":{"start":{"line":30,"column":43},"end":{"line":44,"column":1}},"line":30},"1":{"name":"(anonymous_1)","decl":{"start":{"line":34,"column":23},"end":{"line":34,"column":24}},"loc":{"start":{"line":34,"column":38},"end":{"line":41,"column":5}},"line":34},"2":{"name":"(anonymous_2)","decl":{"start":{"line":36,"column":39},"end":{"line":36,"column":40}},"loc":{"start":{"line":36,"column":54},"end":{"line":40,"column":7}},"line":36},"3":{"name":"comparePassword","decl":{"start":{"line":49,"column":46},"end":{"line":49,"column":61}},"loc":{"start":{"line":49,"column":85},"end":{"line":53,"column":1}},"line":49},"4":{"name":"(anonymous_4)","decl":{"start":{"line":50,"column":51},"end":{"line":50,"column":52}},"loc":{"start":{"line":50,"column":69},"end":{"line":52,"column":3}},"line":50},"5":{"name":"gravatar","decl":{"start":{"line":58,"column":39},"end":{"line":58,"column":47}},"loc":{"sta
[...]
n":17}},{"start":{"line":82,"column":19},"end":{"line":82,"column":26}}],"line":82},"8":{"loc":{"start":{"line":97,"column":4},"end":{"line":97,"column":93}},"type":"if","locations":[{"start":{"line":97,"column":4},"end":{"line":97,"column":93}},{"start":{"line":97,"column":4},"end":{"line":97,"column":93}}],"line":97},"9":{"loc":{"start":{"line":97,"column":8},"end":{"line":97,"column":34}},"type":"binary-expr","locations":[{"start":{"line":97,"column":8},"end":{"line":97,"column":21}},{"start":{"line":97,"column":23},"end":{"line":97,"column":34}}],"line":97},"10":{"loc":{"start":{"line":120,"column":4},"end":{"line":126,"column":100}},"type":"if","locations":[{"start":{"line":120,"column":4},"end":{"line":126,"column":100}},{"start":{"line":120,"column":4},"end":{"line":126,"column":100}}],"line":120}},"s":{"0":1,"1":1,"2":1,"3":1,"4":1,"5":1,"6":1,"7":1,"8":1,"9":0,"10":0,"11":0,"12":0,"13":0,"14":1,"15":0,"16":0,"17":0,"18":0,"19":0,"20":0,"21":0,"22":0,"23":0,"24":0,"25":0,"26":0,"27":0,"28":0,"29":0,"30":0,"31":1,"32":0,"33":0,"34":0,"35":0,"36":0,"37":0,"38":1,"39":0,"40":0,"41":0,"42":0,"43":1,"44":0,"45":1,"46":0,"47":0,"48":0,"49":0,"50":1,"51":0,"52":1,"53":0,"54":1,"55":0,"56":0,"57":0,"58":0},"f":{"0":0,"1":0,"2":0,"3":0,"4":0,"5":0,"6":0,"7":0,"8":0,"9":0},"b":{"0":[0,0],"1":[0,0],"2":[0,0],"3":[0,0],"4":[0,0],"5":[0,0],"6":[0,0],"7":[0,0],"8":[0,0],"9":[0,0],"10":[0,0]},"_coverageSchema":"1a1c01bbd47fc00a2c39e90264f33305004495a9","hash":"a2f6bd76c1cc9c1cdb927b652e61ba0e923ea0ac","contentHash":"e134c05ce7285cf51aa73034213a0d5ad528050c44f5ff6a27e4e262df4ae4d5"},"E:\\Work Work\\Ki 9\\capstone-back-end\\models\\FAQCounter.js":{"path":"E:\\Work Work\\Ki 9\\capstone-back-end\\models\\FAQCounter.js","statementMap":{"0":{"start":{"line":1,"column":17},"end":{"line":1,"column":36}},"1":{"start":{"line":2,"column":15},"end":{"line":2,"column":30}},"2":{"start":{"line":4,"column":19},"end":{"line":6,"column":2}},"3":{"start":{"line":8,"column":19},"end":{"line":8,"column":59}},"4":{"start":{"line":9,"column":0},"end":{"line":9,"column":28}}},"fnMap":{},"branchMap":{},"s":{"0":1,"1":1,"2":1,"3":1,"4":1},"f":{},"b":{},"_coverageSchema":"1a1c01bbd47fc00a2c39e90264f33305004495a9","hash":"cf52415108d99df3f2fa1e5e368ff84c66c7fd96","contentHash":"236ab7a6126fe06a67cf927f21eba5593c4d096cf5b41e2ac3b44584097c1cc6"},"E:\\Work Work\\Ki 9\\capstone-back-end\\config\\passport.js":{"path":"E:\\Work Work\\Ki 9\\capstone-back-end\\config\\passport.js","statementMap":{"0":{"start":{"line":1,"column":17},"end":{"line":1,"column":36}},"1":{"start":{"line":2,"column":16},"end":{"line":2,"column":50}},"2":{"start":{"line":3,"column":14},"end":{"line":3,"column":30}},"3":{"start":{"line":4,"column":36},"end":{"line":4,"column":61}},"4":{"start":{"line":5,"column":43},"end":{"line":5,"column":75}},"5":{"start":{"line":6,"column":26},"end":{"line":6,"column":51}},"6":{"start":{"line":7,"column":27},"end":{"line":7,"column":52}},"7":{"start":{"line":8,"column":10},"end":{"line":8,"column":27}},"8":{"start":{"line":9,"column":15},"end":{"line":9,"column":32}},"9":{"start":{"line":10,"column":16},"end":{"line":10,"column":41}},"10":{"start":{"line":12,"column":13},"end":{"line":12,"column":38}},"11":{"start":{"line":14,"column":0},"end":{"line":17,"column":3}},"12":{"start":{"line":15,"column":2},"end":{"line":15,"column":19}},"13":{"start":{"line":16,"column":2},"end":{"line":16,"column":22}},"14":{"start":{"line":19,"column":0},"end":{"line":23,"column":3}},"15":{"start":{"line":20,"column":2},"end":{"line":22,"column":5}},"16":{"start":{"line":21,"column":4},"end":{"line":21,"column":20}},"17":{"start":{"line":28,"column":0},"end":{"line":54,"column":4}},"18":{"start":{"line":35,"column":2},"end":{"line":52,"column":5}},"19":{"start":{"line":37,"column":4},"end":{"line":37,"column":34}},"20":{"start":{"line":37,"column":15},"end":{"line":37,"column":32}},"21":{"start":{"line":38,"column":4},"end":{"line":40,"column":5}},"22":{"start":{"line":39,"column":6},"end":{"line":39,"column":69}},"23":{"start":{"line":41,"column":4},"end":{"line":43,"column":5}},"24":{"start":{"line":42,"column":6},"end":{"line":42,"column":198}},"25":{"start":{"line":45,"column":4},"end":{"line":51,"column":7}},"26":{"start":{"line":46,"column":6},"end":{"line":46,"column":36}},"27":{"start":{"line":46,"column":17},"end":{"line":46,"column":34}},"28":{"start":{"line":47,"column":6},"end":{"line":49,"column":7}},"29":{"start":{"line":48,"column":8},"end":{"line":48,"column":32}},"30":{"start":{"line":50,"column":6},"end":{"line":50,"column":70}},"31":{"start":{"line":74,"column":17},"end":{"line":74,"column":92}},"32":{"start":{"line":75,"column":21},"end":{"line":75,"column":47}},"33":{"start":{"line":77,"column":29},"end":{"line":121,"column":2}},"34":{"start":{"line":83,"column":4},"end":{"line":120,"column":7}},"35":{"start":{"line":84,"column":6},"end":{"line":84,"column":36}},"36":{"start":{"line":84,"column":17},"end":{"line":84,"column":34}},"37":{"start":{"line":85,"column":6},"end":{"line":87,"column":7}},"38":{"start":{"line":86,"column":8},"end":{"line":86,"column":40}},"39":{"start":{"line":90,"column":6},"end":{"line":119,"column":9}},"40":{"start":{"line":91,"column":8},"end":{"line":91,"column":38}},"41":{"start":{"line":91,"column":19},"end":{"line":91,"column":36}},"42":{"start":{"line":92,"column":8},"end":{"line":118,"column":9}},"43":{"start":{"line":93,"column":10},"end":{"line":93,"column":176}},"44":{"start":{"line":94,"column":10},"end":{"line":94,"column":20}},"45":{"start":{"line":96,"column":22},"end":{"line":96,"column":45}},"46":{"start":{"line":97,"column":23},"end":{"line":97,"column":33}},"47":{"start":{"line":98,"column":23},"end":{"line":103,"column":11}},"48":{"start":{"line":104,"column":21},"end":{"line":104,"column":30}},"49":{"start":{"line":105,"column":32},"end":{"line":105,"column":34}},"50":{"start":{"line":106,"column":10},"end":{"line":106,"column":53}},"51":{"start":{"line":107,"column":10},"end":{"line":107,"column":67}},"52":{"start":{"line":108,"column":10},"end":{"line":108,"column":57}},"53":{"start":{"line":110,"column":23},"end":{"line":110,"column":99}},"54":{"start":{"line":112,"column":10},"end":{"line":116,"column":11}},"55":{"start":{"line":113,"column":12},"end":{"line":113,"column":36}},"56":{"start":{"line":115,"column":12},"end":{"line":115,"column":22}},"57":{"start":{"line":122,"column":0},"end":{"line":122,"column":45}},"58":{"start":{"line":123,"column":0},"end":{"line":123,"column":44}},"59":{"start":{"line":129,"column":0},"end":{"line":134,"column":2}},"60":{"start":{"line":130,"column":2},"end":{"line":132,"column":3}},"61":{"start":{"line":131,"column":4},"end":{"line":131,"column":18}},"62":{"start":{"line":133,"column":2},"end":{"line":133,"column":25}},"63":{"start":{"line":139,"column":0},"end":{"line":183,"column":2}},"64":{"start":{"line":140,"column":19},"end":{"line":140,"column":41}},"65":{"start":{"line":141,"column":16},"end":{"line":141,"column":72}},"66":{"start":{"line":141,"column":48},"end":{"line":141,"column":71}},"67":{"start":{"line":142,"column":2},"end":{"line":182,"column":3}},"68":{"start":{"line":150,"column":4},"end":{"line":179,"column":5}},"69":{"start":{"line":151,"column":6},"end":{"line":176,"column":7}},"70":{"start":{"line":152,"column":8},"end":{"line":173,"column":9}},"71":{"start":{"line":153,"column":10},"end":{"line":153,"column":44}},"72":{"start":{"line":155,"column":10},"end":{"line":172,"column":13}},"73":{"start":{"line":156,"column":12},"end":{"line":171,"column":15}},"74":{"start":{"line":157,"column":14},"end":{"line":164,"column":17}},"75":{"start":{"line":158,"column":16},"end":{"line":162,"column":17}},"76":{"start":{"line":159,"column":18},"end":{"line":159,"column":56}},"77":{"start":{"line":160,"column":18},"end":{"line":160,"column":126}},"78":{"start":{"line":160,"column":41},"end":{"line":160,"column":126}},"79":{"start":{"line":161,"column":18},"end":{"line":161,"column":30}},"80":{"start":{"line":163,"column":16},"end":{"line":163,"column":29}},"81":{"start":{"line":165,"column":14},"end":{"line":165,"column":30}},"82":{"start":{"line":166,"column":14},"end":{"line":166,"column":42}},"83":{"start":{"line":167,"column":14},"end":{"line":170,"column":17}},"84":{"start":{"line":168,"column":16},"end":{"line":168,"column":42}},"85":{"start":{"line":168,"column":25},"end":{"line":168,"column":42}},"86":{"start":{"line":169,"column":16},"end":{"line":169,"column":23}},"87":{"start":{"line":175,"column":8},"end":{"line":175,"column":42}},"88":{"start":{"line":178,"column":6},"end":{"line":178,"column":13}},"89":{"start":{"line":181,"column":4},"end":{"line":181,"column":38}}},"fnMap":{"0":{"name":"(anonymous_0)","decl":{"start":{"line":14,"column":23},"end":{"line":14,"column":24}},"loc":{"start":{"line":14,"column":39},"end":{"line":17,"column":1}},"line":14},"1":{"name":"(anonymous_1)","decl":{"start":{"line":19,"column":25},"end":{"line":19,"column":26}},"loc":{"start":{"line":19,"column":39},"end":{"line":23,"column":1}},"line":19},"2":{"name":"(anonymous_2)","decl":{"start":{"line":20,"column":20},"end":{"line":20,"column":21}},"loc":{"start":{"line":20,"column":35},"end":{"line":22,"column":3}},"line":20},"3":{"name":"(anonymous_3)","decl":{"start":{"line":33,"column":4},"end":{"line":33,"column":5}},"loc":{"start":{"line":33,"column":31},"end":{"line":54,"column":1}},"line":33},"4":{"name":"(anonymous_4)","decl":{"start":{"line":35,"column":47},"end":{"line":35,"column":48}},"loc":{"start":{"line":35,"column":62},"end":{"line":52,"column":3}},"line":35},"5":{"name":"(anonymous_5)","decl":{"start":{"line":45,"column":35},"end":{"line":45,"column":36}},"loc":{"start":{"line":45,"column":53},"end":{"line":51,"column":5}},"line":45},"6":{"name":"(anonymous_6)","decl":{"start":{"line":82,"column":3},"end":{"line":82,"column":4}},"loc":{"start":{"line":82,"column":62},"end":{"line":121,"column":1}},"line":82},"7":{"name":"(anonymous_7)","decl":{"start":{"line":83,"column":41},"end":{"line":83,"column":42}},"loc":{"start":{"line":83,"column":64},"end":{"line":120,"column":5}},"line":83},"8":{"name":"(anonymous_8)","decl":{"start":{"line":90,"column":55},"end":{"line":90,"column":56}},"loc":{"start":{"line":90,"column":89},"end":{"line":119,"column":7}},"line":90},"9":{"name":"(anonymous_9)","decl":{"start":{"line":129,"column":26},"end":{"line":129,"column":27}},"loc":{"start":{"line":129,"column":46},"end":{"line":134,"column":1}},"line":129},"10":{"name":"(anonymous_10)","decl":{"start":{"line":139,"column":23},"end":{"line":139,"column":24}},"loc":{"start":{"line":139,"column":43},"end":{"line":183,"column":1}},"line":139},"11":{"name":"(anonymous_11)","decl":{"start":{"line":141,"column":37},"end":{"line":141,"column":38}},"loc":{"start":{"line":141,"column":48},"end":{"line":141,"column":71}},"line":141},"12":{"name":"(anonymous_12)","decl":{"start":{"line":155,"column":75},"end":{"line":155,"column":76}},"loc":{"start":{"line":155,"column":119},"end":{"line":172,"column":11}},"line":155},"13":{"name":"(anonymous_13)","decl":{"start":{"line":156,"column":39},"end":{"line":156,"column":40}},"loc":{"start":{"line":156,"column":54},"end":{"line":171,"column":13}},"line":156},"14":{"name":"(anonymous_14)","decl":{"start":{"line":157,"column":31},"end":{"line":157,"column":32}},"loc":{"start":{"line":157,"column":48},"end":{"line":164,"column":15}},"line":157},"15":{"name":"(anonymous_15)","decl":{"start":{"line":167,"column":24},"end":{"line":167,"column":25}},"loc":{"start":{"line":167,"column":33},"end":{"line":170,"column":15}},"line":167}},"branchMap":{"0":{"loc":{"start":{"line":37,"column":4},"end":{"line":37,"column":34}},"type":"if","locations":[{"start":{"line":37,"column":4},"end":{"line":37,"column":34}},{"start":{"line":37,"column":4},"end":{"line":37,"column":34}}],"line":37},"1":{"loc":{"start":{"line":38,"column":4},"end":{"line":40,"column":5}},"type":"if","locations":[{"start":{"line":38,"column":4},"end":{"line":40,"column":5}},{"start":{"line":38,"column":4},"end":{"line":40,"column":5}}],"line":38},"2":{"loc":{"start":{"line":41,"column":4},"end":{"line":43,"column":5}},"type":"if","locations":[{"start":{"line":41,"column":4},"end":{"line":43,"column":5}},{"start":{"line":41,"column":4},"end":{"line":43,"column":5}}],"line":41},"3":{"loc":{"start":{"line":46,"column":6},"end":{"line":46,"column":36}},"type":"if","locations":[{"start":{"line":46,"column":6},"end":{"line":46,"column":36}},{"start":{"line":46,"column":6},"end":{"line":46,"column":36}}],"line":46},"4":{"loc":{"start":{"line":47,"column":6},"end":{"line":49,"column":7}},"type":"if","locations":[{"start":{"line":47,"column":6},"end":{"line":49,"column":7}},{"start":{"line":47,"column":6},"end":{"line":49,"column":7}}],"line":47},"5":{"loc":{"start":{"line":84,"column":6},"end":{"line":84,"column":36}},"type":"if","locations":[{"start":{"line":84,"column":6},"end":{"line":84,"column":36}},{"start":{"line":84,"column":6},"end":{"line":84,"column":36}}],"line":84},"6":{"loc":{"start":{"line":85,"column":6},"end":{"line":87,"column":7}},"type":"if","locations":[{"start":{"line":85,"column":6},"end":{"line":87,"column":7}},{"start":{"line":85,"column":6},"end":{"line":87,"column":7}}],"line":85},"7":{"loc":{"start":{"line":91,"column":8},"end":{"line":91,"column":38}},"type":"if","locations":[{"start":{"line":91,"column":8},"end":{"line":91,"column":38}},{"start":{"line":91,"column":8},"end":{"line":91,"column":38}}],"line":91},"8":{"loc":{"start":{"line":92,"column":8},"end":{"line":118,"column":9}},"type":"if","locations":[{"start":{"line":92,"column":8},"end":{"line":118,"column":9}},{"start":{"line":92,"column":8},"end":{"line":118,"column":9}}],"line":92},"9":{"loc":{"start":{"line":107,"column":35},"end":{"line":107,"column":66}},"type":"binary-expr","locations":[{"start":{"line":107,"column":35},"end":{"line":107,"column":55}},{"start":{"line":107,"column":59},"end":{"line":107,"column":66}}],"line":107},"10":{"loc":{"start":{"line":112,"column":10},"end":{"line":116,"column":11}},"type":"if","locations":[{"start":{"line":112,"column":10},"end":{"line":116,"column":11}},{"start":{"line":112,"column":10},"end":{"line":116,"column":11}}],"line":112},"11":{"loc":{"start":{"line":130,"column":2},"end":{"line":132,"column":3}},"type":"if","locations":[{"start":{"line":130,"column":2},"end":{"line":132,"column":3}},{"start":{"line":130,"column":2},"end":{"line":132,"column":3}}],"line":130},"12":{"loc":{"start":{"line":142,"column":2},"end":{"line":182,"column":3}},"type":"if","locations":[{"start":{"line":142,"column":2},"end":{"line":182,"column":3}},{"start":{"line":142,"column":2},"end":{"line":182,"column":3}}],"line":142},"13":{"loc":{"start":{"line":150,"column":4},"end":{"line":179,"column":5}},"type":"if","locations":[{"start":{"line":150,"column":4},"end":{"line":179,"column":5}},{"start":{"line":150,"column":4},"end":{"line":179,"column":5}}],"line":150},"14":{"loc":{"start":{"line":150,"column":8},"end":{"line":150,"column":110}},"type":"binary-expr","locations":[{"start":{"line":150,"column":8},"end":{"line":150,"column":32}},{"start":{"line":150,"column":36},"end":{"line":150,"column":110}}],"line":150},"15":{"loc":{"start":{"line":151,"column":6},"end":{"line":176,"column":7}},"type":"if","locations":[{"start":{"line":151,"column":6},"end":{"line":176,"column":7}},{"start":{"line":151,"column":6},"end":{"line":176,"column":7}}],"line":151},"16":{"loc":{"start":{"line":152,"column":8},"end":{"line":173,"column":9}},"type":"if","locations":[{"start":{"line":152,"column":8},"end":{"line":173,"column":9}},{"start":{"line":152,"column":8},"end":{"line":173,"column":9}}],"line":152},"17":{"loc":{"start":{"line":152,"column":12},"end":{"line":152,"column":116}},"type":"binary-expr","locations":[{"start":{"line":152,"column":12},"end":{"line":152,"column":37}},{"start":{"line":152,"column":41},"end":{"line":152,"column":116}}],"line":152},"18":{"loc":{"start":{"line":158,"column":16},"end":{"line":162,"column":17}},"type":"if","locations":[{"start":{"line":158,"column":16},"end":{"line":162,"column":17}},{"start":{"line":158,"column":16},"end":{"line":162,"column":17}}],"line":158},"19":{"loc":{"start":{"line":160,"column":18},"end":{"line":160,"column":126}},"type":"if","locations":[{"start":{"line":160,"column":18},"end":{"line":160,"column":126}},{"start":{"line":160,"column":18},"end":{"line":160,"column":126}}],"line":160},"20":{"loc":{"start":{"line":168,"column":16},"end":{"line":168,"column":42}},"type":"if","locations":[{"start":{"line":168,"column":16},"end":{"line":168,"column":42}},{"start":{"line":168,"column":16},"end":{"line":168,"column":42}}],"line":168}},"s":{"0":1,"1":1,"2":1,"3":1,"4":1,"5":1,"6":1,"7":1,"8":1,"9":1,"10":1,"11":1,"12":0,"13":0,"14":1,"15":0,"16":0,"17":1,"18":0,"19":0,"20":0,"21":0,"22":0,"23":0,"24":0,"25":0,"26":0,"27":0,"28":0,"29":0,"30":0,"31":1,"32":1,"33":1,"34":0,"35":0,"36":0,"37":0,"38":0,"39":0,"40":0,"41":0,"42":0,"43":0,"44":0,"45":0,"46":0,"47":0,"48":0,"49":0,"50":0,"51":0,"52":0,"53":0,"54":0,"55":0,"56":0,"57":1,"58":1,"59":1,"60":0,"61":0,"62":0,"63":1,"64":0,"65":0,"66":0,"67":0,"68":0,"69":0,"70":0,"71":0,"72":0,"73":0,"74":0,"75":0,"76":0,"77":0,"78":0,"79":0,"80":0,"81":0,"82":0,"83":0,"84":0,"85":0,"86":0,"87":0,"88":0,"89":0},"f":{"0":0,"1":0,"2":0,"3":0,"4":0,"5":0,"6":0,"7":0,"8":0,"9":0,"10":0,"11":0,"12":0,"13":0,"14":0,"15":0},"b":{"0":[0,0],"1":[0,0],"2":[0,0],"3":[0,0],"4":[0,0],"5":[0,0],"6":[0,0],"7":[0,0],"8":[0,0],"9":[0,0],"10":[0,0],"11":[0,0],"12":[0,0],"13":[0,0],"14":[0,0],"15":[0,0],"16":[0,0],"17":[0,0],"18":[0,0],"19":[0,0],"20":[0,0]},"_coverageSchema":"1a1c01bbd47fc00a2c39e90264f33305004495a9","hash":"1e2e579b15ce558ef02ef32852195cfef6090df6","contentHash":"6b87b6223087b4531a9dd3c6b6a93b5ca7edb7e5bccd7b15ed2541dc6bd0be6d"},"E:\\Work Work\\Ki 9\\capstone-back-end\\controllers\\socketIOController.js":{"path":"E:\\Work Work\\Ki 9\\capstone-back-end\\controllers\\socketIOController.js","statementMap":{"0":{"start":{"line":1,"column":15},"end":{"line":1,"column":39}},"1":{"start":{"line":3,"column":0},"end":{"line":17,"column":1}},"2":{"start":{"line":4,"column":4},"end":{"line":15,"column":9}},"3":{"start":{"line":5,"column":8},"end":{"line":14,"column":11}},"4":{"start":{"line":6,"column":44},"end":{"line":6,"column":60}},"5":{"start":{"line":7,"column":34},"end":{"line":7,"column":85}},"6":{"start":{"line":8,"column":12},"end":{"line":13,"column":15}},"7":{"start":{"line":9,"column":16},"end":{"line":12,"column":17}},"8":{"start":{"line":10,"column":20},"end":{"line":10,"column":47}},"9":{"start":{"line":11,"column":20},"end":{"line":11,"column":63}}},"fnMap":{"0":{"name":"(anonymous_0)","decl":{"start":{"line":3,"column":17},"end":{"line":3,"column":18}},"loc":{"start":{"line":3,"column":42},"end":{"line":17,"column":1}},"line":3},"1":{"name":"connection","decl":{"start":{"line":4,"column":34},"end":{"line":4,"column":44}},"loc":{"start":{"line":4,"column":49},"end":{"line":15,"column":7}},"line":4},"2":{"name":"incoming","decl":{"start":{"line":5,"column":40},"end":{"line":5,"column":48}},"loc":{"start":{"line":5,"column":55},"end":{"line":14,"column":9}},"line":5},"3":{"name":"each","decl":{"start":{"line":8,"column":42},"end":{"line":8,"column":46}},"loc":{"start":{"line":8,"column":55},"end":{"line":13,"column":13}},"line":8}},"branchMap":{"0":{"loc":{"start":{"line":9,"column":16},"end":{"line":12,"column":17}},"type":"if","locations":[{"start":{"line":9,"column":16},"end":{"line":12,"column":17}},{"start":{"line":9,"column":16},"end":{"line":12,"column":17}}],"line":9}},"s":{"0":1,"1":1,"2":1,"3":0,"4":0,"5":0,"6":0,"7":0,"8":0,"9":0},"f":{"0":1,"1":0,"2":0,"3":0},"b":{"0":[0,0]},"_coverageSchema":"1a1c01bbd47fc00a2c39e90264f33305004495a9","hash":"c262f155a5b21d14582fd93023d5cb7dceea091b","contentHash":"be38540b4c5df58a69f5d86ef7222cf16f75fec9b5c9c09c87c884e45b78c1f0"}}