{"E:\\Work Work\\Ki 9\\capstone-back-end\\app.js":{"path":"E:\\Work Work\\Ki 9\\capstone-back-end\\app.js","statementMap":{"0":{"start":{"line":4,"column":16},"end":{"line":4,"column":34}},"1":{"start":{"line":5,"column":20},"end":{"line":5,"column":42}},"2":{"start":{"line":6,"column":16},"end":{"line":6,"column":42}},"3":{"start":{"line":7,"column":19},"end":{"line":7,"column":41}},"4":{"start":{"line":8,"column":15},"end":{"line":8,"column":32}},"5":{"start":{"line":9,"column":14},"end":{"line":9,"column":30}},"6":{"start":{"line":10,"column":21},"end":{"line":10,"column":44}},"7":{"start":{"line":11,"column":14},"end":{"line":11,"column":30}},"8":{"start":{"line":12,"column":15},"end":{"line":12,"column":32}},"9":{"start":{"line":13,"column":19},"end":{"line":13,"column":52}},"10":{"start":{"line":14,"column":14},"end":{"line":14,"column":38}},"11":{"start":{"line":15,"column":13},"end":{"line":15,"column":28}},"12":{"start":{"line":16,"column":17},"end":{"line":16,"column":36}},"13":{"start":{"line":17,"column":17},"end":{"line":17,"column":36}},"14":{"start":{"line":18,"column":29},"end":{"line":18,"column":62}},"15":{"start":{"line":19,"column":13},"end":{"line":19,"column":44}},"16":{"start":{"line":20,"column":15},"end":{"line":20,"column":32}},"17":{"start":{"line":22,"column":15},"end":{"line":22,"column":64}},"18":{"start":{"line":27,"column":0},"end":{"line":27,"column":32}},"19":{"start":{"line":32,"column":23},"end":{"line":32,"column":52}},"20":{"start":{"line":33,"column":23},"end":{"line":33,"column":52}},"21":{"start":{"line":34,"column":22},"end":{"line":34,"column":50}},"22":{"start":{"line":35,"column":26},"end":{"line":35,"column":58}},"23":{"start":{"line":36,"column":30},"end":{"line":36,"column":76}},"24":{"start":{"line":40,"column":23},"end":{"line":40,"column":51}},"25":{"start":{"line":45,"column":12},"end":{"line":45,"column":21}},"26":{"start":{"line":50,"column":0},"end":{"line":50,"column":40}},"27":{"start":{"line":51,"column":0},"end":{"line":51,"column":37}},"28":{"start":{"line":52,"column":0},"end":{"line":52,"column":38}},"29":{"start":{"line":53,"column":0},"end":{"line":53,"column":41}},"30":{"start":{"line":55,"column":0},"end":{"line":55,"column":45}},"31":{"start":{"line":56,"column":0},"end":{"line":62,"column":7}},"32":{"start":{"line":57,"column":4},"end":{"line":57,"column":52}},"33":{"start":{"line":59,"column":6},"end":{"line":59,"column":25}},"34":{"start":{"line":60,"column":6},"end":{"line":60,"column":103}},"35":{"start":{"line":61,"column":6},"end":{"line":61,"column":21}},"36":{"start":{"line":67,"column":0},"end":{"line":67,"column":62}},"37":{"start":{"line":68,"column":0},"end":{"line":68,"column":79}},"38":{"start":{"line":69,"column":0},"end":{"line":69,"column":48}},"39":{"start":{"line":70,"column":0},"end":{"line":70,"column":30}},"40":{"start":{"line":71,"column":0},"end":{"line":71,"column":32}},"41":{"start":{"line":72,"column":0},"end":{"line":72,"column":23}},"42":{"start":{"line":73,"column":0},"end":{"line":76,"column":4}},"43":{"start":{"line":77,"column":0},"end":{"line":77,"column":23}},"44":{"start":{"line":78,"column":0},"end":{"line":78,"column":27}},"45":{"start":{"line":79,"column":0},"end":{"line":79,"column":51}},"46":{"start":{"line":80,"column":0},"end":{"line":89,"column":4}},"47":{"start":{"line":90,"column":0},"end":{"line":90,"column":31}},"48":{"start":{"line":91,"column":0},"end":{"line":91,"column":28}},"49":{"start":{"line":92,"column":0},"end":{"line":92,"column":17}},"50":{"start":{"line":93,"column":0},"end":{"line":100,"column":3}},"51":{"start":{"line":94,"column":2},"end":{"line":99,"column":3}},"52":{"start":{"line":96,"column":4},"end":{"line":96,"column":11}},"53":{"start":{"line":98,"column":4},"end":{"line":98,"column":33}},"54":{"start":{"line":101,"column":0},"end":{"line":101,"column":36}},"55":{"start":{"line":102,"column":0},"end":{"line":102,"column":35}},"56":{"start":{"line":103,"column":0},"end":{"line":103,"column":28}},"57":{"start":{"line":104,"column":0},"end":{"line":107,"column":3}},"58":{"start":{"line":105,"column":2},"end":{"line":105,"column":29}},"59":{"start":{"line":106,"column":2},"end":{"line":106,"column":9}},"60":{"start":{"line":108,"column":0},"end":{"line":121,"column":3}},"61":{"start":{"line":110,"column":2},"end":{"line":119,"column":3}},"62":{"start":{"line":115,"column":4},"end":{"line":115,"column":43}},"63":{"start":{"line":116,"column":9},"end":{"line":119,"column":3}},"64":{"start":{"line":118,"column":4},"end":{"line":118,"column":43}},"65":{"start":{"line":120,"column":2},"end":{"line":120,"column":9}},"66":{"start":{"line":122,"column":0},"end":{"line":122,"column":86}},"67":{"start":{"line":123,"column":0},"end":{"line":123,"column":112}},"68":{"start":{"line":124,"column":0},"end":{"line":124,"column":117}},"69":{"start":{"line":125,"column":0},"end":{"line":125,"column":116}},"70":{"start":{"line":126,"column":0},"end":{"line":126,"column":110}},"71":{"start":{"line":127,"column":0},"end":{"line":127,"column":139}},"72":{"start":{"line":132,"column":0},"end":{"line":132,"column":35}},"73":{"start":{"line":133,"column":0},"end":{"line":133,"column":43}},"74":{"start":{"line":134,"column":0},"end":{"line":134,"column":45}},"75":{"start":{"line":135,"column":0},"end":{"line":135,"column":42}},"76":{"start":{"line":136,"column":0},"end":{"line":136,"column":45}},"77":{"start":{"line":137,"column":0},"end":{"line":137,"column":47}},"78":{"start":{"line":138,"column":0},"end":{"line":138,"column":50}},"79":{"start":{"line":139,"column":0},"end":{"line":139,"column":52}},"80":{"start":{"line":140,"column":0},"end":{"line":140,"column":45}},"81":{"start":{"line":141,"column":0},"end":{"line":141,"column":47}},"82":{"start":{"line":142,"column":0},"end":{"line":142,"column":50}},"83":{"start":{"line":143,"column":0},"end":{"line":143,"column":52}},"84":{"start":{"line":144,"column":0},"end":{"line":144,"column":90}},"85":{"start":{"line":145,"column":0},"end":{"line":145,"column":102}},"86":{"start":{"line":146,"column":0},"end":{"line":146,"column":79}},"87":{"start":{"line":147,"column":0},"end":{"line":147,"column":95}},"88":{"start":{"line":148,"column":0},"end":{"line":148,"column":97}},"89":{"start":{"line":149,"column":0},"end":{"line":149,"column":94}},"90":{"start":{"line":150,"column":0},"end":{"line":150,"column":100}},"91":{"start":{"line":155,"column":0},"end":{"line":155,"column":61}},"92":{"start":{"line":156,"column":0},"end":{"line":156,"column":61}},"93":{"start":{"line":161,"column":0},"end":{"line":161,"column":38}},"94":{"start":{"line":162,"column":0},"end":{"line":162,"column":48}},"95":{"start":{"line":163,"column":0},"end":{"line":163,"column":51}},"96":{"start":{"line":164,"column":0},"end":{"line":164,"column":107}},"97":{"start":{"line":165,"column":0},"end":{"line":165,"column":48}},"98":{"start":{"line":166,"column":0},"end":{"line":166,"column":50}},"99":{"start":{"line":167,"column":0},"end":{"line":167,"column":52}},"100":{"start":{"line":168,"column":0},"end":{"line":168,"column":48}},"101":{"start":{"line":169,"column":0},"end":{"line":169,"column":50}},"102":{"start":{"line":170,"column":0},"end":{"line":170,"column":54}},"103":{"start":{"line":171,"column":0},"end":{"line":171,"column":56}},"104":{"start":{"line":172,"column":0},"end":{"line":172,"column":117}},"105":{"start":{"line":173,"column":0},"end":{"line":173,"column":109}},"106":{"start":{"line":174,"column":0},"end":{"line":174,"column":113}},"107":{"start":{"line":175,"column":0},"end":{"line":175,"column":109}},"108":{"start":{"line":176,"column":0},"end":{"line":176,"column":111}},"109":{"start":{"line":177,"column":0},"end":{"line":177,"column":113}},"110":{"start":{"line":178,"column":0},"end":{"line":178,"column":115}},"111":{"start":{"line":179,"column":0},"end":{"line":179,"column":48}},"112":{"start":{"line":180,"column":0},"end":{"line":180,"column":63}},"113":{"start":{"line":181,"column":0},"end":{"line":181,"column":61}},"114":{"start":{"line":182,"column":0},"end":{"line":182,"column":42}},"115":{"start":{"line":183,"column":0},"end":{"line":183,"column":75}},"116":{"start":{"line":184,"column":0},"end":{"line":184,"column":102}},"117":{"start":{"line":185,"column":0},"end":{"line":185,"column":115}},"118":{"start":{"line":186,"column":0},"end":{"line":186,"column":117}},"119":{"start":{"line":187,"column":0},"end":{"line":187,"column":53}},"120":{"start":{"line":188,"column":0},"end":{"line":188,"column":57}},"121":{"start":{"line":189,"column":0},"end":{"line":189,"column":120}},"122":{"start":{"line":190,"column":0},"end":{"line":190,"column":46}},"123":{"start":{"line":191,"column":0},"end":{"line":191,"column":122}},"124":{"start":{"line":192,"column":0},"end":{"line":192,"column":117}},"125":{"start":{"line":198,"column":0},"end":{"line":198,"column":230}},"126":{"start":{"line":199,"column":0},"end":{"line":201,"column":3}},"127":{"start":{"line":200,"column":2},"end":{"line":200,"column":44}},"128":{"start":{"line":206,"column":0},"end":{"line":206,"column":62}},"129":{"start":{"line":207,"column":0},"end":{"line":209,"column":3}},"130":{"start":{"line":208,"column":2},"end":{"line":208,"column":34}},"131":{"start":{"line":210,"column":0},"end":{"line":210,"column":54}},"132":{"start":{"line":211,"column":0},"end":{"line":213,"column":3}},"133":{"start":{"line":212,"column":2},"end":{"line":212,"column":30}},"134":{"start":{"line":214,"column":0},"end":{"line":214,"column":78}},"135":{"start":{"line":215,"column":0},"end":{"line":217,"column":3}},"136":{"start":{"line":216,"column":2},"end":{"line":216,"column":37}},"137":{"start":{"line":218,"column":0},"end":{"line":218,"column":99}},"138":{"start":{"line":219,"column":0},"end":{"line":221,"column":3}},"139":{"start":{"line":220,"column":2},"end":{"line":220,"column":33}},"140":{"start":{"line":222,"column":0},"end":{"line":222,"column":132}},"141":{"start":{"line":223,"column":0},"end":{"line":225,"column":3}},"142":{"start":{"line":224,"column":2},"end":{"line":224,"column":37}},"143":{"start":{"line":230,"column":0},"end":{"line":238,"column":1}},"144":{"start":{"line":232,"column":2},"end":{"line":232,"column":26}},"145":{"start":{"line":234,"column":2},"end":{"line":237,"column":5}},"146":{"start":{"line":235,"column":4},"end":{"line":235,"column":23}},"147":{"start":{"line":236,"column":4},"end":{"line":236,"column":41}},"148":{"start":{"line":243,"column":0},"end":{"line":246,"column":3}},"149":{"start":{"line":244,"column":2},"end":{"line":244,"column":120}},"150":{"start":{"line":245,"column":2},"end":{"line":245,"column":42}},"151":{"start":{"line":248,"column":0},"end":{"line":248,"column":21}}},"fnMap":{"0":{"name":"(anonymous_0)","decl":{"start":{"line":56,"column":33},"end":{"line":56,"column":34}},"loc":{"start":{"line":56,"column":45},"end":{"line":58,"column":5}},"line":56},"1":{"name":"(anonymous_1)","decl":{"start":{"line":58,"column":19},"end":{"line":58,"column":20}},"loc":{"start":{"line":58,"column":28},"end":{"line":62,"column":5}},"line":58},"2":{"name":"(anonymous_2)","decl":{"start":{"line":93,"column":8},"end":{"line":93,"column":9}},"loc":{"start":{"line":93,"column":28},"end":{"line":100,"column":1}},"line":93},"3":{"name":"(anonymous_3)","decl":{"start":{"line":104,"column":8},"end":{"line":104,"column":9}},"loc":{"start":{"line":104,"column":28},"end":{"line":107,"column":1}},"line":104},"4":{"name":"(anonymous_4)","decl":{"start":{"line":108,"column":8},"end":{"line":108,"column":9}},"loc":{"start":{"line":108,"column":28},"end":{"line":121,"column":1}},"line":108},"5":{"name":"(anonymous_5)","decl":{"start":{"line":199,"column":97},"end":{"line":199,"column":98}},"loc":{"start":{"line":199,"column":111},"end":{"line":201,"column":1}},"line":199},"6":{"name":"(anonymous_6)","decl":{"start":{"line":207,"column":100},"end":{"line":207,"column":101}},"loc":{"start":{"line":207,"column":114},"end":{"line":209,"column":1}},"line":207},"7":{"name":"(anonymous_7)","decl":{"start":{"line":211,"column":92},"end":{"line":211,"column":93}},"loc":{"start":{"line":211,"column":106},"end":{"line":213,"column":1}},"line":211},"8":{"name":"(anonymous_8)","decl":{"start":{"line":215,"column":91},"end":{"line":215,"column":92}},"loc":{"start":{"line":215,"column":105},"end":{"line":217,"column":1}},"line":215},"9":{"name":"(anonymous_9)","decl":{"start":{"line":219,"column":100},"end":{"line":219,"column":101}},"loc":{"start":{"line":219,"column":114},"end":{"line":221,"column":1}},"line":219},"10":{"name":"(anonymous_10)","decl":{"start":{"line":223,"column":102},"end":{"line":223,"column":103}},"loc":{"start":{"line":223,"column":116},"end":{"line":225,"column":1}},"line":223},"11":{"name":"(anonymous_11)","decl":{"start":{"line":234,"column":10},"end":{"line":234,"column":11}},"loc":{"start":{"line":234,"column":35},"end":{"line":237,"column":3}},"line":234},"12":{"name":"(anonymous_12)","decl":{"start":{"line":243,"column":28},"end":{"line":243,"column":29}},"loc":{"start":{"line":243,"column":34},"end":{"line":246,"column":1}},"line":243}},"branchMap":{"0":{"loc":{"start":{"line":67,"column":16},"end":{"line":67,"column":60}},"type":"binary-expr","locations":[{"start":{"line":67,"column":16},"end":{"line":67,"column":47}},{"start":{"line":67,"column":51},"end":{"line":67,"column":60}}],"line":67},"1":{"loc":{"start":{"line":68,"column":16},"end":{"line":68,"column":77}},"type":"binary-expr","locations":[{"start":{"line":68,"column":16},"end":{"line":68,"column":32}},{"start":{"line":68,"column":36},"end":{"line":68,"column":69}},{"start":{"line":68,"column":73},"end":{"line":68,"column":77}}],"line":68},"2":{"loc":{"start":{"line":94,"column":2},"end":{"line":99,"column":3}},"type":"if","locations":[{"start":{"line":94,"column":2},"end":{"line":99,"column":3}},{"start":{"line":94,"column":2},"end":{"line":99,"column":3}}],"line":94},"3":{"loc":{"start":{"line":110,"column":2},"end":{"line":119,"column":3}},"type":"if","locations":[{"start":{"line":110,"column":2},"end":{"line":119,"column":3}},{"start":{"line":110,"column":2},"end":{"line":119,"column":3}}],"line":110},"4":{"loc":{"start":{"line":110,"column":6},"end":{"line":114,"column":28}},"type":"binary-expr","locations":[{"start":{"line":110,"column":6},"end":{"line":110,"column":15}},{"start":{"line":111,"column":7},"end":{"line":111,"column":28}},{"start":{"line":112,"column":7},"end":{"line":112,"column":29}},{"start":{"line":113,"column":7},"end":{"line":113,"column":33}},{"start":{"line":114,"column":7},"end":{"line":114,"column":28}}],"line":110},"5":{"loc":{"start":{"line":116,"column":9},"end":{"line":119,"column":3}},"type":"if","locations":[{"start":{"line":116,"column":9},"end":{"line":119,"column":3}},{"start":{"line":116,"column":9},"end":{"line":119,"column":3}}],"line":116},"6":{"loc":{"start":{"line":116,"column":13},"end":{"line":117,"column":60}},"type":"binary-expr","locations":[{"start":{"line":116,"column":13},"end":{"line":116,"column":21}},{"start":{"line":117,"column":8},"end":{"line":117,"column":31}},{"start":{"line":117,"column":35},"end":{"line":117,"column":59}}],"line":116},"7":{"loc":{"start":{"line":200,"column":15},"end":{"line":200,"column":42}},"type":"binary-expr","locations":[{"start":{"line":200,"column":15},"end":{"line":200,"column":35}},{"start":{"line":200,"column":39},"end":{"line":200,"column":42}}],"line":200},"8":{"loc":{"start":{"line":230,"column":0},"end":{"line":238,"column":1}},"type":"if","locations":[{"start":{"line":230,"column":0},"end":{"line":238,"column":1}},{"start":{"line":230,"column":0},"end":{"line":238,"column":1}}],"line":230}},"s":{"0":1,"1":1,"2":1,"3":1,"4":1,"5":1,"6":1,"7":1,"8":1,"9":1,"10":1,"11":1,"12":1,"13":1,"14":1,"15":1,"16":1,"17":1,"18":1,"19":1,"20":1,"21":1,"22":1,"23":1,"24":1,"25":1,"26":1,"27":1,"28":1,"29":1,"30":1,"31":1,"32":1,"33":0,"34":0,"35":0,"36":1,"37":1,"38":1,"39":1,"40":1,"41":1,"42":1,"43":1,"44":1,"45":1,"46":1,"47":1,"48":1,"49":1,"50":1,"51":13,"52":1,"53":12,"54":1,"55":1,"56":1,"57":1,"58":13,"59":13,"60":1,"61":13,"62":11,"63":2,"64":0,"65":13,"66":1,"67":1,"68":1,"69":1,"70":1,"71":1,"72":1,"73":1,"74":1,"75":1,"76":1,"77":1,"78":1,"79":1,"80":1,"81":1,"82":1,"83":1,"84":1,"85":1,"86":1,"87":1,"88":1,"89":1,"90":1,"91":1,"92":1,"93":1,"94":1,"95":1,"96":1,"97":1,"98":1,"99":1,"100":1,"101":1,"102":1,"103":1,"104":1,"105":1,"106":1,"107":1,"108":1,"109":1,"110":1,"111":1,"112":1,"113":1,"114":1,"115":1,"116":1,"117":1,"118":1,"119":1,"120":1,"121":1,"122":1,"123":1,"124":1,"125":1,"126":1,"127":0,"128":1,"129":1,"130":0,"131":1,"132":1,"133":0,"134":1,"135":1,"136":0,"137":1,"138":1,"139":0,"140":1,"141":1,"142":0,"143":1,"144":0,"145":1,"146":1,"147":1,"148":1,"149":0,"150":0,"151":1},"f":{"0":1,"1":0,"2":13,"3":13,"4":13,"5":0,"6":0,"7":0,"8":0,"9":0,"10":0,"11":1,"12":0},"b":{"0":[1,1],"1":[1,1,1],"2":[1,12],"3":[11,2],"4":[13,13,12,11,11],"5":[0,2],"6":[2,0,0],"7":[0,0],"8":[0,1]},"_coverageSchema":"1a1c01bbd47fc00a2c39e90264f33305004495a9","hash":"592d12a05990211fe7629e6426684f2b9483b63d","contentHash":"c1ab9a60b389c4f7ad8c542a28c5ea6240a741640b76164cbd927cbd4b7f72f7"},"E:\\Work Work\\Ki 9\\capstone-back-end\\controllers\\home.js":{"path":"E:\\Work Work\\Ki 9\\capstone-back-end\\controllers\\home.js","statementMap":{"0":{"start":{"line":5,"column":0},"end":{"line":10,"column":2}},"1":{"start":{"line":6,"column":2},"end":{"line":8,"column":7}}},"fnMap":{"0":{"name":"(anonymous_0)","decl":{"start":{"line":5,"column":16},"end":{"line":5,"column":17}},"loc":{"start":{"line":5,"column":30},"end":{"line":10,"column":1}},"line":5}},"branchMap":{},"s":{"0":1,"1":1},"f":{"0":1},"b":{},"_coverageSchema":"1a1c01bbd47fc00a2c39e90264f33305004495a9","hash":"aac50a5b9db9cd7f81379ee130052a34836fef91","contentHash":"f6e086a88b3105e796a7b0201c10c88bd63e4d5a4ac943eeb68c3d52e0ca774a"},"E:\\Work Work\\Ki 9\\capstone-back-end\\controllers\\user.js":{"path":"E:\\Work Work\\Ki 9\\capstone-back-end\\controllers\\user.js","statementMap":{"0":{"start":{"line":1,"column":22},"end":{"line":1,"column":37}},"1":{"start":{"line":2,"column":15},"end":{"line":2,"column":32}},"2":{"start":{"line":3,"column":19},"end":{"line":3,"column":40}},"3":{"start":{"line":4,"column":17},"end":{"line":4,"column":36}},"4":{"start":{"line":5,"column":10},"end":{"line":5,"column":27}},"5":{"start":{"line":6,"column":18},"end":{"line":6,"column":38}},"6":{"start":{"line":7,"column":20},"end":{"line":7,"column":42}},"7":{"start":{"line":8,"column":13},"end":{"line":8,"column":38}},"8":{"start":{"line":10,"column":25},"end":{"line":10,"column":54}},"9":{"start":{"line":16,"column":0},"end":{"line":23,"column":2}},"10":{"start":{"line":17,"column":2},"end":{"line":19,"column":3}},"11":{"start":{"line":18,"column":4},"end":{"line":18,"column":29}},"12":{"start":{"line":20,"column":2},"end":{"line":22,"column":5}},"13":{"start":{"line":29,"column":0},"end":{"line":52,"column":2}},"14":{"start":{"line":30,"column":27},"end":{"line":30,"column":29}},"15":{"start":{"line":31,"column":2},"end":{"line":31,"column":112}},"16":{"start":{"line":31,"column":42},"end":{"line":31,"column":112}},"17":{"start":{"line":32,"column":2},"end":{"line":32,"column":104}},"18":{"start":{"line":32,"column":44},"end":{"line":32,"column":104}},"19":{"start":{"line":34,"column":2},"end":{"line":37,"column":3}},"20":{"start":{"line":35,"column":4},"end":{"line":35,"column":42}},"21":{"start":{"line":36,"column":4},"end":{"line":36,"column":34}},"22":{"start":{"line":38,"column":2},"end":{"line":38,"column":90}},"23":{"start":{"line":40,"column":2},"end":{"line":51,"column":21}},"24":{"start":{"line":41,"column":4},"end":{"line":41,"column":34}},"25":{"start":{"line":41,"column":15},"end":{"line":41,"column":32}},"26":{"start":{"line":42,"column":4},"end":{"line":45,"column":5}},"27":{"start":{"line":43,"column":6},"end":{"line":43,"column":32}},"28":{"start":{"line":44,"column":6},"end":{"line":44,"column":36}},"29":{"start":{"line":46,"column":4},"end":{"line":50,"column":7}},"30":{"start":{"line":47,"column":6},"end":{"line":47,"column":36}},"31":{"start":{"line":47,"column":17},"end":{"line":47,"column":34}},"32":{"start":{"line":48,"column":6},"end":{"line":48,"column":67}},"33":{"start":{"line":49,"column":6},"end":{"line":49,"column":48}},"34":{"start":{"line":58,"column":0},"end":{"line":65,"column":2}},"35":{"start":{"line":59,"column":2},"end":{"line":59,"column":15}},"36":{"start":{"line":60,"column":2},"end":{"line":64,"column":5}},"37":{"start":{"line":61,"column":4},"end":{"line":61,"column":86}},"38":{"start":{"line":61,"column":13},"end":{"line":61,"column":86}},"39":{"start":{"line":62,"column":4},"end":{"line":62,"column":20}},"40":{"start":{"line":63,"column":4},"end":{"line":63,"column":22}},"41":{"start":{"line":71,"column":0},"end":{"line":78,"column":2}},"42":{"start":{"line":72,"column":2},"end":{"line":74,"column":3}},"43":{"start":{"line":73,"column":4},"end":{"line":73,"column":29}},"44":{"start":{"line":75,"column":2},"end":{"line":77,"column":5}},"45":{"start":{"line":84,"column":0},"end":{"line":117,"column":2}},"46":{"start":{"line":85,"column":27},"end":{"line":85,"column":29}},"47":{"start":{"line":86,"column":2},"end":{"line":86,"column":112}},"48":{"start":{"line":86,"column":42},"end":{"line":86,"column":112}},"49":{"start":{"line":87,"column":2},"end":{"line":87,"column":136}},"50":{"start":{"line":87,"column":58},"end":{"line":87,"column":136}},"51":{"start":{"line":88,"column":2},"end":{"line":88,"column":111}},"52":{"start":{"line":88,"column":54},"end":{"line":88,"column":111}},"53":{"start":{"line":90,"column":2},"end":{"line":93,"column":3}},"54":{"start":{"line":91,"column":4},"end":{"line":91,"column":42}},"55":{"start":{"line":92,"column":4},"end":{"line":92,"column":35}},"56":{"start":{"line":94,"column":2},"end":{"line":94,"column":90}},"57":{"start":{"line":96,"column":15},"end":{"line":99,"column":4}},"58":{"start":{"line":101,"column":2},"end":{"line":116,"column":5}},"59":{"start":{"line":102,"column":4},"end":{"line":102,"column":34}},"60":{"start":{"line":102,"column":15},"end":{"line":102,"column":32}},"61":{"start":{"line":103,"column":4},"end":{"line":106,"column":5}},"62":{"start":{"line":104,"column":6},"end":{"line":104,"column":86}},"63":{"start":{"line":105,"column":6},"end":{"line":105,"column":37}},"64":{"start":{"line":107,"column":4},"end":{"line":115,"column":7}},"65":{"start":{"line":108,"column":6},"end":{"line":108,"column":36}},"66":{"start":{"line":108,"column":17},"end":{"line":108,"column":34}},"67":{"start":{"line":109,"column":6},"end":{"line":114,"column":9}},"68":{"start":{"line":110,"column":8},"end":{"line":112,"column":9}},"69":{"start":{"line":111,"column":10},"end":{"line":111,"column":27}},"70":{"start":{"line":113,"column":8},"end":{"line":113,"column":26}},"71":{"start":{"line":123,"column":0},"end":{"line":127,"column":2}},"72":{"start":{"line":124,"column":2},"end":{"line":126,"column":7}},"73":{"start":{"line":133,"column":0},"end":{"line":163,"column":2}},"74":{"start":{"line":134,"column":27},"end":{"line":134,"column":29}},"75":{"start":{"line":135,"column":2},"end":{"line":135,"column":112}},"76":{"start":{"line":135,"column":42},"end":{"line":135,"column":112}},"77":{"start":{"line":137,"column":2},"end":{"line":140,"column":3}},"78":{"start":{"line":138,"column":4},"end":{"line":138,"column":42}},"79":{"start":{"line":139,"column":4},"end":{"line":139,"column":36}},"80":{"start":{"line":141,"column":2},"end":{"line":141,"column":90}},"81":{"start":{"line":143,"column":2},"end":{"line":162,"column":5}},"82":{"start":{"line":144,"column":4},"end":{"line":144,"column":34}},"83":{"start":{"line":144,"column":15},"end":{"line":144,"column":32}},"84":{"start":{"line":145,"column":4},"end":{"line":145,"column":66}},"85":{"start":{"line":145,"column":39},"end":{"line":145,"column":66}},"86":{"start":{"line":146,"column":4},"end":{"line":146,"column":38}},"87":{"start":{"line":147,"column":4},"end":{"line":147,"column":44}},"88":{"start":{"line":148,"column":4},"end":{"line":148,"column":48}},"89":{"start":{"line":149,"column":4},"end":{"line":149,"column":52}},"90":{"start":{"line":150,"column":4},"end":{"line":150,"column":50}},"91":{"start":{"line":151,"column":4},"end":{"line":161,"column":7}},"92":{"start":{"line":152,"column":6},"end":{"line":158,"column":7}},"93":{"start":{"line":153,"column":8},"end":{"line":156,"column":9}},"94":{"start":{"line":154,"column":10},"end":{"line":154,"column":116}},"95":{"start":{"line":155,"column":10},"end":{"line":155,"column":42}},"96":{"start":{"line":157,"column":8},"end":{"line":157,"column":25}},"97":{"start":{"line":159,"column":6},"end":{"line":159,"column":77}},"98":{"start":{"line":160,"column":6},"end":{"line":160,"column":31}},"99":{"start":{"line":169,"column":0},"end":{"line":188,"column":2}},"100":{"start":{"line":170,"column":27},"end":{"line":170,"column":29}},"101":{"start":{"line":171,"column":2},"end":{"line":171,"column":136}},"102":{"start":{"line":171,"column":58},"end":{"line":171,"column":136}},"103":{"start":{"line":172,"column":2},"end":{"line":172,"column":111}},"104":{"start":{"line":172,"column":54},"end":{"line":172,"column":111}},"105":{"start":{"line":174,"column":2},"end":{"line":177,"column":3}},"106":{"start":{"line":175,"column":4},"end":{"line":175,"column":42}},"107":{"start":{"line":176,"column":4},"end":{"line":176,"column":36}},"108":{"start":{"line":179,"column":2},"end":{"line":187,"column":5}},"109":{"start":{"line":180,"column":4},"end":{"line":180,"column":34}},"110":{"start":{"line":180,"column":15},"end":{"line":180,"column":32}},"111":{"start":{"line":181,"column":4},"end":{"line":181,"column":38}},"112":{"start":{"line":182,"column":4},"end":{"line":186,"column":7}},"113":{"start":{"line":183,"column":6},"end":{"line":183,"column":36}},"114":{"start":{"line":183,"column":17},"end":{"line":183,"column":34}},"115":{"start":{"line":184,"column":6},"end":{"line":184,"column":66}},"116":{"start":{"line":185,"column":6},"end":{"line":185,"column":31}},"117":{"start":{"line":194,"column":0},"end":{"line":201,"column":2}},"118":{"start":{"line":195,"column":2},"end":{"line":200,"column":5}},"119":{"start":{"line":196,"column":4},"end":{"line":196,"column":34}},"120":{"start":{"line":196,"column":15},"end":{"line":196,"column":32}},"121":{"start":{"line":197,"column":4},"end":{"line":197,"column":17}},"122":{"start":{"line":198,"column":4},"end":{"line":198,"column":65}},"123":{"start":{"line":199,"column":4},"end":{"line":199,"column":22}},"124":{"start":{"line":207,"column":0},"end":{"line":234,"column":2}},"125":{"start":{"line":208,"column":23},"end":{"line":208,"column":33}},"126":{"start":{"line":209,"column":2},"end":{"line":233,"column":5}},"127":{"start":{"line":210,"column":4},"end":{"line":210,"column":34}},"128":{"start":{"line":210,"column":15},"end":{"line":210,"column":32}},"129":{"start":{"line":211,"column":4},"end":{"line":211,"column":45}},"130":{"start":{"line":212,"column":42},"end":{"line":213,"column":44}},"131":{"start":{"line":213,"column":6},"end":{"line":213,"column":43}},"132":{"start":{"line":217,"column":4},"end":{"line":226,"column":5}},"133":{"start":{"line":221,"column":6},"end":{"line":224,"column":9}},"134":{"start":{"line":225,"column":6},"end":{"line":225,"column":38}},"135":{"start":{"line":227,"column":4},"end":{"line":227,"column":48}},"136":{"start":{"line":228,"column":4},"end":{"line":232,"column":7}},"137":{"start":{"line":229,"column":6},"end":{"line":229,"column":36}},"138":{"start":{"line":229,"column":17},"end":{"line":229,"column":34}},"139":{"start":{"line":230,"column":6},"end":{"line":230,"column":99}},"140":{"start":{"line":231,"column":6},"end":{"line":231,"column":31}},"141":{"start":{"line":240,"column":0},"end":{"line":264,"column":2}},"142":{"start":{"line":241,"column":2},"end":{"line":243,"column":3}},"143":{"start":{"line":242,"column":4},"end":{"line":242,"column":29}},"144":{"start":{"line":244,"column":27},"end":{"line":244,"column":29}},"145":{"start":{"line":245,"column":2},"end":{"line":245,"column":114}},"146":{"start":{"line":245,"column":50},"end":{"line":245,"column":114}},"147":{"start":{"line":246,"column":2},"end":{"line":249,"column":3}},"148":{"start":{"line":247,"column":4},"end":{"line":247,"column":42}},"149":{"start":{"line":248,"column":4},"end":{"line":248,"column":35}},"150":{"start":{"line":251,"column":2},"end":{"line":263,"column":7}},"151":{"start":{"line":255,"column":6},"end":{"line":255,"column":36}},"152":{"start":{"line":255,"column":17},"end":{"line":255,"column":34}},"153":{"start":{"line":256,"column":6},"end":{"line":259,"column":7}},"154":{"start":{"line":257,"column":8},"end":{"line":257,"column":88}},"155":{"start":{"line":258,"column":8},"end":{"line":258,"column":39}},"156":{"start":{"line":260,"column":6},"end":{"line":262,"column":9}},"157":{"start":{"line":270,"column":0},"end":{"line":303,"column":2}},"158":{"start":{"line":271,"column":2},"end":{"line":274,"column":3}},"159":{"start":{"line":272,"column":4},"end":{"line":272,"column":71}},"160":{"start":{"line":273,"column":4},"end":{"line":273,"column":36}},"161":{"start":{"line":276,"column":27},"end":{"line":276,"column":29}},"162":{"start":{"line":277,"column":2},"end":{"line":277,"column":136}},"163":{"start":{"line":277,"column":72},"end":{"line":277,"column":136}},"164":{"start":{"line":278,"column":2},"end":{"line":281,"column":3}},"165":{"start":{"line":279,"column":4},"end":{"line":279,"column":42}},"166":{"start":{"line":280,"column":4},"end":{"line":280,"column":36}},"167":{"start":{"line":283,"column":2},"end":{"line":302,"column":3}},"168":{"start":{"line":284,"column":4},"end":{"line":301,"column":9}},"169":{"start":{"line":287,"column":8},"end":{"line":290,"column":9}},"170":{"start":{"line":288,"column":10},"end":{"line":288,"column":86}},"171":{"start":{"line":289,"column":10},"end":{"line":289,"column":38}},"172":{"start":{"line":291,"column":8},"end":{"line":291,"column":41}},"173":{"start":{"line":292,"column":8},"end":{"line":292,"column":34}},"174":{"start":{"line":293,"column":8},"end":{"line":293,"column":27}},"175":{"start":{"line":294,"column":8},"end":{"line":294,"column":82}},"176":{"start":{"line":295,"column":8},"end":{"line":295,"column":40}},"177":{"start":{"line":298,"column":8},"end":{"line":298,"column":101}},"178":{"start":{"line":299,"column":8},"end":{"line":299,"column":111}},"179":{"start":{"line":300,"column":8},"end":{"line":300,"column":40}},"180":{"start":{"line":309,"column":0},"end":{"line":384,"column":2}},"181":{"start":{"line":310,"column":2},"end":{"line":313,"column":3}},"182":{"start":{"line":311,"column":4},"end":{"line":311,"column":71}},"183":{"start":{"line":312,"column":4},"end":{"line":312,"column":36}},"184":{"start":{"line":315,"column":2},"end":{"line":318,"column":3}},"185":{"start":{"line":316,"column":4},"end":{"line":316,"column":153}},"186":{"start":{"line":317,"column":4},"end":{"line":317,"column":36}},"187":{"start":{"line":320,"column":28},"end":{"line":321,"column":39}},"188":{"start":{"line":321,"column":19},"end":{"line":321,"column":38}},"189":{"start":{"line":323,"column":25},"end":{"line":331,"column":3}},"190":{"start":{"line":324,"column":4},"end":{"line":329,"column":9}},"191":{"start":{"line":327,"column":8},"end":{"line":327,"column":44}},"192":{"start":{"line":328,"column":8},"end":{"line":328,"column":27}},"193":{"start":{"line":330,"column":4},"end":{"line":330,"column":17}},"194":{"start":{"line":333,"column":26},"end":{"line":377,"column":3}},"195":{"start":{"line":334,"column":22},"end":{"line":340,"column":6}},"196":{"start":{"line":341,"column":24},"end":{"line":350,"column":5}},"197":{"start":{"line":351,"column":4},"end":{"line":376,"column":9}},"198":{"start":{"line":353,"column":8},"end":{"line":353,"column":110}},"199":{"start":{"line":356,"column":8},"end":{"line":372,"column":9}},"200":{"start":{"line":357,"column":10},"end":{"line":357,"column":165}},"201":{"start":{"line":358,"column":10},"end":{"line":367,"column":13}},"202":{"start":{"line":368,"column":10},"end":{"line":371,"column":15}},"203":{"start":{"line":370,"column":14},"end":{"line":370,"column":116}},"204":{"start":{"line":373,"column":8},"end":{"line":373,"column":96}},"205":{"start":{"line":374,"column":8},"end":{"line":374,"column":112}},"206":{"start":{"line":375,"column":8},"end":{"line":375,"column":19}},"207":{"start":{"line":379,"column":2},"end":{"line":383,"column":17}},"208":{"start":{"line":382,"column":16},"end":{"line":382,"column":40}},"209":{"start":{"line":390,"column":0},"end":{"line":468,"column":2}},"210":{"start":{"line":391,"column":27},"end":{"line":391,"column":29}},"211":{"start":{"line":392,"column":2},"end":{"line":392,"column":136}},"212":{"start":{"line":392,"column":58},"end":{"line":392,"column":136}},"213":{"start":{"line":393,"column":2},"end":{"line":393,"column":103}},"214":{"start":{"line":393,"column":46},"end":{"line":393,"column":103}},"215":{"start":{"line":394,"column":2},"end":{"line":394,"column":114}},"216":{"start":{"line":394,"column":50},"end":{"line":394,"column":114}},"217":{"start":{"line":396,"column":2},"end":{"line":399,"column":3}},"218":{"start":{"line":397,"column":4},"end":{"line":397,"column":42}},"219":{"start":{"line":398,"column":4},"end":{"line":398,"column":32}},"220":{"start":{"line":401,"column":24},"end":{"line":419,"column":8}},"221":{"start":{"line":402,"column":4},"end":{"line":419,"column":8}},"222":{"start":{"line":406,"column":8},"end":{"line":409,"column":9}},"223":{"start":{"line":407,"column":10},"end":{"line":407,"column":90}},"224":{"start":{"line":408,"column":10},"end":{"line":408,"column":38}},"225":{"start":{"line":410,"column":8},"end":{"line":410,"column":42}},"226":{"start":{"line":411,"column":8},"end":{"line":411,"column":44}},"227":{"start":{"line":412,"column":8},"end":{"line":412,"column":46}},"228":{"start":{"line":413,"column":8},"end":{"line":418,"column":12}},"229":{"start":{"line":413,"column":38},"end":{"line":418,"column":10}},"230":{"start":{"line":414,"column":10},"end":{"line":417,"column":13}},"231":{"start":{"line":415,"column":12},"end":{"line":415,"column":44}},"232":{"start":{"line":415,"column":23},"end":{"line":415,"column":42}},"233":{"start":{"line":416,"column":12},"end":{"line":416,"column":26}},"234":{"start":{"line":421,"column":33},"end":{"line":462,"column":3}},"235":{"start":{"line":422,"column":4},"end":{"line":422,"column":26}},"236":{"start":{"line":422,"column":17},"end":{"line":422,"column":24}},"237":{"start":{"line":423,"column":22},"end":{"line":429,"column":6}},"238":{"start":{"line":430,"column":24},"end":{"line":435,"column":5}},"239":{"start":{"line":436,"column":4},"end":{"line":461,"column":9}},"240":{"start":{"line":438,"column":8},"end":{"line":438,"column":82}},"241":{"start":{"line":441,"column":8},"end":{"line":457,"column":9}},"242":{"start":{"line":442,"column":10},"end":{"line":442,"column":165}},"243":{"start":{"line":443,"column":10},"end":{"line":452,"column":13}},"244":{"start":{"line":453,"column":10},"end":{"line":456,"column":15}},"245":{"start":{"line":455,"column":14},"end":{"line":455,"column":88}},"246":{"start":{"line":458,"column":8},"end":{"line":458,"column":112}},"247":{"start":{"line":459,"column":8},"end":{"line":459,"column":166}},"248":{"start":{"line":460,"column":8},"end":{"line":460,"column":19}},"249":{"start":{"line":464,"column":2},"end":{"line":467,"column":31}},"250":{"start":{"line":466,"column":18},"end":{"line":466,"column":55}},"251":{"start":{"line":466,"column":37},"end":{"line":466,"column":55}},"252":{"start":{"line":467,"column":20},"end":{"line":467,"column":29}},"253":{"start":{"line":474,"column":0},"end":{"line":481,"column":2}},"254":{"start":{"line":475,"column":2},"end":{"line":477,"column":3}},"255":{"start":{"line":476,"column":4},"end":{"line":476,"column":29}},"256":{"start":{"line":478,"column":2},"end":{"line":480,"column":5}},"257":{"start":{"line":487,"column":0},"end":{"line":566,"column":2}},"258":{"start":{"line":488,"column":27},"end":{"line":488,"column":29}},"259":{"start":{"line":489,"column":2},"end":{"line":489,"column":112}},"260":{"start":{"line":489,"column":42},"end":{"line":489,"column":112}},"261":{"start":{"line":491,"column":2},"end":{"line":494,"column":3}},"262":{"start":{"line":492,"column":4},"end":{"line":492,"column":42}},"263":{"start":{"line":493,"column":4},"end":{"line":493,"column":35}},"264":{"start":{"line":495,"column":2},"end":{"line":495,"column":90}},"265":{"start":{"line":497,"column":28},"end":{"line":498,"column":39}},"266":{"start":{"line":498,"column":19},"end":{"line":498,"column":38}},"267":{"start":{"line":500,"column":25},"end":{"line":512,"column":8}},"268":{"start":{"line":501,"column":4},"end":{"line":512,"column":8}},"269":{"start":{"line":504,"column":8},"end":{"line":510,"column":9}},"270":{"start":{"line":505,"column":10},"end":{"line":505,"column":90}},"271":{"start":{"line":507,"column":10},"end":{"line":507,"column":42}},"272":{"start":{"line":508,"column":10},"end":{"line":508,"column":59}},"273":{"start":{"line":509,"column":10},"end":{"line":509,"column":29}},"274":{"start":{"line":511,"column":8},"end":{"line":511,"column":20}},"275":{"start":{"line":514,"column":34},"end":{"line":559,"column":3}},"276":{"start":{"line":515,"column":4},"end":{"line":515,"column":26}},"277":{"start":{"line":515,"column":17},"end":{"line":515,"column":24}},"278":{"start":{"line":516,"column":18},"end":{"line":516,"column":41}},"279":{"start":{"line":517,"column":22},"end":{"line":523,"column":6}},"280":{"start":{"line":524,"column":24},"end":{"line":532,"column":5}},"281":{"start":{"line":533,"column":4},"end":{"line":558,"column":9}},"282":{"start":{"line":535,"column":8},"end":{"line":535,"column":106}},"283":{"start":{"line":538,"column":8},"end":{"line":554,"column":9}},"284":{"start":{"line":539,"column":10},"end":{"line":539,"column":165}},"285":{"start":{"line":540,"column":10},"end":{"line":549,"column":13}},"286":{"start":{"line":550,"column":10},"end":{"line":553,"column":15}},"287":{"start":{"line":552,"column":14},"end":{"line":552,"column":112}},"288":{"start":{"line":555,"column":8},"end":{"line":555,"column":100}},"289":{"start":{"line":556,"column":8},"end":{"line":556,"column":108}},"290":{"start":{"line":557,"column":8},"end":{"line":557,"column":19}},"291":{"start":{"line":561,"column":2},"end":{"line":565,"column":17}},"292":{"start":{"line":564,"column":16},"end":{"line":564,"column":39}}},"fnMap":{"0":{"name":"(anonymous_0)","decl":{"start":{"line":16,"column":19},"end":{"line":16,"column":20}},"loc":{"start":{"line":16,"column":33},"end":{"line":23,"column":1}},"line":16},"1":{"name":"(anonymous_1)","decl":{"start":{"line":29,"column":20},"end":{"line":29,"column":21}},"loc":{"start":{"line":29,"column":40},"end":{"line":52,"column":1}},"line":29},"2":{"name":"(anonymous_2)","decl":{"start":{"line":40,"column":33},"end":{"line":40,"column":34}},"loc":{"start":{"line":40,"column":54},"end":{"line":51,"column":3}},"line":40},"3":{"name":"(anonymous_3)","decl":{"start":{"line":46,"column":20},"end":{"line":46,"column":21}},"loc":{"start":{"line":46,"column":29},"end":{"line":50,"column":5}},"line":46},"4":{"name":"(anonymous_4)","decl":{"start":{"line":58,"column":17},"end":{"line":58,"column":18}},"loc":{"start":{"line":58,"column":31},"end":{"line":65,"column":1}},"line":58},"5":{"name":"(anonymous_5)","decl":{"start":{"line":60,"column":22},"end":{"line":60,"column":23}},"loc":{"start":{"line":60,"column":31},"end":{"line":64,"column":3}},"line":60},"6":{"name":"(anonymous_6)","decl":{"start":{"line":71,"column":20},"end":{"line":71,"column":21}},"loc":{"start":{"line":71,"column":34},"end":{"line":78,"column":1}},"line":71},"7":{"name":"(anonymous_7)","decl":{"start":{"line":84,"column":21},"end":{"line":84,"column":22}},"loc":{"start":{"line":84,"column":41},"end":{"line":117,"column":1}},"line":84},"8":{"name":"(anonymous_8)","decl":{"start":{"line":101,"column":42},"end":{"line":101,"column":43}},"loc":{"start":{"line":101,"column":65},"end":{"line":116,"column":3}},"line":101},"9":{"name":"(anonymous_9)","decl":{"start":{"line":107,"column":14},"end":{"line":107,"column":15}},"loc":{"start":{"line":107,"column":23},"end":{"line":115,"column":5}},"line":107},"10":{"name":"(anonymous_10)","decl":{"start":{"line":109,"column":22},"end":{"line":109,"column":23}},"loc":{"start":{"line":109,"column":31},"end":{"line":114,"column":7}},"line":109},"11":{"name":"(anonymous_11)","decl":{"start":{"line":123,"column":21},"end":{"line":123,"column":22}},"loc":{"start":{"line":123,"column":35},"end":{"line":127,"column":1}},"line":123},"12":{"name":"(anonymous_12)","decl":{"start":{"line":133,"column":28},"end":{"line":133,"column":29}},"loc":{"start":{"line":133,"column":48},"end":{"line":163,"column":1}},"line":133},"13":{"name":"(anonymous_13)","decl":{"start":{"line":143,"column":29},"end":{"line":143,"column":30}},"loc":{"start":{"line":143,"column":44},"end":{"line":162,"column":3}},"line":143},"14":{"name":"(anonymous_14)","decl":{"start":{"line":151,"column":14},"end":{"line":151,"column":15}},"loc":{"start":{"line":151,"column":23},"end":{"line":161,"column":5}},"line":151},"15":{"name":"(anonymous_15)","decl":{"start":{"line":169,"column":29},"end":{"line":169,"column":30}},"loc":{"start":{"line":169,"column":49},"end":{"line":188,"column":1}},"line":169},"16":{"name":"(anonymous_16)","decl":{"start":{"line":179,"column":29},"end":{"line":179,"column":30}},"loc":{"start":{"line":179,"column":44},"end":{"line":187,"column":3}},"line":179},"17":{"name":"(anonymous_17)","decl":{"start":{"line":182,"column":14},"end":{"line":182,"column":15}},"loc":{"start":{"line":182,"column":23},"end":{"line":186,"column":5}},"line":182},"18":{"name":"(anonymous_18)","decl":{"start":{"line":194,"column":28},"end":{"line":194,"column":29}},"loc":{"start":{"line":194,"column":48},"end":{"line":201,"column":1}},"line":194},"19":{"name":"(anonymous_19)","decl":{"start":{"line":195,"column":39},"end":{"line":195,"column":40}},"loc":{"start":{"line":195,"column":48},"end":{"line":200,"column":3}},"line":195},"20":{"name":"(anonymous_20)","decl":{"start":{"line":207,"column":25},"end":{"line":207,"column":26}},"loc":{"start":{"line":207,"column":45},"end":{"line":234,"column":1}},"line":207},"21":{"name":"(anonymous_21)","decl":{"start":{"line":209,"column":29},"end":{"line":209,"column":30}},"loc":{"start":{"line":209,"column":44},"end":{"line":233,"column":3}},"line":209},"22":{"name":"(anonymous_22)","decl":{"start":{"line":212,"column":61},"end":{"line":212,"column":62}},"loc":{"start":{"line":213,"column":6},"end":{"line":213,"column":43}},"line":213},"23":{"name":"(anonymous_23)","decl":{"start":{"line":228,"column":14},"end":{"line":228,"column":15}},"loc":{"start":{"line":228,"column":23},"end":{"line":232,"column":5}},"line":228},"24":{"name":"(anonymous_24)","decl":{"start":{"line":240,"column":19},"end":{"line":240,"column":20}},"loc":{"start":{"line":240,"column":39},"end":{"line":264,"column":1}},"line":240},"25":{"name":"(anonymous_25)","decl":{"start":{"line":254,"column":10},"end":{"line":254,"column":11}},"loc":{"start":{"line":254,"column":25},"end":{"line":263,"column":5}},"line":254},"26":{"name":"(anonymous_26)","decl":{"start":{"line":270,"column":30},"end":{"line":270,"column":31}},"loc":{"start":{"line":270,"column":50},"end":{"line":303,"column":1}},"line":270},"27":{"name":"(anonymous_27)","decl":{"start":{"line":286,"column":12},"end":{"line":286,"column":13}},"loc":{"start":{"line":286,"column":22},"end":{"line":296,"column":7}},"line":286},"28":{"name":"(anonymous_28)","decl":{"start":{"line":297,"column":13},"end":{"line":297,"column":14}},"loc":{"start":{"line":297,"column":24},"end":{"line":301,"column":7}},"line":297},"29":{"name":"(anonymous_29)","decl":{"start":{"line":309,"column":25},"end":{"line":309,"column":26}},"loc":{"start":{"line":309,"column":45},"end":{"line":384,"column":1}},"line":309},"30":{"name":"(anonymous_30)","decl":{"start":{"line":321,"column":10},"end":{"line":321,"column":11}},"loc":{"start":{"line":321,"column":19},"end":{"line":321,"column":38}},"line":321},"31":{"name":"(anonymous_31)","decl":{"start":{"line":323,"column":25},"end":{"line":323,"column":26}},"loc":{"start":{"line":323,"column":36},"end":{"line":331,"column":3}},"line":323},"32":{"name":"(anonymous_32)","decl":{"start":{"line":326,"column":12},"end":{"line":326,"column":13}},"loc":{"start":{"line":326,"column":22},"end":{"line":329,"column":7}},"line":326},"33":{"name":"(anonymous_33)","decl":{"start":{"line":333,"column":26},"end":{"line":333,"column":27}},"loc":{"start":{"line":333,"column":37},"end":{"line":377,"column":3}},"line":333},"34":{"name":"(anonymous_34)","decl":{"start":{"line":352,"column":12},"end":{"line":352,"column":13}},"loc":{"start":{"line":352,"column":18},"end":{"line":354,"column":7}},"line":352},"35":{"name":"(anonymous_35)","decl":{"start":{"line":355,"column":13},"end":{"line":355,"column":14}},"loc":{"start":{"line":355,"column":22},"end":{"line":376,"column":7}},"line":355},"36":{"name":"(anonymous_36)","decl":{"start":{"line":369,"column":18},"end":{"line":369,"column":19}},"loc":{"start":{"line":369,"column":24},"end":{"line":371,"column":13}},"line":369},"37":{"name":"(anonymous_37)","decl":{"start":{"line":382,"column":10},"end":{"line":382,"column":11}},"loc":{"start":{"line":382,"column":16},"end":{"line":382,"column":40}},"line":382},"38":{"name":"(anonymous_38)","decl":{"start":{"line":390,"column":20},"end":{"line":390,"column":21}},"loc":{"start":{"line":390,"column":40},"end":{"line":468,"column":1}},"line":390},"39":{"name":"(anonymous_39)","decl":{"start":{"line":401,"column":24},"end":{"line":401,"column":25}},"loc":{"start":{"line":402,"column":4},"end":{"line":419,"column":8}},"line":402},"40":{"name":"(anonymous_40)","decl":{"start":{"line":405,"column":12},"end":{"line":405,"column":13}},"loc":{"start":{"line":405,"column":22},"end":{"line":419,"column":7}},"line":405},"41":{"name":"(anonymous_41)","decl":{"start":{"line":413,"column":32},"end":{"line":413,"column":33}},"loc":{"start":{"line":413,"column":38},"end":{"line":418,"column":10}},"line":413},"42":{"name":"(anonymous_42)","decl":{"start":{"line":413,"column":50},"end":{"line":413,"column":51}},"loc":{"start":{"line":413,"column":71},"end":{"line":418,"column":9}},"line":413},"43":{"name":"(anonymous_43)","decl":{"start":{"line":414,"column":26},"end":{"line":414,"column":27}},"loc":{"start":{"line":414,"column":35},"end":{"line":417,"column":11}},"line":414},"44":{"name":"(anonymous_44)","decl":{"start":{"line":421,"column":33},"end":{"line":421,"column":34}},"loc":{"start":{"line":421,"column":43},"end":{"line":462,"column":3}},"line":421},"45":{"name":"(anonymous_45)","decl":{"start":{"line":437,"column":12},"end":{"line":437,"column":13}},"loc":{"start":{"line":437,"column":18},"end":{"line":439,"column":7}},"line":437},"46":{"name":"(anonymous_46)","decl":{"start":{"line":440,"column":13},"end":{"line":440,"column":14}},"loc":{"start":{"line":440,"column":22},"end":{"line":461,"column":7}},"line":440},"47":{"name":"(anonymous_47)","decl":{"start":{"line":454,"column":18},"end":{"line":454,"column":19}},"loc":{"start":{"line":454,"column":24},"end":{"line":456,"column":13}},"line":454},"48":{"name":"(anonymous_48)","decl":{"start":{"line":466,"column":10},"end":{"line":466,"column":11}},"loc":{"start":{"line":466,"column":16},"end":{"line":466,"column":57}},"line":466},"49":{"name":"(anonymous_49)","decl":{"start":{"line":467,"column":11},"end":{"line":467,"column":12}},"loc":{"start":{"line":467,"column":20},"end":{"line":467,"column":29}},"line":467},"50":{"name":"(anonymous_50)","decl":{"start":{"line":474,"column":20},"end":{"line":474,"column":21}},"loc":{"start":{"line":474,"column":34},"end":{"line":481,"column":1}},"line":474},"51":{"name":"(anonymous_51)","decl":{"start":{"line":487,"column":21},"end":{"line":487,"column":22}},"loc":{"start":{"line":487,"column":41},"end":{"line":566,"column":1}},"line":487},"52":{"name":"(anonymous_52)","decl":{"start":{"line":498,"column":10},"end":{"line":498,"column":11}},"loc":{"start":{"line":498,"column":19},"end":{"line":498,"column":38}},"line":498},"53":{"name":"(anonymous_53)","decl":{"start":{"line":500,"column":25},"end":{"line":500,"column":26}},"loc":{"start":{"line":501,"column":4},"end":{"line":512,"column":8}},"line":501},"54":{"name":"(anonymous_54)","decl":{"start":{"line":503,"column":12},"end":{"line":503,"column":13}},"loc":{"start":{"line":503,"column":22},"end":{"line":512,"column":7}},"line":503},"55":{"name":"(anonymous_55)","decl":{"start":{"line":514,"column":34},"end":{"line":514,"column":35}},"loc":{"start":{"line":514,"column":44},"end":{"line":559,"column":3}},"line":514},"56":{"name":"(anonymous_56)","decl":{"start":{"line":534,"column":12},"end":{"line":534,"column":13}},"loc":{"start":{"line":534,"column":18},"end":{"line":536,"column":7}},"line":534},"57":{"name":"(anonymous_57)","decl":{"start":{"line":537,"column":13},"end":{"line":537,"column":14}},"loc":{"start":{"line":537,"column":22},"end":{"line":558,"column":7}},"line":537},"58":{"name":"(anonymous_58)","decl":{"start":{"line":551,"column":18},"end":{"line":551,"column":19}},"loc":{"start":{"line":551,"column":24},"end":{"line":553,"column":13}},"line":551},"59":{"name":"(anonymous_59)","decl":{"start":{"line":564,"column":10},"end":{"line":564,"column":11}},"loc":{"start":{"line":564,"column":16},"end":{"line":564,"column":39}},"line":564}},"branchMap":{"0":{"loc":{"start":{"line":17,"column":2},"end":{"line":19,"column":3}},"type":"if","locations":[{"start":{"line":17,"column":2},"end":{"line":19,"column":3}},{"start":{"line":17,"column":2},"end":{"line":19,"column":3}}],"line":17},"1":{"loc":{"start":{"line":31,"column":2},"end":{"line":31,"column":112}},"type":"if","locations":[{"start":{"line":31,"column":2},"end":{"line":31,"column":112}},{"start":{"line":31,"column":2},"end":{"line":31,"column":112}}],"line":31},"2":{"loc":{"start":{"line":32,"column":2},"end":{"line":32,"column":104}},"type":"if","locations":[{"start":{"line":32,"column":2},"end":{"line":32,"column":104}},{"start":{"line":32,"column":2},"end":{"line":32,"column":104}}],"line":32},"3":{"loc":{"start":{"line":34,"column":2},"end":{"line":37,"column":3}},"type":"if","locations":[{"start":{"line":34,"column":2},"end":{"line":37,"column":3}},{"start":{"line":34,"column":2},"end":{"line":37,"column":3}}],"line":34},"4":{"loc":{"start":{"line":41,"column":4},"end":{"line":41,"column":34}},"type":"if","locations":[{"start":{"line":41,"column":4},"end":{"line":41,"column":34}},{"start":{"line":41,"column":4},"end":{"line":41,"column":34}}],"line":41},"5":{"loc":{"start":{"line":42,"column":4},"end":{"line":45,"column":5}},"type":"if","locations":[{"start":{"line":42,"column":4},"end":{"line":45,"column":5}},{"start":{"line":42,"column":4},"end":{"line":45,"column":5}}],"line":42},"6":{"loc":{"start":{"line":47,"column":6},"end":{"line":47,"column":36}},"type":"if","locations":[{"start":{"line":47,"column":6},"end":{"line":47,"column":36}},{"start":{"line":47,"column":6},"end":{"line":47,"column":36}}],"line":47},"7":{"loc":{"start":{"line":49,"column":19},"end":{"line":49,"column":46}},"type":"binary-expr","locations":[{"start":{"line":49,"column":19},"end":{"line":49,"column":39}},{"start":{"line":49,"column":43},"end":{"line":49,"column":46}}],"line":49},"8":{"loc":{"start":{"line":61,"column":4},"end":{"line":61,"column":86}},"type":"if","locations":[{"start":{"line":61,"column":4},"end":{"line":61,"column":86}},{"start":{"line":61,"column":4},"end":{"line":61,"column":86}}],"line":61},"9":{"loc":{"start":{"line":72,"column":2},"end":{"line":74,"column":3}},"type":"if","locations":[{"start":{"line":72,"column":2},"end":{"line":74,"column":3}},{"start":{"line":72,"column":2},"end":{"line":74,"column":3}}],"line":72},"10":{"loc":{"start":{"line":86,"column":2},"end":{"line":86,"column":112}},"type":"if","locations":[{"start":{"line":86,"column":2},"end":{"line":86,"column":112}},{"start":{"line":86,"column":2},"end":{"line":86,"column":112}}],"line":86},"11":{"loc":{"start":{"line":87,"column":2},"end":{"line":87,"column":136}},"type":"if","locations":[{"start":{"line":87,"column":2},"end":{"line":87,"column":136}},{"start":{"line":87,"column":2},"end":{"line":87,"column":136}}],"line":87},"12":{"loc":{"start":{"line":88,"column":2},"end":{"line":88,"column":111}},"type":"if","locations":[{"start":{"line":88,"column":2},"end":{"line":88,"column":111}},{"start":{"line":88,"column":2},"end":{"line":88,"column":111}}],"line":88},"13":{"loc":{"start":{"line":90,"column":2},"end":{"line":93,"column":3}},"type":"if","locations":[{"start":{"line":90,"column":2},"end":{"line":93,"column":3}},{"start":{"line":90,"column":2},"end":{"line":93,"column":3}}],"line":90},"14":{"loc":{"start":{"line":102,"column":4},"end":{"line":102,"column":34}},"type":"if","locations":[{"start":{"line":102,"column":4},"end":{"line":102,"column":34}},{"start":{"line":102,"column":4},"end":{"line":102,"column":34}}],"line":102},"15":{"loc":{"start":{"line":103,"column":4},"end":{"line":106,"column":5}},"type":"if","locations":[{"start":{"line":103,"column":4},"end":{"line":106,"column":5}},{"start":{"line":103,"column":4},"end":{"line":106,"column":5}}],"line":103},"16":{"loc":{"start":{"line":108,"column":6},"end":{"line":108,"column":36}},"type":"if","locations":[{"start":{"line":108,"column":6},"end":{"line":108,"column":36}},{"start":{"line":108,"column":6},"end":{"line":108,"column":36}}],"line":108},"17":{"loc":{"start":{"line":110,"column":8},"end":{"line":112,"column":9}},"type":"if","locations":[{"start":{"line":110,"column":8},"end":{"line":112,"column":9}},{"start":{"line":110,"column":8},"end":{"line":112,"column":9}}],"line":110},"18":{"loc":{"start":{"line":135,"column":2},"end":{"line":135,"column":112}},"type":"if","locations":[{"start":{"line":135,"column":2},"end":{"line":135,"column":112}},{"start":{"line":135,"column":2},"end":{"line":135,"column":112}}],"line":135},"19":{"loc":{"start":{"line":137,"column":2},"end":{"line":140,"column":3}},"type":"if","locations":[{"start":{"line":137,"column":2},"end":{"line":140,"column":3}},{"start":{"line":137,"column":2},"end":{"line":140,"column":3}}],"line":137},"20":{"loc":{"start":{"line":144,"column":4},"end":{"line":144,"column":34}},"type":"if","locations":[{"start":{"line":144,"column":4},"end":{"line":144,"column":34}},{"start":{"line":144,"column":4},"end":{"line":144,"column":34}}],"line":144},"21":{"loc":{"start":{"line":145,"column":4},"end":{"line":145,"column":66}},"type":"if","locations":[{"start":{"line":145,"column":4},"end":{"line":145,"column":66}},{"start":{"line":145,"column":4},"end":{"line":145,"column":66}}],"line":145},"22":{"loc":{"start":{"line":146,"column":17},"end":{"line":146,"column":37}},"type":"binary-expr","locations":[{"start":{"line":146,"column":17},"end":{"line":146,"column":31}},{"start":{"line":146,"column":35},"end":{"line":146,"column":37}}],"line":146},"23":{"loc":{"start":{"line":147,"column":24},"end":{"line":147,"column":43}},"type":"binary-expr","locations":[{"start":{"line":147,"column":24},"end":{"line":147,"column":37}},{"start":{"line":147,"column":41},"end":{"line":147,"column":43}}],"line":147},"24":{"loc":{"start":{"line":148,"column":26},"end":{"line":148,"column":47}},"type":"binary-expr","locations":[{"start":{"line":148,"column":26},"end":{"line":148,"column":41}},{"start":{"line":148,"column":45},"end":{"line":148,"column":47}}],"line":148},"25":{"loc":{"start":{"line":149,"column":28},"end":{"line":149,"column":51}},"type":"binary-expr","locations":[{"start":{"line":149,"column":28},"end":{"line":149,"column":45}},{"start":{"line":149,"column":49},"end":{"line":149,"column":51}}],"line":149},"26":{"loc":{"start":{"line":150,"column":27},"end":{"line":150,"column":49}},"type":"binary-expr","locations":[{"start":{"line":150,"column":27},"end":{"line":150,"column":43}},{"start":{"line":150,"column":47},"end":{"line":150,"column":49}}],"line":150},"27":{"loc":{"start":{"line":152,"column":6},"end":{"line":158,"column":7}},"type":"if","locations":[{"start":{"line":152,"column":6},"end":{"line":158,"column":7}},{"start":{"line":152,"column":6},"end":{"line":158,"column":7}}],"line":152},"28":{"loc":{"start":{"line":153,"column":8},"end":{"line":156,"column":9}},"type":"if","locations":[{"start":{"line":153,"column":8},"end":{"line":156,"column":9}},{"start":{"line":153,"column":8},"end":{"line":156,"column":9}}],"line":153},"29":{"loc":{"start":{"line":171,"column":2},"end":{"line":171,"column":136}},"type":"if","locations":[{"start":{"line":171,"column":2},"end":{"line":171,"column":136}},{"start":{"line":171,"column":2},"end":{"line":171,"column":136}}],"line":171},"30":{"loc":{"start":{"line":172,"column":2},"end":{"line":172,"column":111}},"type":"if","locations":[{"start":{"line":172,"column":2},"end":{"line":172,"column":111}},{"start":{"line":172,"column":2},"end":{"line":172,"column":111}}],"line":172},"31":{"loc":{"start":{"line":174,"column":2},"end":{"line":177,"column":3}},"type":"if","locations":[{"start":{"line":174,"column":2},"end":{"line":177,"column":3}},{"start":{"line":174,"column":2},"end":{"line":177,"column":3}}],"line":174},"32":{"loc":{"start":{"line":180,"column":4},"end":{"line":180,"column":34}},"type":"if","locations":[{"start":{"line":180,"column":4},"end":{"line":180,"column":34}},{"start":{"line":180,"column":4},"end":{"line":180,"column":34}}],"line":180},"33":{"loc":{"start":{"line":183,"column":6},"end":{"line":183,"column":36}},"type":"if","locations":[{"start":{"line":183,"column":6},"end":{"line":183,"column":36}},{"start":{"line":183,"column":6},"end":{"line":183,"column":36}}],"line":183},"34":{"loc":{"start":{"line":196,"column":4},"end":{"line":196,"column":34}},"type":"if","locations":[{"start":{"line":196,"column":4},"end":{"line":196,"column":34}},{"start":{"line":196,"column":4},"end":{"line":196,"column":34}}],"line":196},"35":{"loc":{"start":{"line":210,"column":4},"end":{"line":210,"column":34}},"type":"if","locations":[{"start":{"line":210,"column":4},"end":{"line":210,"column":34}},{"start":{"line":210,"column":4},"end":{"line":210,"column":34}}],"line":210},"36":{"loc":{"start":{"line":217,"column":4},"end":{"line":226,"column":5}},"type":"if","locations":[{"start":{"line":217,"column":4},"end":{"line":226,"column":5}},{"start":{"line":217,"column":4},"end":{"line":226,"column":5}}],"line":217},"37":{"loc":{"start":{"line":218,"column":6},"end":{"line":219,"column":51}},"type":"binary-expr","locations":[{"start":{"line":218,"column":6},"end":{"line":218,"column":36}},{"start":{"line":219,"column":9},"end":{"line":219,"column":51}}],"line":218},"38":{"loc":{"start":{"line":218,"column":8},"end":{"line":218,"column":35}},"type":"binary-expr","locations":[{"start":{"line":218,"column":8},"end":{"line":218,"column":18}},{"start":{"line":218,"column":22},"end":{"line":218,"column":35}}],"line":218},"39":{"loc":{"start":{"line":229,"column":6},"end":{"line":229,"column":36}},"type":"if","locations":[{"start":{"line":229,"column":6},"end":{"line":229,"column":36}},{"start":{"line":229,"column":6},"end":{"line":229,"column":36}}],"line":229},"40":{"loc":{"start":{"line":241,"column":2},"end":{"line":243,"column":3}},"type":"if","locations":[{"start":{"line":241,"column":2},"end":{"line":243,"column":3}},{"start":{"line":241,"column":2},"end":{"line":243,"column":3}}],"line":241},"41":{"loc":{"start":{"line":245,"column":2},"end":{"line":245,"column":114}},"type":"if","locations":[{"start":{"line":245,"column":2},"end":{"line":245,"column":114}},{"start":{"line":245,"column":2},"end":{"line":245,"column":114}}],"line":245},"42":{"loc":{"start":{"line":246,"column":2},"end":{"line":249,"column":3}},"type":"if","locations":[{"start":{"line":246,"column":2},"end":{"line":249,"column":3}},{"start":{"line":246,"column":2},"end":{"line":249,"column":3}}],"line":246},"43":{"loc":{"start":{"line":255,"column":6},"end":{"line":255,"column":36}},"type":"if","locations":[{"start":{"line":255,"column":6},"end":{"line":255,"column":36}},{"start":{"line":255,"column":6},"end":{"line":255,"column":36}}],"line":255},"44":{"loc":{"start":{"line":256,"column":6},"end":{"line":259,"column":7}},"type":"if","locations":[{"start":{"line":256,"column":6},"end":{"line":259,"column":7}},{"start":{"line":256,"column":6},"end":{"line":259,"column":7}}],"line":256},"45":{"loc":{"start":{"line":271,"column":2},"end":{"line":274,"column":3}},"type":"if","locations":[{"start":{"line":271,"column":2},"end":{"line":274,"column":3}},{"start":{"line":271,"column":2},"end":{"line":274,"column":3}}],"line":271},"46":{"loc":{"start":{"line":277,"column":2},"end":{"line":277,"column":136}},"type":"if","locations":[{"start":{"line":277,"column":2},"end":{"line":277,"column":136}},{"start":{"line":277,"column":2},"end":{"line":277,"column":136}}],"line":277},"47":{"loc":{"start":{"line":277,"column":6},"end":{"line":277,"column":70}},"type":"binary-expr","locations":[{"start":{"line":277,"column":6},"end":{"line":277,"column":22}},{"start":{"line":277,"column":27},"end":{"line":277,"column":69}}],"line":277},"48":{"loc":{"start":{"line":278,"column":2},"end":{"line":281,"column":3}},"type":"if","locations":[{"start":{"line":278,"column":2},"end":{"line":281,"column":3}},{"start":{"line":278,"column":2},"end":{"line":281,"column":3}}],"line":278},"49":{"loc":{"start":{"line":283,"column":2},"end":{"line":302,"column":3}},"type":"if","locations":[{"start":{"line":283,"column":2},"end":{"line":302,"column":3}},{"start":{"line":283,"column":2},"end":{"line":302,"column":3}}],"line":283},"50":{"loc":{"start":{"line":287,"column":8},"end":{"line":290,"column":9}},"type":"if","locations":[{"start":{"line":287,"column":8},"end":{"line":290,"column":9}},{"start":{"line":287,"column":8},"end":{"line":290,"column":9}}],"line":287},"51":{"loc":{"start":{"line":310,"column":2},"end":{"line":313,"column":3}},"type":"if","locations":[{"start":{"line":310,"column":2},"end":{"line":313,"column":3}},{"start":{"line":310,"column":2},"end":{"line":313,"column":3}}],"line":310},"52":{"loc":{"start":{"line":315,"column":2},"end":{"line":318,"column":3}},"type":"if","locations":[{"start":{"line":315,"column":2},"end":{"line":318,"column":3}},{"start":{"line":315,"column":2},"end":{"line":318,"column":3}}],"line":315},"53":{"loc":{"start":{"line":356,"column":8},"end":{"line":372,"column":9}},"type":"if","locations":[{"start":{"line":356,"column":8},"end":{"line":372,"column":9}},{"start":{"line":356,"column":8},"end":{"line":372,"column":9}}],"line":356},"54":{"loc":{"start":{"line":392,"column":2},"end":{"line":392,"column":136}},"type":"if","locations":[{"start":{"line":392,"column":2},"end":{"line":392,"column":136}},{"start":{"line":392,"column":2},"end":{"line":392,"column":136}}],"line":392},"55":{"loc":{"start":{"line":393,"column":2},"end":{"line":393,"column":103}},"type":"if","locations":[{"start":{"line":393,"column":2},"end":{"line":393,"column":103}},{"start":{"line":393,"column":2},"end":{"line":393,"column":103}}],"line":393},"56":{"loc":{"start":{"line":394,"column":2},"end":{"line":394,"column":114}},"type":"if","locations":[{"start":{"line":394,"column":2},"end":{"line":394,"column":114}},{"start":{"line":394,"column":2},"end":{"line":394,"column":114}}],"line":394},"57":{"loc":{"start":{"line":396,"column":2},"end":{"line":399,"column":3}},"type":"if","locations":[{"start":{"line":396,"column":2},"end":{"line":399,"column":3}},{"start":{"line":396,"column":2},"end":{"line":399,"column":3}}],"line":396},"58":{"loc":{"start":{"line":406,"column":8},"end":{"line":409,"column":9}},"type":"if","locations":[{"start":{"line":406,"column":8},"end":{"line":409,"column":9}},{"start":{"line":406,"column":8},"end":{"line":409,"column":9}}],"line":406},"59":{"loc":{"start":{"line":415,"column":12},"end":{"line":415,"column":44}},"type":"if","locations":[{"start":{"line":415,"column":12},"end":{"line":415,"column":44}},{"start":{"line":415,"column":12},"end":{"line":415,"column":44}}],"line":415},"60":{"loc":{"start":{"line":422,"column":4},"end":{"line":422,"column":26}},"type":"if","locations":[{"start":{"line":422,"column":4},"end":{"line":422,"column":26}},{"start":{"line":422,"column":4},"end":{"line":422,"column":26}}],"line":422},"61":{"loc":{"start":{"line":441,"column":8},"end":{"line":457,"column":9}},"type":"if","locations":[{"start":{"line":441,"column":8},"end":{"line":457,"column":9}},{"start":{"line":441,"column":8},"end":{"line":457,"column":9}}],"line":441},"62":{"loc":{"start":{"line":466,"column":18},"end":{"line":466,"column":55}},"type":"if","locations":[{"start":{"line":466,"column":18},"end":{"line":466,"column":55}},{"start":{"line":466,"column":18},"end":{"line":466,"column":55}}],"line":466},"63":{"loc":{"start":{"line":475,"column":2},"end":{"line":477,"column":3}},"type":"if","locations":[{"start":{"line":475,"column":2},"end":{"line":477,"column":3}},{"start":{"line":475,"column":2},"end":{"line":477,"column":3}}],"line":475},"64":{"loc":{"start":{"line":489,"column":2},"end":{"line":489,"column":112}},"type":"if","locations":[{"start":{"line":489,"column":2},"end":{"line":489,"column":112}},{"start":{"line":489,"column":2},"end":{"line":489,"column":112}}],"line":489},"65":{"loc":{"start":{"line":491,"column":2},"end":{"line":494,"column":3}},"type":"if","locations":[{"start":{"line":491,"column":2},"end":{"line":494,"column":3}},{"start":{"line":491,"column":2},"end":{"line":494,"column":3}}],"line":491},"66":{"loc":{"start":{"line":504,"column":8},"end":{"line":510,"column":9}},"type":"if","locations":[{"start":{"line":504,"column":8},"end":{"line":510,"column":9}},{"start":{"line":504,"column":8},"end":{"line":510,"column":9}}],"line":504},"67":{"loc":{"start":{"line":515,"column":4},"end":{"line":515,"column":26}},"type":"if","locations":[{"start":{"line":515,"column":4},"end":{"line":515,"column":26}},{"start":{"line":515,"column":4},"end":{"line":515,"column":26}}],"line":515},"68":{"loc":{"start":{"line":538,"column":8},"end":{"line":554,"column":9}},"type":"if","locations":[{"start":{"line":538,"column":8},"end":{"line":554,"column":9}},{"start":{"line":538,"column":8},"end":{"line":554,"column":9}}],"line":538}},"s":{"0":1,"1":1,"2":1,"3":1,"4":1,"5":1,"6":1,"7":1,"8":1,"9":1,"10":1,"11":0,"12":1,"13":1,"14":0,"15":0,"16":0,"17":0,"18":0,"19":0,"20":0,"21":0,"22":0,"23":0,"24":0,"25":0,"26":0,"27":0,"28":0,"29":0,"30":0,"31":0,"32":0,"33":0,"34":1,"35":0,"36":0,"37":0,"38":0,"39":0,"40":0,"41":1,"42":1,"43":0,"44":1,"45":1,"46":0,"47":0,"48":0,"49":0,"50":0,"51":0,"52":0,"53":0,"54":0,"55":0,"56":0,"57":0,"58":0,"59":0,"60":0,"61":0,"62":0,"63":0,"64":0,"65":0,"66":0,"67":0,"68":0,"69":0,"70":0,"71":1,"72":0,"73":1,"74":0,"75":0,"76":0,"77":0,"78":0,"79":0,"80":0,"81":0,"82":0,"83":0,"84":0,"85":0,"86":0,"87":0,"88":0,"89":0,"90":0,"91":0,"92":0,"93":0,"94":0,"95":0,"96":0,"97":0,"98":0,"99":1,"100":0,"101":0,"102":0,"103":0,"104":0,"105":0,"106":0,"107":0,"108":0,"109":0,"110":0,"111":0,"112":0,"113":0,"114":0,"115":0,"116":0,"117":1,"118":0,"119":0,"120":0,"121":0,"122":0,"123":0,"124":1,"125":0,"126":0,"127":0,"128":0,"129":0,"130":0,"131":0,"132":0,"133":0,"134":0,"135":0,"136":0,"137":0,"138":0,"139":0,"140":0,"141":1,"142":0,"143":0,"144":0,"145":0,"146":0,"147":0,"148":0,"149":0,"150":0,"151":0,"152":0,"153":0,"154":0,"155":0,"156":0,"157":1,"158":0,"159":0,"160":0,"161":0,"162":0,"163":0,"164":0,"165":0,"166":0,"167":0,"168":0,"169":0,"170":0,"171":0,"172":0,"173":0,"174":0,"175":0,"176":0,"177":0,"178":0,"179":0,"180":1,"181":0,"182":0,"183":0,"184":0,"185":0,"186":0,"187":0,"188":0,"189":0,"190":0,"191":0,"192":0,"193":0,"194":0,"195":0,"196":0,"197":0,"198":0,"199":0,"200":0,"201":0,"202":0,"203":0,"204":0,"205":0,"206":0,"207":0,"208":0,"209":1,"210":0,"211":0,"212":0,"213":0,"214":0,"215":0,"216":0,"217":0,"218":0,"219":0,"220":0,"221":0,"222":0,"223":0,"224":0,"225":0,"226":0,"227":0,"228":0,"229":0,"230":0,"231":0,"232":0,"233":0,"234":0,"235":0,"236":0,"237":0,"238":0,"239":0,"240":0,"241":0,"242":0,"243":0,"244":0,"245":0,"246":0,"247":0,"248":0,"249":0,"250":0,"251":0,"252":0,"253":1,"254":0,"255":0,"256":0,"257":1,"258":0,"259":0,"260":0,"261":0,"262":0,"263":0,"264":0,"265":0,"266":0,"267":0,"268":0,"269":0,"270":0,"271":0,"272":0,"273":0,"274":0,"275":0,"276":0,"277":0,"278":0,"279":0,"280":0,"281":0,"282":0,"283":0,"284":0,"285":0,"286":0,"287":0,"288":0,"289":0,"290":0,"291":0,"292":0},"f":{"0":1,"1":0,"2":0,"3":0,"4":0,"5":0,"6":1,"7":0,"8":0,"9":0,"10":0,"11":0,"12":0,"13":0,"14":0,"15":0,"16":0,"17":0,"18":0,"19":0,"20":0,"21":0,"22":0,"23":0,"24":0,"25":0,"26":0,"27":0,"28":0,"29":0,"30":0,"31":0,"32":0,"33":0,"34":0,"35":0,"36":0,"37":0,"38":0,"39":0,"40":0,"41":0,"42":0,"43":0,"44":0,"45":0,"46":0,"47":0,"48":0,"49":0,"50":0,"51":0,"52":0,"53":0,"54":0,"55":0,"56":0,"57":0,"58":0,"59":0},"b":{"0":[0,1],"1":[0,0],"2":[0,0],"3":[0,0],"4":[0,0],"5":[0,0],"6":[0,0],"7":[0,0],"8":[0,0],"9":[0,1],"10":[0,0],"11":[0,0],"12":[0,0],"13":[0,0],"14":[0,0],"15":[0,0],"16":[0,0],"17":[0,0],"18":[0,0],"19":[0,0],"20":[0,0],"21":[0,0],"22":[0,0],"23":[0,0],"24":[0,0],"25":[0,0],"26":[0,0],"27":[0,0],"28":[0,0],"29":[0,0],"30":[0,0],"31":[0,0],"32":[0,0],"33":[0,0],"34":[0,0],"35":[0,0],"36":[0,0],"37":[0,0],"38":[0,0],"39":[0,0],"40":[0,0],"41":[0,0],"42":[0,0],"43":[0,0],"44":[0,0],"45":[0,0],"46":[0,0],"47":[0,0],"48":[0,0],"49":[0,0],"50":[0,0],"51":[0,0],"52":[0,0],"53":[0,0],"54":[0,0],"55":[0,0],"56":[0,0],"57":[0,0],"58":[0,0],"59":[0,0],"60":[0,0],"61":[0,0],"62":[0,0],"63":[0,0],"64":[0,0],"65":[0,0],"66":[0,0],"67":[0,0],"68":[0,0]},"_coverageSchema":"1a1c01bbd47fc00a2c39e90264f33305004495a9","hash":"8171b778df2f4de08373e34e16159dfcfacfc634","contentHash":"27d02406d43195835a3406d6df8489dfd6f31289697c06feb7bd66f93c8c234e"},"E:\\Work Work\\Ki 9\\capstone-back-end\\models\\User.js":{"path":"E:\\Work Work\\Ki 9\\capstone-back-end\\models\\User.js","statementMap":{"0":{"start":{"line":1,"column":15},"end":{"line":1,"column":32}},"1":{"start":{"line":2,"column":15},"end":{"line":2,"column":32}},"2":{"start":{"line":3,"column":17},"end":{"line":3,"column":36}},"3":{"start":{"line":5,"column":19},"end":{"line":31,"column":24}},"4":{"start":{"line":36,"column":0},"end":{"line":47,"column":3}},"5":{"start":{"line":37,"column":15},"end":{"line":37,"column":19}},"6":{"start":{"line":38,"column":2},"end":{"line":38,"column":54}},"7":{"start":{"line":38,"column":38},"end":{"line":38,"column":52}},"8":{"start":{"line":39,"column":2},"end":{"line":46,"column":5}},"9":{"start":{"line":40,"column":4},"end":{"line":40,"column":34}},"10":{"start":{"line":40,"column":15},"end":{"line":40,"column":32}},"11":{"start":{"line":41,"column":4},"end":{"line":45,"column":7}},"12":{"start":{"line":42,"column":6},"end":{"line":42,"column":36}},"13":{"start":{"line":42,"column":17},"end":{"line":42,"column":34}},"14":{"start":{"line":43,"column":6},"end":{"line":43,"column":27}},"15":{"start":{"line":44,"column":6},"end":{"line":44,"column":13}},"16":{"start":{"line":52,"column":0},"end":{"line":56,"column":2}},"17":{"start":{"line":53,"column":2},"end":{"line":55,"column":5}},"18":{"start":{"line":54,"column":4},"end":{"line":54,"column":21}},"19":{"start":{"line":61,"column":0},"end":{"line":70,"column":2}},"20":{"start":{"line":62,"column":2},"end":{"line":64,"column":3}},"21":{"start":{"line":63,"column":4},"end":{"line":63,"column":15}},"22":{"start":{"line":65,"column":2},"end":{"line":67,"column":3}},"23":{"start":{"line":66,"column":4},"end":{"line":66,"column":60}},"24":{"start":{"line":68,"column":14},"end":{"line":68,"column":71}},"25":{"start":{"line":69,"column":2},"end":{"line":69,"column":64}},"26":{"start":{"line":72,"column":13},"end":{"line":72,"column":47}},"27":{"start":{"line":74,"column":0},"end":{"line":74,"column":22}}},"fnMap":{"0":{"name":"save","decl":{"start":{"line":36,"column":32},"end":{"line":36,"column":36}},"loc":{"start":{"line":36,"column":43},"end":{"line":47,"column":1}},"line":36},"1":{"name":"(anonymous_1)","decl":{"start":{"line":39,"column":21},"end":{"line":39,"column":22}},"loc":{"start":{"line":39,"column":36},"end":{"line":46,"column":3}},"line":39},"2":{"name":"(anonymous_2)","decl":{"start":{"line":41,"column":37},"end":{"line":41,"column":38}},"loc":{"start":{"line":41,"column":52},"end":{"line":45,"column":5}},"line":41},"3":{"name":"comparePassword","decl":{"start":{"line":52,"column":46},"end":{"line":52,"column":61}},"loc":{"start":{"line":52,"column":85},"end":{"line":56,"column":1}},"line":52},"4":{"name":"(anonymous_4)","decl":{"start":{"line":53,"column":51},"end":{"line":53,"column":52}},"loc":{"start":{"line":53,"column":69},"end":{"line":55,"column":3}},"line":53},"5":{"name":"gravatar","decl":{"start":{"line":61,"column":39},"end":{"line":61,"column":47}},"loc":{"start":{"line":61,"column":54},"end":{"line":70,"column":1}},"line":61}},"branchMap":{"0":{"loc":{"start":{"line":38,"column":2},"end":{"line":38,"column":54}},"type":"if","locations":[{"start":{"line":38,"column":2},"end":{"line":38,"column":54}},{"start":{"line":38,"column":2},"end":{"line":38,"column":54}}],"line":38},"1":{"loc":{"start":{"line":40,"column":4},"end":{"line":40,"column":34}},"type":"if","locations":[{"start":{"line":40,"column":4},"end":{"line":40,"column":34}},{"start":{"line":40,"column":4},"end":{"line":40,"column":34}}],"line":40},"2":{"loc":{"start":{"line":42,"column":6},"end":{"line":42,"column":36}},"type":"if","locations":[{"start":{"line":42,"column":6},"end":{"line":42,"column":36}},{"start":{"line":42,"column":6},"end":{"line":42,"column":36}}],"line":42},"3":{"loc":{"start":{"line":62,"column":2},"end":{"line":64,"column":3}},"type":"if","locations":[{"start":{"line":62,"column":2},"end":{"line":64,"column":3}},{"start":{"line":62,"column":2},"end":{"line":64,"column":3}}],"line":62},"4":{"loc":{"start":{"line":65,"column":2},"end":{"line":67,"column":3}},"type":"if","locations":[{"start":{"line":65,"column":2},"end":{"line":67,"column":3}},{"start":{"line":65,"column":2},"end":{"line":67,"column":3}}],"line":65}},"s":{"0":1,"1":1,"2":1,"3":1,"4":1,"5":0,"6":0,"7":0,"8":0,"9":0,"10":0,"11":0,"12":0,"13":0,"14":0,"15":0,"16":1,"17":1,"18":1,"19":1,"20":3,"21":2,"22":3,"23":2,"24":1,"25":1,"26":1,"27":1},"f":{"0":0,"1":0,"2":0,"3":1,"4":1,"5":3},"b":{"0":[0,0],"1":[0,0],"2":[0,0],"3":[2,1],"4":[2,1]},"_coverageSchema":"1a1c01bbd47fc00a2c39e90264f33305004495a9","hash":"08f324983c15c0f7c61b412fcce97f24b2d13fb8","contentHash":"b525c3d0e6a238b16ecde04fe82a7198b9aed7aa631621ac01dec86272c921b5"},"E:\\Work Work\\Ki 9\\capstone-back-end\\controllers\\api.js":{"path":"E:\\Work Work\\Ki 9\\capstone-back-end\\controllers\\api.js","statementMap":{"0":{"start":{"line":1,"column":22},"end":{"line":1,"column":37}},"1":{"start":{"line":2,"column":16},"end":{"line":2,"column":34}},"2":{"start":{"line":3,"column":14},"end":{"line":3,"column":32}},"3":{"start":{"line":4,"column":23},"end":{"line":4,"column":40}},"4":{"start":{"line":5,"column":15},"end":{"line":5,"column":35}},"5":{"start":{"line":14,"column":14},"end":{"line":14,"column":30}},"6":{"start":{"line":15,"column":19},"end":{"line":15,"column":40}},"7":{"start":{"line":16,"column":19},"end":{"line":16,"column":45}},"8":{"start":{"line":17,"column":18},"end":{"line":17,"column":38}},"9":{"start":{"line":19,"column":0},"end":{"line":19,"column":34}},"10":{"start":{"line":25,"column":0},"end":{"line":29,"column":2}},"11":{"start":{"line":26,"column":2},"end":{"line":28,"column":5}},"12":{"start":{"line":35,"column":0},"end":{"line":59,"column":2}},"13":{"start":{"line":36,"column":16},"end":{"line":36,"column":82}},"14":{"start":{"line":36,"column":54},"end":{"line":36,"column":81}},"15":{"start":{"line":40,"column":2},"end":{"line":58,"column":7}},"16":{"start":{"line":46,"column":6},"end":{"line":46,"column":55}},"17":{"start":{"line":47,"column":6},"end":{"line":47,"column":49}},"18":{"start":{"line":48,"column":6},"end":{"line":48,"column":51}},"19":{"start":{"line":49,"column":6},"end":{"line":54,"column":9}},"20":{"start":{"line":57,"column":6},"end":{"line":57,"column":18}},"21":{"start":{"line":65,"column":0},"end":{"line":81,"column":2}},"22":{"start":{"line":66,"column":16},"end":{"line":66,"column":72}},"23":{"start":{"line":66,"column":48},"end":{"line":66,"column":71}},"24":{"start":{"line":67,"column":17},"end":{"line":72,"column":4}},"25":{"start":{"line":73,"column":2},"end":{"line":80,"column":5}},"26":{"start":{"line":74,"column":4},"end":{"line":74,"column":34}},"27":{"start":{"line":74,"column":15},"end":{"line":74,"column":32}},"28":{"start":{"line":75,"column":4},"end":{"line":79,"column":7}},"29":{"start":{"line":87,"column":0},"end":{"line":97,"column":2}},"30":{"start":{"line":88,"column":16},"end":{"line":88,"column":74}},"31":{"start":{"line":88,"column":48},"end":{"line":88,"column":73}},"32":{"start":{"line":89,"column":2},"end":{"line":89,"column":42}},"33":{"start":{"line":90,"column":2},"end":{"line":96,"column":5}},"34":{"start":{"line":91,"column":4},"end":{"line":91,"column":34}},"35":{"start":{"line":91,"column":15},"end":{"line":91,"column":32}},"36":{"start":{"line":92,"column":4},"end":{"line":95,"column":7}},"37":{"start":{"line":103,"column":0},"end":{"line":117,"column":2}},"38":{"start":{"line":104,"column":2},"end":{"line":116,"column":35}},"39":{"start":{"line":106,"column":16},"end":{"line":106,"column":43}},"40":{"start":{"line":107,"column":20},"end":{"line":107,"column":22}},"41":{"start":{"line":108,"column":6},"end":{"line":110,"column":9}},"42":{"start":{"line":109,"column":8},"end":{"line":109,"column":31}},"43":{"start":{"line":111,"column":6},"end":{"line":114,"column":9}},"44":{"start":{"line":116,"column":22},"end":{"line":116,"column":33}},"45":{"start":{"line":123,"column":0},"end":{"line":134,"column":2}},"46":{"start":{"line":124,"column":17},"end":{"line":124,"column":29}},"47":{"start":{"line":125,"column":2},"end":{"line":133,"column":3}},"48":{"start":{"line":126,"column":27},"end":{"line":126,"column":96}},"49":{"start":{"line":127,"column":4},"end":{"line":130,"column":7}},"50":{"start":{"line":132,"column":4},"end":{"line":132,"column":16}},"51":{"start":{"line":136,"column":0},"end":{"line":148,"column":2}},"52":{"start":{"line":137,"column":16},"end":{"line":137,"column":76}},"53":{"start":{"line":137,"column":48},"end":{"line":137,"column":75}},"54":{"start":{"line":139,"column":14},"end":{"line":140,"column":96}},"55":{"start":{"line":142,"column":2},"end":{"line":147,"column":5}},"56":{"start":{"line":143,"column":4},"end":{"line":146,"column":7}},"57":{"start":{"line":154,"column":0},"end":{"line":168,"column":2}},"58":{"start":{"line":155,"column":17},"end":{"line":155,"column":36}},"59":{"start":{"line":156,"column":2},"end":{"line":167,"column":7}},"60":{"start":{"line":158,"column":20},"end":{"line":158,"column":41}},"61":{"start":{"line":159,"column":6},"end":{"line":162,"column":9}},"62":{"start":{"line":165,"column":22},"end":{"line":165,"column":61}},"63":{"start":{"line":166,"column":6},"end":{"line":166,"column":107}},"64":{"start":{"line":174,"column":0},"end":{"line":251,"column":2}},"65":{"start":{"line":175,"column":17},"end":{"line":178,"column":4}},"66":{"start":{"line":179,"column":24},"end":{"line":188,"column":6}},"67":{"start":{"line":180,"column":4},"end":{"line":188,"column":6}},"68":{"start":{"line":181,"column":6},"end":{"line":187,"column":9}},"69":{"start":{"line":189,"column":29},"end":{"line":200,"column":
[...]
1)","decl":{"start":{"line":20,"column":29},"end":{"line":20,"column":30}},"loc":{"start":{"line":20,"column":50},"end":{"line":23,"column":5}},"line":20}},"branchMap":{"0":{"loc":{"start":{"line":21,"column":8},"end":{"line":21,"column":27}},"type":"if","locations":[{"start":{"line":21,"column":8},"end":{"line":21,"column":27}},{"start":{"line":21,"column":8},"end":{"line":21,"column":27}}],"line":21}},"s":{"0":1,"1":1,"2":1,"3":1,"4":1,"5":1,"6":0,"7":0,"8":0,"9":0,"10":0,"11":0},"f":{"0":0,"1":0},"b":{"0":[0,0]},"_coverageSchema":"1a1c01bbd47fc00a2c39e90264f33305004495a9","hash":"720b8d8be0e3efb2fb6f617ee175a030564fc8c2","contentHash":"f0d8c15040661ce4d01f17c347224fb7c9646a1319f9d6a65a33b859a3e50b2e"},"E:\\Work Work\\Ki 9\\capstone-back-end\\models\\Admin.js":{"path":"E:\\Work Work\\Ki 9\\capstone-back-end\\models\\Admin.js","statementMap":{"0":{"start":{"line":1,"column":17},"end":{"line":1,"column":36}},"1":{"start":{"line":2,"column":15},"end":{"line":2,"column":30}},"2":{"start":{"line":4,"column":14},"end":{"line":7,"column":2}}},"fnMap":{},"branchMap":{},"s":{"0":1,"1":1,"2":1},"f":{},"b":{},"_coverageSchema":"1a1c01bbd47fc00a2c39e90264f33305004495a9","hash":"5030ff6d5e5a9f37cad85b71d97338c199b66808","contentHash":"7d9863ab64cf01d360c5a464e00f7cde87356d94fcadc796586ad1ec2706e4c7"},"E:\\Work Work\\Ki 9\\capstone-back-end\\config\\passport.js":{"path":"E:\\Work Work\\Ki 9\\capstone-back-end\\config\\passport.js","statementMap":{"0":{"start":{"line":1,"column":17},"end":{"line":1,"column":36}},"1":{"start":{"line":2,"column":16},"end":{"line":2,"column":50}},"2":{"start":{"line":3,"column":14},"end":{"line":3,"column":30}},"3":{"start":{"line":4,"column":36},"end":{"line":4,"column":61}},"4":{"start":{"line":5,"column":43},"end":{"line":5,"column":75}},"5":{"start":{"line":6,"column":26},"end":{"line":6,"column":51}},"6":{"start":{"line":7,"column":27},"end":{"line":7,"column":52}},"7":{"start":{"line":8,"column":10},"end":{"line":8,"column":27}},"8":{"start":{"line":9,"column":15},"end":{"line":9,"column":32}},"9":{"start":{"line":11,"column":13},"end":{"line":11,"column":38}},"10":{"start":{"line":13,"column":0},"end":{"line":15,"column":3}},"11":{"start":{"line":14,"column":2},"end":{"line":14,"column":22}},"12":{"start":{"line":17,"column":0},"end":{"line":21,"column":3}},"13":{"start":{"line":18,"column":2},"end":{"line":20,"column":5}},"14":{"start":{"line":19,"column":4},"end":{"line":19,"column":20}},"15":{"start":{"line":26,"column":0},"end":{"line":43,"column":4}},"16":{"start":{"line":27,"column":2},"end":{"line":42,"column":5}},"17":{"start":{"line":28,"column":4},"end":{"line":28,"column":34}},"18":{"start":{"line":28,"column":15},"end":{"line":28,"column":32}},"19":{"start":{"line":29,"column":4},"end":{"line":31,"column":5}},"20":{"start":{"line":30,"column":6},"end":{"line":30,"column":69}},"21":{"start":{"line":32,"column":4},"end":{"line":34,"column":5}},"22":{"start":{"line":33,"column":6},"end":{"line":33,"column":198}},"23":{"start":{"line":35,"column":4},"end":{"line":41,"column":7}},"24":{"start":{"line":36,"column":6},"end":{"line":36,"column":36}},"25":{"start":{"line":36,"column":17},"end":{"line":36,"column":34}},"26":{"start":{"line":37,"column":6},"end":{"line":39,"column":7}},"27":{"start":{"line":38,"column":8},"end":{"line":38,"column":32}},"28":{"start":{"line":40,"column":6},"end":{"line":40,"column":70}},"29":{"start":{"line":63,"column":29},"end":{"line":126,"column":2}},"30":{"start":{"line":69,"column":2},"end":{"line":125,"column":3}},"31":{"start":{"line":70,"column":4},"end":{"line":94,"column":7}},"32":{"start":{"line":71,"column":6},"end":{"line":71,"column":36}},"33":{"start":{"line":71,"column":17},"end":{"line":71,"column":34}},"34":{"start":{"line":72,"column":6},"end":{"line":93,"column":7}},"35":{"start":{"line":73,"column":8},"end":{"line":73,"column":175}},"36":{"start":{"line":74,"column":8},"end":{"line":74,"column":18}},"37":{"start":{"line":76,"column":8},"end":{"line":92,"column":11}},"38":{"start":{"line":77,"column":10},"end":{"line":77,"column":40}},"39":{"start":{"line":77,"column":21},"end":{"line":77,"column":38}},"40":{"start":{"line":78,"column":10},"end":{"line":78,"column":35}},"41":{"start":{"line":79,"column":10},"end":{"line":84,"column":13}},"42":{"start":{"line":85,"column":10},"end":{"line":85,"column":71}},"43":{"start":{"line":86,"column":10},"end":{"line":86,"column":76}},"44":{"start":{"line":87,"column":10},"end":{"line":87,"column":79}},"45":{"start":{"line":88,"column":10},"end":{"line":91,"column":13}},"46":{"start":{"line":89,"column":12},"end":{"line":89,"column":74}},"47":{"start":{"line":90,"column":12},"end":{"line":90,"column":28}},"48":{"start":{"line":96,"column":4},"end":{"line":124,"column":7}},"49":{"start":{"line":97,"column":6},"end":{"line":97,"column":36}},"50":{"start":{"line":97,"column":17},"end":{"line":97,"column":34}},"51":{"start":{"line":98,"column":6},"end":{"line":100,"column":7}},"52":{"start":{"line":99,"column":8},"end":{"line":99,"column":40}},"53":{"start":{"line":101,"column":6},"end":{"line":123,"column":9}},"54":{"start":{"line":102,"column":8},"end":{"line":102,"column":38}},"55":{"start":{"line":102,"column":19},"end":{"line":102,"column":36}},"56":{"start":{"line":103,"column":8},"end":{"line":122,"column":9}},"57":{"start":{"line":104,"column":10},"end":{"line":104,"column":176}},"58":{"start":{"line":105,"column":10},"end":{"line":105,"column":20}},"59":{"start":{"line":107,"column":23},"end":{"line":107,"column":33}},"60":{"start":{"line":108,"column":10},"end":{"line":108,"column":47}},"61":{"start":{"line":109,"column":10},"end":{"line":109,"column":35}},"62":{"start":{"line":110,"column":10},"end":{"line":115,"column":13}},"63":{"start":{"line":116,"column":10},"end":{"line":116,"column":50}},"64":{"start":{"line":117,"column":10},"end":{"line":117,"column":53}},"65":{"start":{"line":118,"column":10},"end":{"line":118,"column":55}},"66":{"start":{"line":119,"column":10},"end":{"line":121,"column":13}},"67":{"start":{"line":120,"column":12},"end":{"line":120,"column":28}},"68":{"start":{"line":127,"column":0},"end":{"line":127,"column":45}},"69":{"start":{"line":128,"column":0},"end":{"line":128,"column":44}},"70":{"start":{"line":134,"column":0},"end":{"line":139,"column":2}},"71":{"start":{"line":135,"column":2},"end":{"line":137,"column":3}},"72":{"start":{"line":136,"column":4},"end":{"line":136,"column":18}},"73":{"start":{"line":138,"column":2},"end":{"line":138,"column":25}},"74":{"start":{"line":144,"column":0},"end":{"line":188,"column":2}},"75":{"start":{"line":145,"column":19},"end":{"line":145,"column":41}},"76":{"start":{"line":146,"column":16},"end":{"line":146,"column":72}},"77":{"start":{"line":146,"column":48},"end":{"line":146,"column":71}},"78":{"start":{"line":147,"column":2},"end":{"line":187,"column":3}},"79":{"start":{"line":155,"column":4},"end":{"line":184,"column":5}},"80":{"start":{"line":156,"column":6},"end":{"line":181,"column":7}},"81":{"start":{"line":157,"column":8},"end":{"line":178,"column":9}},"82":{"start":{"line":158,"column":10},"end":{"line":158,"column":44}},"83":{"start":{"line":160,"column":10},"end":{"line":177,"column":13}},"84":{"start":{"line":161,"column":12},"end":{"line":176,"column":15}},"85":{"start":{"line":162,"column":14},"end":{"line":169,"column":17}},"86":{"start":{"line":163,"column":16},"end":{"line":167,"column":17}},"87":{"start":{"line":164,"column":18},"end":{"line":164,"column":56}},"88":{"start":{"line":165,"column":18},"end":{"line":165,"column":126}},"89":{"start":{"line":165,"column":41},"end":{"line":165,"column":126}},"90":{"start":{"line":166,"column":18},"end":{"line":166,"column":30}},"91":{"start":{"line":168,"column":16},"end":{"line":168,"column":29}},"92":{"start":{"line":170,"column":14},"end":{"line":170,"column":30}},"93":{"start":{"line":171,"column":14},"end":{"line":171,"column":42}},"94":{"start":{"line":172,"column":14},"end":{"line":175,"column":17}},"95":{"start":{"line":173,"column":16},"end":{"line":173,"column":42}},"96":{"start":{"line":173,"column":25},"end":{"line":173,"column":42}},"97":{"start":{"line":174,"column":16},"end":{"line":174,"column":23}},"98":{"start":{"line":180,"column":8},"end":{"line":180,"column":42}},"99":{"start":{"line":183,"column":6},"end":{"line":183,"column":13}},"100":{"start":{"line":186,"column":4},"end":{"line":186,"column":38}}},"fnMap":{"0":{"name":"(anonymous_0)","decl":{"start":{"line":13,"column":23},"end":{"line":13,"column":24}},"loc":{"start":{"line":13,"column":39},"end":{"line":15,"column":1}},"line":13},"1":{"name":"(anonymous_1)","decl":{"start":{"line":17,"column":25},"end":{"line":17,"column":26}},"loc":{"start":{"line":17,"column":39},"end":{"line":21,"column":1}},"line":17},"2":{"name":"(anonymous_2)","decl":{"start":{"line":18,"column":20},"end":{"line":18,"column":21}},"loc":{"start":{"line":18,"column":35},"end":{"line":20,"column":3}},"line":18},"3":{"name":"(anonymous_3)","decl":{"start":{"line":26,"column":59},"end":{"line":26,"column":60}},"loc":{"start":{"line":26,"column":86},"end":{"line":43,"column":1}},"line":26},"4":{"name":"(anonymous_4)","decl":{"start":{"line":27,"column":47},"end":{"line":27,"column":48}},"loc":{"start":{"line":27,"column":62},"end":{"line":42,"column":3}},"line":27},"5":{"name":"(anonymous_5)","decl":{"start":{"line":35,"column":35},"end":{"line":35,"column":36}},"loc":{"start":{"line":35,"column":53},"end":{"line":41,"column":5}},"line":35},"6":{"name":"(anonymous_6)","decl":{"start":{"line":68,"column":3},"end":{"line":68,"column":4}},"loc":{"start":{"line":68,"column":62},"end":{"line":126,"column":1}},"line":68},"7":{"name":"(anonymous_7)","decl":{"start":{"line":70,"column":41},"end":{"line":70,"column":42}},"loc":{"start":{"line":70,"column":64},"end":{"line":94,"column":5}},"line":70},"8":{"name":"(anonymous_8)","decl":{"start":{"line":76,"column":35},"end":{"line":76,"column":36}},"loc":{"start":{"line":76,"column":50},"end":{"line":92,"column":9}},"line":76},"9":{"name":"(anonymous_9)","decl":{"start":{"line":88,"column":20},"end":{"line":88,"column":21}},"loc":{"start":{"line":88,"column":29},"end":{"line":91,"column":11}},"line":88},"10":{"name":"(anonymous_10)","decl":{"start":{"line":96,"column":41},"end":{"line":96,"column":42}},"loc":{"start":{"line":96,"column":64},"end":{"line":124,"column":5}},"line":96},"11":{"name":"(anonymous_11)","decl":{"start":{"line":101,"column":55},"end":{"line":101,"column":56}},"loc":{"start":{"line":101,"column":83},"end":{"line":123,"column":7}},"line":101},"12":{"name":"(anonymous_12)","decl":{"start":{"line":119,"column":20},"end":{"line":119,"column":21}},"loc":{"start":{"line":119,"column":29},"end":{"line":121,"column":11}},"line":119},"13":{"name":"(anonymous_13)","decl":{"start":{"line":134,"column":26},"end":{"line":134,"column":27}},"loc":{"start":{"line":134,"column":46},"end":{"line":139,"column":1}},"line":134},"14":{"name":"(anonymous_14)","decl":{"start":{"line":144,"column":23},"end":{"line":144,"column":24}},"loc":{"start":{"line":144,"column":43},"end":{"line":188,"column":1}},"line":144},"15":{"name":"(anonymous_15)","decl":{"start":{"line":146,"column":37},"end":{"line":146,"column":38}},"loc":{"start":{"line":146,"column":48},"end":{"line":146,"column":71}},"line":146},"16":{"name":"(anonymous_16)","decl":{"start":{"line":160,"column":75},"end":{"line":160,"column":76}},"loc":{"start":{"line":160,"column":119},"end":{"line":177,"column":11}},"line":160},"17":{"name":"(anonymous_17)","decl":{"start":{"line":161,"column":39},"end":{"line":161,"column":40}},"loc":{"start":{"line":161,"column":54},"end":{"line":176,"column":13}},"line":161},"18":{"name":"(anonymous_18)","decl":{"start":{"line":162,"column":31},"end":{"line":162,"column":32}},"loc":{"start":{"line":162,"column":48},"end":{"line":169,"column":15}},"line":162},"19":{"name":"(anonymous_19)","decl":{"start":{"line":172,"column":24},"end":{"line":172,"column":25}},"loc":{"start":{"line":172,"column":33},"end":{"line":175,"column":15}},"line":172}},"branchMap":{"0":{"loc":{"start":{"line":28,"column":4},"end":{"line":28,"column":34}},"type":"if","locations":[{"start":{"line":28,"column":4},"end":{"line":28,"column":34}},{"start":{"line":28,"column":4},"end":{"line":28,"column":34}}],"line":28},"1":{"loc":{"start":{"line":29,"column":4},"end":{"line":31,"column":5}},"type":"if","locations":[{"start":{"line":29,"column":4},"end":{"line":31,"column":5}},{"start":{"line":29,"column":4},"end":{"line":31,"column":5}}],"line":29},"2":{"loc":{"start":{"line":32,"column":4},"end":{"line":34,"column":5}},"type":"if","locations":[{"start":{"line":32,"column":4},"end":{"line":34,"column":5}},{"start":{"line":32,"column":4},"end":{"line":34,"column":5}}],"line":32},"3":{"loc":{"start":{"line":36,"column":6},"end":{"line":36,"column":36}},"type":"if","locations":[{"start":{"line":36,"column":6},"end":{"line":36,"column":36}},{"start":{"line":36,"column":6},"end":{"line":36,"column":36}}],"line":36},"4":{"loc":{"start":{"line":37,"column":6},"end":{"line":39,"column":7}},"type":"if","locations":[{"start":{"line":37,"column":6},"end":{"line":39,"column":7}},{"start":{"line":37,"column":6},"end":{"line":39,"column":7}}],"line":37},"5":{"loc":{"start":{"line":69,"column":2},"end":{"line":125,"column":3}},"type":"if","locations":[{"start":{"line":69,"column":2},"end":{"line":125,"column":3}},{"start":{"line":69,"column":2},"end":{"line":125,"column":3}}],"line":69},"6":{"loc":{"start":{"line":71,"column":6},"end":{"line":71,"column":36}},"type":"if","locations":[{"start":{"line":71,"column":6},"end":{"line":71,"column":36}},{"start":{"line":71,"column":6},"end":{"line":71,"column":36}}],"line":71},"7":{"loc":{"start":{"line":72,"column":6},"end":{"line":93,"column":7}},"type":"if","locations":[{"start":{"line":72,"column":6},"end":{"line":93,"column":7}},{"start":{"line":72,"column":6},"end":{"line":93,"column":7}}],"line":72},"8":{"loc":{"start":{"line":72,"column":10},"end":{"line":72,"column":59}},"type":"binary-expr","locations":[{"start":{"line":72,"column":10},"end":{"line":72,"column":22}},{"start":{"line":72,"column":27},"end":{"line":72,"column":58}}],"line":72},"9":{"loc":{"start":{"line":77,"column":10},"end":{"line":77,"column":40}},"type":"if","locations":[{"start":{"line":77,"column":10},"end":{"line":77,"column":40}},{"start":{"line":77,"column":10},"end":{"line":77,"column":40}}],"line":77},"10":{"loc":{"start":{"line":85,"column":30},"end":{"line":85,"column":70}},"type":"binary-expr","locations":[{"start":{"line":85,"column":30},"end":{"line":85,"column":47}},{"start":{"line":85,"column":51},"end":{"line":85,"column":70}}],"line":85},"11":{"loc":{"start":{"line":86,"column":32},"end":{"line":86,"column":75}},"type":"binary-expr","locations":[{"start":{"line":86,"column":32},"end":{"line":86,"column":51}},{"start":{"line":86,"column":55},"end":{"line":86,"column":75}}],"line":86},"12":{"loc":{"start":{"line":87,"column":33},"end":{"line":87,"column":78}},"type":"binary-expr","locations":[{"start":{"line":87,"column":33},"end":{"line":87,"column":53}},{"start":{"line":87,"column":57},"end":{"line":87,"column":78}}],"line":87},"13":{"loc":{"start":{"line":97,"column":6},"end":{"line":97,"column":36}},"type":"if","locations":[{"start":{"line":97,"column":6},"end":{"line":97,"column":36}},{"start":{"line":97,"column":6},"end":{"line":97,"column":36}}],"line":97},"14":{"loc":{"start":{"line":98,"column":6},"end":{"line":100,"column":7}},"type":"if","locations":[{"start":{"line":98,"column":6},"end":{"line":100,"column":7}},{"start":{"line":98,"column":6},"end":{"line":100,"column":7}}],"line":98},"15":{"loc":{"start":{"line":102,"column":8},"end":{"line":102,"column":38}},"type":"if","locations":[{"start":{"line":102,"column":8},"end":{"line":102,"column":38}},{"start":{"line":102,"column":8},"end":{"line":102,"column":38}}],"line":102},"16":{"loc":{"start":{"line":103,"column":8},"end":{"line":122,"column":9}},"type":"if","locations":[{"start":{"line":103,"column":8},"end":{"line":122,"column":9}},{"start":{"line":103,"column":8},"end":{"line":122,"column":9}}],"line":103},"17":{"loc":{"start":{"line":135,"column":2},"end":{"line":137,"column":3}},"type":"if","locations":[{"start":{"line":135,"column":2},"end":{"line":137,"column":3}},{"start":{"line":135,"column":2},"end":{"line":137,"column":3}}],"line":135},"18":{"loc":{"start":{"line":147,"column":2},"end":{"line":187,"column":3}},"type":"if","locations":[{"start":{"line":147,"column":2},"end":{"line":187,"column":3}},{"start":{"line":147,"column":2},"end":{"line":187,"column":3}}],"line":147},"19":{"loc":{"start":{"line":155,"column":4},"end":{"line":184,"column":5}},"type":"if","locations":[{"start":{"line":155,"column":4},"end":{"line":184,"column":5}},{"start":{"line":155,"column":4},"end":{"line":184,"column":5}}],"line":155},"20":{"loc":{"start":{"line":155,"column":8},"end":{"line":155,"column":110}},"type":"binary-expr","locations":[{"start":{"line":155,"column":8},"end":{"line":155,"column":32}},{"start":{"line":155,"column":36},"end":{"line":155,"column":110}}],"line":155},"21":{"loc":{"start":{"line":156,"column":6},"end":{"line":181,"column":7}},"type":"if","locations":[{"start":{"line":156,"column":6},"end":{"line":181,"column":7}},{"start":{"line":156,"column":6},"end":{"line":181,"column":7}}],"line":156},"22":{"loc":{"start":{"line":157,"column":8},"end":{"line":178,"column":9}},"type":"if","locations":[{"start":{"line":157,"column":8},"end":{"line":178,"column":9}},{"start":{"line":157,"column":8},"end":{"line":178,"column":9}}],"line":157},"23":{"loc":{"start":{"line":157,"column":12},"end":{"line":157,"column":116}},"type":"binary-expr","locations":[{"start":{"line":157,"column":12},"end":{"line":157,"column":37}},{"start":{"line":157,"column":41},"end":{"line":157,"column":116}}],"line":157},"24":{"loc":{"start":{"line":163,"column":16},"end":{"line":167,"column":17}},"type":"if","locations":[{"start":{"line":163,"column":16},"end":{"line":167,"column":17}},{"start":{"line":163,"column":16},"end":{"line":167,"column":17}}],"line":163},"25":{"loc":{"start":{"line":165,"column":18},"end":{"line":165,"column":126}},"type":"if","locations":[{"start":{"line":165,"column":18},"end":{"line":165,"column":126}},{"start":{"line":165,"column":18},"end":{"line":165,"column":126}}],"line":165},"26":{"loc":{"start":{"line":173,"column":16},"end":{"line":173,"column":42}},"type":"if","locations":[{"start":{"line":173,"column":16},"end":{"line":173,"column":42}},{"start":{"line":173,"column":16},"end":{"line":173,"column":42}}],"line":173}},"s":{"0":1,"1":1,"2":1,"3":1,"4":1,"5":1,"6":1,"7":1,"8":1,"9":1,"10":1,"11":0,"12":1,"13":0,"14":0,"15":1,"16":0,"17":0,"18":0,"19":0,"20":0,"21":0,"22":0,"23":0,"24":0,"25":0,"26":0,"27":0,"28":0,"29":1,"30":0,"31":0,"32":0,"33":0,"34":0,"35":0,"36":0,"37":0,"38":0,"39":0,"40":0,"41":0,"42":0,"43":0,"44":0,"45":0,"46":0,"47":0,"48":0,"49":0,"50":0,"51":0,"52":0,"53":0,"54":0,"55":0,"56":0,"57":0,"58":0,"59":0,"60":0,"61":0,"62":0,"63":0,"64":0,"65":0,"66":0,"67":0,"68":1,"69":1,"70":1,"71":0,"72":0,"73":0,"74":1,"75":0,"76":0,"77":0,"78":0,"79":0,"80":0,"81":0,"82":0,"83":0,"84":0,"85":0,"86":0,"87":0,"88":0,"89":0,"90":0,"91":0,"92":0,"93":0,"94":0,"95":0,"96":0,"97":0,"98":0,"99":0,"100":0},"f":{"0":0,"1":0,"2":0,"3":0,"4":0,"5":0,"6":0,"7":0,"8":0,"9":0,"10":0,"11":0,"12":0,"13":0,"14":0,"15":0,"16":0,"17":0,"18":0,"19":0},"b":{"0":[0,0],"1":[0,0],"2":[0,0],"3":[0,0],"4":[0,0],"5":[0,0],"6":[0,0],"7":[0,0],"8":[0,0],"9":[0,0],"10":[0,0],"11":[0,0],"12":[0,0],"13":[0,0],"14":[0,0],"15":[0,0],"16":[0,0],"17":[0,0],"18":[0,0],"19":[0,0],"20":[0,0],"21":[0,0],"22":[0,0],"23":[0,0],"24":[0,0],"25":[0,0],"26":[0,0]},"_coverageSchema":"1a1c01bbd47fc00a2c39e90264f33305004495a9","hash":"78abdc14e70ba08a9e1045ac08d42f1d25481451","contentHash":"c6ba97336719a8c3e6bdbc37427074d94f1fdb14e4ecf041f531a127474c28bb"}}